info: Microsoft.AspNetCore.DataProtection.KeyManagement.XmlKeyManager[0]
      User profile is available. Using 'C:\Users\HP\AppData\Local\ASP.NET\DataProtection-Keys' as key repository and Windows DPAPI to encrypt keys at rest.
Hosting environment: Development
Content root path: D:\Xamarin\BBCWebAPI\BBCWebAPI
Now listening on: http://127.0.0.1:2028
Application started. Press Ctrl+C to shut down.
info: Microsoft.AspNetCore.Hosting.Internal.WebHost[1]
      Request starting HTTP/1.1 GET http://localhost:4000/  
info: Microsoft.AspNetCore.Hosting.Internal.WebHost[1]
      Request starting HTTP/1.1 DEBUG http://localhost:4000/  0
info: Microsoft.AspNetCore.Hosting.Internal.WebHost[2]
      Request finished in 133.3627ms 200 
warn: Microsoft.AspNetCore.HttpsPolicy.HttpsRedirectionMiddleware[3]
      Failed to determine the https port for redirect.
info: Microsoft.AspNetCore.Mvc.Internal.ControllerActionInvoker[1]
      Route matched with {action = "ShowLoginPage", controller = "Login"}. Executing action BBCWebAPI.Controllers.UI.LoginController.ShowLoginPage (BBCWebAPI)
info: Microsoft.AspNetCore.Mvc.Internal.ControllerActionInvoker[1]
      Executing action method BBCWebAPI.Controllers.UI.LoginController.ShowLoginPage (BBCWebAPI) - Validation state: Valid
info: Microsoft.AspNetCore.Mvc.Internal.ControllerActionInvoker[2]
      Executed action method BBCWebAPI.Controllers.UI.LoginController.ShowLoginPage (BBCWebAPI), returned result Microsoft.AspNetCore.Mvc.ViewResult in 1.404ms.
info: Microsoft.AspNetCore.Mvc.ViewFeatures.ViewResultExecutor[1]
      Executing ViewResult, running view Views/Pages/Login.cshtml.
info: Microsoft.AspNetCore.Mvc.ViewFeatures.ViewResultExecutor[4]
      Executed ViewResult - view Views/Pages/Login.cshtml executed in 251.9157ms.
info: Microsoft.AspNetCore.Mvc.Internal.ControllerActionInvoker[2]
      Executed action BBCWebAPI.Controllers.UI.LoginController.ShowLoginPage (BBCWebAPI) in 802.7868ms
info: Microsoft.AspNetCore.Hosting.Internal.WebHost[2]
      Request finished in 1851.5412ms 200 text/html; charset=utf-8
info: Microsoft.AspNetCore.Hosting.Internal.WebHost[1]
      Request starting HTTP/1.1 GET http://localhost:4000/login/vendor/animate/animate.css  
info: Microsoft.AspNetCore.Hosting.Internal.WebHost[1]
      Request starting HTTP/1.1 GET http://localhost:4000/login/vendor/css-hamburgers/hamburgers.min.css  
info: Microsoft.AspNetCore.Hosting.Internal.WebHost[1]
      Request starting HTTP/1.1 GET http://localhost:4000/login/vendor/bootstrap/css/bootstrap.min.css  
info: Microsoft.AspNetCore.Hosting.Internal.WebHost[1]
      Request starting HTTP/1.1 GET http://localhost:4000/login/fonts/font-awesome-4.7.0/css/font-awesome.min.css  
info: Microsoft.AspNetCore.Hosting.Internal.WebHost[1]
      Request starting HTTP/1.1 GET http://localhost:4000/login/fonts/iconic/css/material-design-iconic-font.min.css  
info: Microsoft.AspNetCore.StaticFiles.StaticFileMiddleware[2]
      Sending file. Request path: '/login/vendor/css-hamburgers/hamburgers.min.css'. Physical path: 'D:\Xamarin\BBCWebAPI\BBCWebAPI\wwwroot\login\vendor\css-hamburgers\hamburgers.min.css'
info: Microsoft.AspNetCore.Hosting.Internal.WebHost[2]
      Request finished in 122.5239ms 200 text/css
info: Microsoft.AspNetCore.Hosting.Internal.WebHost[1]
      Request starting HTTP/1.1 GET http://localhost:4000/login/vendor/animsition/css/animsition.min.css  
info: Microsoft.AspNetCore.StaticFiles.StaticFileMiddleware[2]
      Sending file. Request path: '/login/fonts/font-awesome-4.7.0/css/font-awesome.min.css'. Physical path: 'D:\Xamarin\BBCWebAPI\BBCWebAPI\wwwroot\login\fonts\font-awesome-4.7.0\css\font-awesome.min.css'
info: Microsoft.AspNetCore.StaticFiles.StaticFileMiddleware[2]
      Sending file. Request path: '/login/vendor/animate/animate.css'. Physical path: 'D:\Xamarin\BBCWebAPI\BBCWebAPI\wwwroot\login\vendor\animate\animate.css'
info: Microsoft.AspNetCore.Hosting.Internal.WebHost[2]
      Request finished in 147.1495ms 200 text/css
info: Microsoft.AspNetCore.Hosting.Internal.WebHost[2]
      Request finished in 193.4346ms 200 text/css
info: Microsoft.AspNetCore.StaticFiles.StaticFileMiddleware[2]
      Sending file. Request path: '/login/vendor/animsition/css/animsition.min.css'. Physical path: 'D:\Xamarin\BBCWebAPI\BBCWebAPI\wwwroot\login\vendor\animsition\css\animsition.min.css'
info: Microsoft.AspNetCore.StaticFiles.StaticFileMiddleware[2]
      Sending file. Request path: '/login/fonts/iconic/css/material-design-iconic-font.min.css'. Physical path: 'D:\Xamarin\BBCWebAPI\BBCWebAPI\wwwroot\login\fonts\iconic\css\material-design-iconic-font.min.css'
info: Microsoft.AspNetCore.StaticFiles.StaticFileMiddleware[2]
      Sending file. Request path: '/login/vendor/bootstrap/css/bootstrap.min.css'. Physical path: 'D:\Xamarin\BBCWebAPI\BBCWebAPI\wwwroot\login\vendor\bootstrap\css\bootstrap.min.css'
info: Microsoft.AspNetCore.Hosting.Internal.WebHost[1]
      Request starting HTTP/1.1 GET http://localhost:4000/login/css/util.css  
info: Microsoft.AspNetCore.Hosting.Internal.WebHost[2]
      Request finished in 217.2966ms 200 text/css
info: Microsoft.AspNetCore.Hosting.Internal.WebHost[2]
      Request finished in 300.9033ms 200 text/css
info: Microsoft.AspNetCore.Hosting.Internal.WebHost[1]
      Request starting HTTP/1.1 GET http://localhost:4000/login/vendor/select2/select2.min.css  
info: Microsoft.AspNetCore.Hosting.Internal.WebHost[1]
      Request starting HTTP/1.1 GET http://localhost:4000/login/vendor/jquery/jquery-3.2.1.min.js  
info: Microsoft.AspNetCore.Hosting.Internal.WebHost[1]
      Request starting HTTP/1.1 GET http://localhost:4000/login/css/main.css  
info: Microsoft.AspNetCore.Hosting.Internal.WebHost[2]
      Request finished in 436.2263ms 200 text/css
info: Microsoft.AspNetCore.Hosting.Internal.WebHost[1]
      Request starting HTTP/1.1 GET http://localhost:4000/login/vendor/daterangepicker/daterangepicker.css  
info: Microsoft.AspNetCore.StaticFiles.StaticFileMiddleware[2]
      Sending file. Request path: '/login/css/main.css'. Physical path: 'D:\Xamarin\BBCWebAPI\BBCWebAPI\wwwroot\login\css\main.css'
info: Microsoft.AspNetCore.Hosting.Internal.WebHost[2]
      Request finished in 113.4591ms 200 text/css
info: Microsoft.AspNetCore.StaticFiles.StaticFileMiddleware[2]
      Sending file. Request path: '/login/vendor/daterangepicker/daterangepicker.css'. Physical path: 'D:\Xamarin\BBCWebAPI\BBCWebAPI\wwwroot\login\vendor\daterangepicker\daterangepicker.css'
info: Microsoft.AspNetCore.StaticFiles.StaticFileMiddleware[2]
      Sending file. Request path: '/login/css/util.css'. Physical path: 'D:\Xamarin\BBCWebAPI\BBCWebAPI\wwwroot\login\css\util.css'
info: Microsoft.AspNetCore.Hosting.Internal.WebHost[1]
      Request starting HTTP/1.1 GET http://localhost:4000/login/vendor/animsition/js/animsition.min.js  
info: Microsoft.AspNetCore.Hosting.Internal.WebHost[2]
      Request finished in 85.8818ms 200 text/css
info: Microsoft.AspNetCore.StaticFiles.StaticFileMiddleware[2]
      Sending file. Request path: '/login/vendor/jquery/jquery-3.2.1.min.js'. Physical path: 'D:\Xamarin\BBCWebAPI\BBCWebAPI\wwwroot\login\vendor\jquery\jquery-3.2.1.min.js'
info: Microsoft.AspNetCore.Hosting.Internal.WebHost[1]
      Request starting HTTP/1.1 GET http://localhost:4000/login/vendor/bootstrap/js/popper.js  
info: Microsoft.AspNetCore.Hosting.Internal.WebHost[1]
      Request starting HTTP/1.1 GET http://localhost:4000/login/vendor/bootstrap/js/bootstrap.min.js  
info: Microsoft.AspNetCore.Hosting.Internal.WebHost[2]
      Request finished in 294.5762ms 200 application/javascript
info: Microsoft.AspNetCore.StaticFiles.StaticFileMiddleware[2]
      Sending file. Request path: '/login/vendor/select2/select2.min.css'. Physical path: 'D:\Xamarin\BBCWebAPI\BBCWebAPI\wwwroot\login\vendor\select2\select2.min.css'
info: Microsoft.AspNetCore.StaticFiles.StaticFileMiddleware[2]
      Sending file. Request path: '/login/vendor/animsition/js/animsition.min.js'. Physical path: 'D:\Xamarin\BBCWebAPI\BBCWebAPI\wwwroot\login\vendor\animsition\js\animsition.min.js'
info: Microsoft.AspNetCore.StaticFiles.StaticFileMiddleware[2]
      Sending file. Request path: '/login/vendor/bootstrap/js/popper.js'. Physical path: 'D:\Xamarin\BBCWebAPI\BBCWebAPI\wwwroot\login\vendor\bootstrap\js\popper.js'
info: Microsoft.AspNetCore.Hosting.Internal.WebHost[2]
      Request finished in 484.0628ms 200 text/css
info: Microsoft.AspNetCore.Hosting.Internal.WebHost[2]
      Request finished in 375.8113ms 200 application/javascript
info: Microsoft.AspNetCore.Hosting.Internal.WebHost[1]
      Request starting HTTP/1.1 GET http://localhost:4000/login/vendor/daterangepicker/moment.min.js  
info: Microsoft.AspNetCore.Hosting.Internal.WebHost[2]
      Request finished in 601.5422ms 200 application/javascript
info: Microsoft.AspNetCore.Hosting.Internal.WebHost[1]
      Request starting HTTP/1.1 GET http://localhost:4000/login/vendor/daterangepicker/daterangepicker.js  
info: Microsoft.AspNetCore.Hosting.Internal.WebHost[1]
      Request starting HTTP/1.1 GET http://localhost:4000/login/fonts/poppins/Poppins-Bold.ttf  
info: Microsoft.AspNetCore.Hosting.Internal.WebHost[1]
      Request starting HTTP/1.1 GET http://localhost:4000/login/vendor/countdowntime/countdowntime.js  
info: Microsoft.AspNetCore.StaticFiles.StaticFileMiddleware[2]
      Sending file. Request path: '/login/vendor/daterangepicker/moment.min.js'. Physical path: 'D:\Xamarin\BBCWebAPI\BBCWebAPI\wwwroot\login\vendor\daterangepicker\moment.min.js'
info: Microsoft.AspNetCore.StaticFiles.StaticFileMiddleware[2]
      Sending file. Request path: '/login/vendor/bootstrap/js/bootstrap.min.js'. Physical path: 'D:\Xamarin\BBCWebAPI\BBCWebAPI\wwwroot\login\vendor\bootstrap\js\bootstrap.min.js'
info: Microsoft.AspNetCore.Hosting.Internal.WebHost[2]
      Request finished in 870.2716ms 200 application/javascript
info: Microsoft.AspNetCore.Hosting.Internal.WebHost[2]
      Request finished in 410.4172ms 200 application/javascript
info: Microsoft.AspNetCore.Hosting.Internal.WebHost[1]
      Request starting HTTP/1.1 GET http://localhost:4000/login/fonts/poppins/Poppins-Medium.ttf  
info: Microsoft.AspNetCore.Hosting.Internal.WebHost[2]
      Request finished in 1251.8627ms 200 text/css
info: Microsoft.AspNetCore.StaticFiles.StaticFileMiddleware[2]
      Sending file. Request path: '/login/vendor/daterangepicker/daterangepicker.js'. Physical path: 'D:\Xamarin\BBCWebAPI\BBCWebAPI\wwwroot\login\vendor\daterangepicker\daterangepicker.js'
info: Microsoft.AspNetCore.Hosting.Internal.WebHost[2]
      Request finished in 448.1079ms 200 application/javascript
info: Microsoft.AspNetCore.Hosting.Internal.WebHost[1]
      Request starting HTTP/1.1 GET http://localhost:4000/login/fonts/poppins/Poppins-Regular.ttf  
info: Microsoft.AspNetCore.Hosting.Internal.WebHost[1]
      Request starting HTTP/1.1 GET http://localhost:4000/login/vendor/select2/select2.min.js  
info: Microsoft.AspNetCore.StaticFiles.StaticFileMiddleware[2]
      Sending file. Request path: '/login/fonts/poppins/Poppins-Bold.ttf'. Physical path: 'D:\Xamarin\BBCWebAPI\BBCWebAPI\wwwroot\login\fonts\poppins\Poppins-Bold.ttf'
info: Microsoft.AspNetCore.Hosting.Internal.WebHost[1]
      Request starting HTTP/1.1 GET http://localhost:4000/login/fonts/poppins/Poppins-SemiBold.ttf  
info: Microsoft.AspNetCore.Hosting.Internal.WebHost[2]
      Request finished in 452.6791ms 200 application/x-font-ttf
info: Microsoft.AspNetCore.StaticFiles.StaticFileMiddleware[2]
      Sending file. Request path: '/login/fonts/poppins/Poppins-Medium.ttf'. Physical path: 'D:\Xamarin\BBCWebAPI\BBCWebAPI\wwwroot\login\fonts\poppins\Poppins-Medium.ttf'
info: Microsoft.AspNetCore.StaticFiles.StaticFileMiddleware[2]
      Sending file. Request path: '/login/vendor/countdowntime/countdowntime.js'. Physical path: 'D:\Xamarin\BBCWebAPI\BBCWebAPI\wwwroot\login\vendor\countdowntime\countdowntime.js'
info: Microsoft.AspNetCore.Hosting.Internal.WebHost[1]
      Request starting HTTP/1.1 GET http://localhost:4000/login/images/logo.png  
info: Microsoft.AspNetCore.StaticFiles.StaticFileMiddleware[2]
      Sending file. Request path: '/login/fonts/poppins/Poppins-Regular.ttf'. Physical path: 'D:\Xamarin\BBCWebAPI\BBCWebAPI\wwwroot\login\fonts\poppins\Poppins-Regular.ttf'
info: Microsoft.AspNetCore.StaticFiles.StaticFileMiddleware[2]
      Sending file. Request path: '/login/vendor/select2/select2.min.js'. Physical path: 'D:\Xamarin\BBCWebAPI\BBCWebAPI\wwwroot\login\vendor\select2\select2.min.js'
info: Microsoft.AspNetCore.Hosting.Internal.WebHost[2]
      Request finished in 428.7498ms 200 application/x-font-ttf
info: Microsoft.AspNetCore.Hosting.Internal.WebHost[2]
      Request finished in 379.1214ms 200 application/x-font-ttf
info: Microsoft.AspNetCore.StaticFiles.StaticFileMiddleware[2]
      Sending file. Request path: '/login/fonts/poppins/Poppins-SemiBold.ttf'. Physical path: 'D:\Xamarin\BBCWebAPI\BBCWebAPI\wwwroot\login\fonts\poppins\Poppins-SemiBold.ttf'
info: Microsoft.AspNetCore.Hosting.Internal.WebHost[2]
      Request finished in 386.2851ms 200 application/javascript
info: Microsoft.AspNetCore.Hosting.Internal.WebHost[2]
      Request finished in 390.2775ms 200 application/x-font-ttf
info: Microsoft.AspNetCore.Hosting.Internal.WebHost[2]
      Request finished in 950.5222ms 200 application/javascript
info: Microsoft.AspNetCore.StaticFiles.StaticFileMiddleware[2]
      Sending file. Request path: '/login/images/logo.png'. Physical path: 'D:\Xamarin\BBCWebAPI\BBCWebAPI\wwwroot\login\images\logo.png'
info: Microsoft.AspNetCore.Hosting.Internal.WebHost[1]
      Request starting HTTP/1.1 GET http://localhost:4000/login/js/main.js  
info: Microsoft.AspNetCore.Hosting.Internal.WebHost[2]
      Request finished in 410.6652ms 200 image/png
info: Microsoft.AspNetCore.StaticFiles.StaticFileMiddleware[2]
      Sending file. Request path: '/login/js/main.js'. Physical path: 'D:\Xamarin\BBCWebAPI\BBCWebAPI\wwwroot\login\js\main.js'
info: Microsoft.AspNetCore.Hosting.Internal.WebHost[2]
      Request finished in 36.3736ms 200 application/javascript
info: Microsoft.AspNetCore.Hosting.Internal.WebHost[1]
      Request starting HTTP/1.1 POST http://localhost:4000/ActionLogin application/x-www-form-urlencoded 27
info: Microsoft.AspNetCore.Mvc.Internal.ControllerActionInvoker[1]
      Route matched with {action = "ActionLogin", controller = "Login"}. Executing action BBCWebAPI.Controllers.UI.LoginController.ActionLogin (BBCWebAPI)
info: Microsoft.AspNetCore.Mvc.Internal.ControllerActionInvoker[1]
      Executing action method BBCWebAPI.Controllers.UI.LoginController.ActionLogin (BBCWebAPI) with arguments (VanHung, 12345) - Validation state: Valid
info: Microsoft.AspNetCore.Mvc.Internal.ControllerActionInvoker[2]
      Executed action method BBCWebAPI.Controllers.UI.LoginController.ActionLogin (BBCWebAPI), returned result Microsoft.AspNetCore.Mvc.RedirectResult in 1.3929ms.
info: Microsoft.AspNetCore.Mvc.Infrastructure.RedirectResultExecutor[1]
      Executing RedirectResult, redirecting to /HomePage.
info: Microsoft.AspNetCore.Mvc.Internal.ControllerActionInvoker[2]
      Executed action BBCWebAPI.Controllers.UI.LoginController.ActionLogin (BBCWebAPI) in 76.8937ms
info: Microsoft.AspNetCore.Hosting.Internal.WebHost[2]
      Request finished in 119.2602ms 302 
info: Microsoft.AspNetCore.Hosting.Internal.WebHost[1]
      Request starting HTTP/1.1 GET http://localhost:4000/HomePage  
info: Microsoft.AspNetCore.Mvc.Internal.ControllerActionInvoker[1]
      Route matched with {action = "HomePage", controller = "Home"}. Executing action BBCWebAPI.Controllers.UI.HomeController.HomePage (BBCWebAPI)
info: Microsoft.AspNetCore.Mvc.Internal.ControllerActionInvoker[1]
      Executing action method BBCWebAPI.Controllers.UI.HomeController.HomePage (BBCWebAPI) with arguments (, ) - Validation state: Valid
info: Microsoft.EntityFrameworkCore.Infrastructure[10403]
      Entity Framework Core 2.1.4-rtm-31024 initialized 'DataContext' using provider 'Microsoft.EntityFrameworkCore.SqlServer' with options: None
info: Microsoft.EntityFrameworkCore.Database.Command[20101]
      Executed DbCommand (50ms) [Parameters=[], CommandType='Text', CommandTimeout='30']
      SELECT [t].[ID], [t].[Name]
      FROM [Topic] AS [t]
info: Microsoft.EntityFrameworkCore.Database.Command[20101]
      Executed DbCommand (4ms) [Parameters=[], CommandType='Text', CommandTimeout='30']
      SELECT [lesson].[ID], [lesson].[Actor], [lesson].[CreatedDate], [lesson].[FileURLDowload], [lesson].[FileURLOnline], [lesson].[IDTP], [lesson].[ImageURL], [lesson].[Name], [lesson].[Sumary], [lesson].[Transcript], [lesson].[UpdatedDate], [lesson].[Vocabulary], [lesson].[Year]
      FROM [Lesson] AS [lesson]
      WHERE [lesson].[IDTP] = N'6M'
info: Microsoft.AspNetCore.Mvc.Internal.ControllerActionInvoker[2]
      Executed action method BBCWebAPI.Controllers.UI.HomeController.HomePage (BBCWebAPI), returned result Microsoft.AspNetCore.Mvc.ViewResult in 1460.4558ms.
info: Microsoft.AspNetCore.Mvc.ViewFeatures.ViewResultExecutor[1]
      Executing ViewResult, running view Views/Pages/HomePage.cshtml.
info: Microsoft.AspNetCore.Mvc.ViewFeatures.ViewResultExecutor[4]
      Executed ViewResult - view Views/Pages/HomePage.cshtml executed in 129.3453ms.
info: Microsoft.AspNetCore.Mvc.Internal.ControllerActionInvoker[2]
      Executed action BBCWebAPI.Controllers.UI.HomeController.HomePage (BBCWebAPI) in 1609.9047ms
info: Microsoft.AspNetCore.Hosting.Internal.WebHost[2]
      Request finished in 1627.7085ms 200 text/html; charset=utf-8
info: Microsoft.AspNetCore.Hosting.Internal.WebHost[1]
      Request starting HTTP/1.1 GET http://localhost:4000/homepage/bower_components/bootstrap/dist/css/bootstrap.min.css  
info: Microsoft.AspNetCore.Hosting.Internal.WebHost[1]
      Request starting HTTP/1.1 GET http://localhost:4000/homepage/css/AdminLTE.min.css  
info: Microsoft.AspNetCore.Hosting.Internal.WebHost[1]
      Request starting HTTP/1.1 GET http://localhost:4000/homepage/css/skins/skin-blue.min.css  
info: Microsoft.AspNetCore.Hosting.Internal.WebHost[1]
      Request starting HTTP/1.1 GET http://localhost:4000/components/css/List.css  
info: Microsoft.AspNetCore.Hosting.Internal.WebHost[1]
      Request starting HTTP/1.1 GET http://localhost:4000/homepage/bower_components/font-awesome/css/font-awesome.min.css  
info: Microsoft.AspNetCore.Hosting.Internal.WebHost[1]
      Request starting HTTP/1.1 GET http://localhost:4000/homepage/bower_components/Ionicons/css/ionicons.min.css  
info: Microsoft.AspNetCore.StaticFiles.StaticFileMiddleware[2]
      Sending file. Request path: '/components/css/List.css'. Physical path: 'D:\Xamarin\BBCWebAPI\BBCWebAPI\wwwroot\components\css\List.css'
info: Microsoft.AspNetCore.StaticFiles.StaticFileMiddleware[2]
      Sending file. Request path: '/homepage/css/skins/skin-blue.min.css'. Physical path: 'D:\Xamarin\BBCWebAPI\BBCWebAPI\wwwroot\homepage\css\skins\skin-blue.min.css'
info: Microsoft.AspNetCore.Hosting.Internal.WebHost[2]
      Request finished in 54.1114ms 200 text/css
info: Microsoft.AspNetCore.Hosting.Internal.WebHost[2]
      Request finished in 61.3326ms 200 text/css
info: Microsoft.AspNetCore.StaticFiles.StaticFileMiddleware[2]
      Sending file. Request path: '/homepage/css/AdminLTE.min.css'. Physical path: 'D:\Xamarin\BBCWebAPI\BBCWebAPI\wwwroot\homepage\css\AdminLTE.min.css'
info: Microsoft.AspNetCore.StaticFiles.StaticFileMiddleware[2]
      Sending file. Request path: '/homepage/bower_components/bootstrap/dist/css/bootstrap.min.css'. Physical path: 'D:\Xamarin\BBCWebAPI\BBCWebAPI\wwwroot\homepage\bower_components\bootstrap\dist\css\bootstrap.min.css'
info: Microsoft.AspNetCore.Hosting.Internal.WebHost[2]
      Request finished in 91.8328ms 200 text/css
info: Microsoft.AspNetCore.Hosting.Internal.WebHost[2]
      Request finished in 121.5452ms 200 text/css
info: Microsoft.AspNetCore.StaticFiles.StaticFileMiddleware[2]
      Sending file. Request path: '/homepage/bower_components/Ionicons/css/ionicons.min.css'. Physical path: 'D:\Xamarin\BBCWebAPI\BBCWebAPI\wwwroot\homepage\bower_components\Ionicons\css\ionicons.min.css'
info: Microsoft.AspNetCore.Hosting.Internal.WebHost[1]
      Request starting HTTP/1.1 GET http://localhost:4000/homepage/bower_components/jquery/dist/jquery.min.js  
info: Microsoft.AspNetCore.Hosting.Internal.WebHost[1]
      Request starting HTTP/1.1 GET http://localhost:4000/homepage/bower_components/bootstrap/dist/js/bootstrap.min.js  
info: Microsoft.AspNetCore.Hosting.Internal.WebHost[1]
      Request starting HTTP/1.1 GET http://localhost:4000/login/images/logo.png  
info: Microsoft.AspNetCore.StaticFiles.StaticFileMiddleware[2]
      Sending file. Request path: '/login/images/logo.png'. Physical path: 'D:\Xamarin\BBCWebAPI\BBCWebAPI\wwwroot\login\images\logo.png'
info: Microsoft.AspNetCore.Hosting.Internal.WebHost[1]
      Request starting HTTP/1.1 GET http://localhost:4000/homepage/js/adminlte.min.js  
info: Microsoft.AspNetCore.Hosting.Internal.WebHost[2]
      Request finished in 249.0892ms 200 text/css
info: Microsoft.AspNetCore.StaticFiles.StaticFileMiddleware[2]
      Sending file. Request path: '/homepage/bower_components/bootstrap/dist/js/bootstrap.min.js'. Physical path: 'D:\Xamarin\BBCWebAPI\BBCWebAPI\wwwroot\homepage\bower_components\bootstrap\dist\js\bootstrap.min.js'
info: Microsoft.AspNetCore.Hosting.Internal.WebHost[2]
      Request finished in 98.689ms 200 image/png
info: Microsoft.AspNetCore.Hosting.Internal.WebHost[2]
      Request finished in 139.5515ms 200 application/javascript
info: Microsoft.AspNetCore.Hosting.Internal.WebHost[1]
      Request starting HTTP/1.1 GET http://localhost:4000/components/images/details.png  
info: Microsoft.AspNetCore.StaticFiles.StaticFileMiddleware[2]
      Sending file. Request path: '/homepage/bower_components/jquery/dist/jquery.min.js'. Physical path: 'D:\Xamarin\BBCWebAPI\BBCWebAPI\wwwroot\homepage\bower_components\jquery\dist\jquery.min.js'
info: Microsoft.AspNetCore.Hosting.Internal.WebHost[1]
      Request starting HTTP/1.1 GET http://localhost:4000/components/images/question.png  
info: Microsoft.AspNetCore.Hosting.Internal.WebHost[2]
      Request finished in 231.5222ms 200 application/javascript
info: Microsoft.AspNetCore.StaticFiles.StaticFileMiddleware[2]
      Sending file. Request path: '/homepage/js/adminlte.min.js'. Physical path: 'D:\Xamarin\BBCWebAPI\BBCWebAPI\wwwroot\homepage\js\adminlte.min.js'
info: Microsoft.AspNetCore.StaticFiles.StaticFileMiddleware[2]
      Sending file. Request path: '/components/images/details.png'. Physical path: 'D:\Xamarin\BBCWebAPI\BBCWebAPI\wwwroot\components\images\details.png'
info: Microsoft.AspNetCore.StaticFiles.StaticFileMiddleware[2]
      Sending file. Request path: '/homepage/bower_components/font-awesome/css/font-awesome.min.css'. Physical path: 'D:\Xamarin\BBCWebAPI\BBCWebAPI\wwwroot\homepage\bower_components\font-awesome\css\font-awesome.min.css'
info: Microsoft.AspNetCore.Hosting.Internal.WebHost[2]
      Request finished in 372.5233ms 200 text/css
info: Microsoft.AspNetCore.Hosting.Internal.WebHost[2]
      Request finished in 122.3388ms 200 application/javascript
info: Microsoft.AspNetCore.Hosting.Internal.WebHost[1]
      Request starting HTTP/1.1 GET http://localhost:4000/components/images/edit.png  
info: Microsoft.AspNetCore.StaticFiles.StaticFileMiddleware[2]
      Sending file. Request path: '/components/images/question.png'. Physical path: 'D:\Xamarin\BBCWebAPI\BBCWebAPI\wwwroot\components\images\question.png'
info: Microsoft.AspNetCore.Hosting.Internal.WebHost[1]
      Request starting HTTP/1.1 GET http://localhost:4000/components/images/delete.png  
info: Microsoft.AspNetCore.Hosting.Internal.WebHost[2]
      Request finished in 102.1749ms 200 image/png
info: Microsoft.AspNetCore.StaticFiles.StaticFileMiddleware[2]
      Sending file. Request path: '/components/images/delete.png'. Physical path: 'D:\Xamarin\BBCWebAPI\BBCWebAPI\wwwroot\components\images\delete.png'
info: Microsoft.AspNetCore.Hosting.Internal.WebHost[2]
      Request finished in 215.4271ms 200 image/png
info: Microsoft.AspNetCore.StaticFiles.StaticFileMiddleware[2]
      Sending file. Request path: '/components/images/edit.png'. Physical path: 'D:\Xamarin\BBCWebAPI\BBCWebAPI\wwwroot\components\images\edit.png'
info: Microsoft.AspNetCore.Hosting.Internal.WebHost[2]
      Request finished in 155.7255ms 200 image/png
info: Microsoft.AspNetCore.Hosting.Internal.WebHost[1]
      Request starting HTTP/1.1 GET http://localhost:4000/homepage/bower_components/font-awesome/fonts/fontawesome-webfont.woff2?v=4.7.0  
info: Microsoft.AspNetCore.Hosting.Internal.WebHost[2]
      Request finished in 194.0332ms 200 image/png
info: Microsoft.AspNetCore.StaticFiles.StaticFileMiddleware[2]
      Sending file. Request path: '/homepage/bower_components/font-awesome/fonts/fontawesome-webfont.woff2'. Physical path: 'D:\Xamarin\BBCWebAPI\BBCWebAPI\wwwroot\homepage\bower_components\font-awesome\fonts\fontawesome-webfont.woff2'
info: Microsoft.AspNetCore.Hosting.Internal.WebHost[2]
      Request finished in 73.3713ms 200 font/woff2
info: Microsoft.AspNetCore.Hosting.Internal.WebHost[1]
      Request starting HTTP/1.1 GET http://localhost:4000/favicon.ico  
info: Microsoft.AspNetCore.Hosting.Internal.WebHost[2]
      Request finished in 9.8912ms 404 























































































