info: Microsoft.AspNetCore.DataProtection.KeyManagement.XmlKeyManager[0]
      User profile is available. Using 'C:\Users\HP\AppData\Local\ASP.NET\DataProtection-Keys' as key repository and Windows DPAPI to encrypt keys at rest.
Hosting environment: Development
Content root path: D:\Xamarin\BBCWebAPI\BBCWebAPI
Now listening on: http://127.0.0.1:14760
Application started. Press Ctrl+C to shut down.
info: Microsoft.AspNetCore.Hosting.Internal.WebHost[1]
      Request starting HTTP/1.1 GET http://localhost:3000/  
info: Microsoft.AspNetCore.Hosting.Internal.WebHost[1]
      Request starting HTTP/1.1 DEBUG http://localhost:3000/  0
info: Microsoft.AspNetCore.Hosting.Internal.WebHost[2]
      Request finished in 128.1702ms 200 
warn: Microsoft.AspNetCore.HttpsPolicy.HttpsRedirectionMiddleware[3]
      Failed to determine the https port for redirect.
info: Microsoft.AspNetCore.Mvc.Internal.ControllerActionInvoker[1]
      Route matched with {action = "HomePage", controller = "Login"}. Executing action BBCWebAPI.Controllers.UI.LoginController.HomePage (BBCWebAPI)
info: Microsoft.AspNetCore.Mvc.Internal.ControllerActionInvoker[1]
      Executing action method BBCWebAPI.Controllers.UI.LoginController.HomePage (BBCWebAPI) - Validation state: Valid
info: Microsoft.AspNetCore.Mvc.Internal.ControllerActionInvoker[2]
      Executed action method BBCWebAPI.Controllers.UI.LoginController.HomePage (BBCWebAPI), returned result Microsoft.AspNetCore.Mvc.ViewResult in 4.8035ms.
info: Microsoft.AspNetCore.Mvc.ViewFeatures.ViewResultExecutor[1]
      Executing ViewResult, running view Views/Login.cshtml.
info: Microsoft.AspNetCore.Mvc.ViewFeatures.ViewResultExecutor[4]
      Executed ViewResult - view Views/Login.cshtml executed in 195.5723ms.
info: Microsoft.AspNetCore.Mvc.Internal.ControllerActionInvoker[2]
      Executed action BBCWebAPI.Controllers.UI.LoginController.HomePage (BBCWebAPI) in 275.6344ms
info: Microsoft.AspNetCore.Hosting.Internal.WebHost[1]
      Request starting HTTP/1.1 GET http://localhost:3000/login/fonts/font-awesome-4.7.0/css/font-awesome.min.css  
info: Microsoft.AspNetCore.Hosting.Internal.WebHost[2]
      Request finished in 1383.4383ms 200 text/html; charset=utf-8
info: Microsoft.AspNetCore.Hosting.Internal.WebHost[1]
      Request starting HTTP/1.1 GET http://localhost:3000/login/fonts/iconic/css/material-design-iconic-font.min.css  
info: Microsoft.AspNetCore.Hosting.Internal.WebHost[1]
      Request starting HTTP/1.1 GET http://localhost:3000/login/vendor/css-hamburgers/hamburgers.min.css  
info: Microsoft.AspNetCore.Hosting.Internal.WebHost[1]
      Request starting HTTP/1.1 GET http://localhost:3000/login/vendor/animsition/css/animsition.min.css  
info: Microsoft.AspNetCore.Hosting.Internal.WebHost[1]
      Request starting HTTP/1.1 GET http://localhost:3000/login/vendor/animate/animate.css  
info: Microsoft.AspNetCore.StaticFiles.StaticFileMiddleware[2]
      Sending file. Request path: '/login/vendor/animsition/css/animsition.min.css'. Physical path: 'D:\Xamarin\BBCWebAPI\BBCWebAPI\wwwroot\login\vendor\animsition\css\animsition.min.css'
info: Microsoft.AspNetCore.StaticFiles.StaticFileMiddleware[2]
      Sending file. Request path: '/login/fonts/font-awesome-4.7.0/css/font-awesome.min.css'. Physical path: 'D:\Xamarin\BBCWebAPI\BBCWebAPI\wwwroot\login\fonts\font-awesome-4.7.0\css\font-awesome.min.css'
info: Microsoft.AspNetCore.Hosting.Internal.WebHost[1]
      Request starting HTTP/1.1 GET http://localhost:3000/login/vendor/select2/select2.min.css  
info: Microsoft.AspNetCore.StaticFiles.StaticFileMiddleware[2]
      Sending file. Request path: '/login/fonts/iconic/css/material-design-iconic-font.min.css'. Physical path: 'D:\Xamarin\BBCWebAPI\BBCWebAPI\wwwroot\login\fonts\iconic\css\material-design-iconic-font.min.css'
info: Microsoft.AspNetCore.Hosting.Internal.WebHost[2]
      Request finished in 117.4225ms 200 text/css
info: Microsoft.AspNetCore.StaticFiles.StaticFileMiddleware[2]
      Sending file. Request path: '/login/vendor/css-hamburgers/hamburgers.min.css'. Physical path: 'D:\Xamarin\BBCWebAPI\BBCWebAPI\wwwroot\login\vendor\css-hamburgers\hamburgers.min.css'
info: Microsoft.AspNetCore.Hosting.Internal.WebHost[2]
      Request finished in 173.9436ms 200 text/css
info: Microsoft.AspNetCore.Hosting.Internal.WebHost[2]
      Request finished in 197.579ms 200 text/css
info: Microsoft.AspNetCore.Hosting.Internal.WebHost[2]
      Request finished in 220.1153ms 200 text/css
info: Microsoft.AspNetCore.StaticFiles.StaticFileMiddleware[2]
      Sending file. Request path: '/login/vendor/select2/select2.min.css'. Physical path: 'D:\Xamarin\BBCWebAPI\BBCWebAPI\wwwroot\login\vendor\select2\select2.min.css'
info: Microsoft.AspNetCore.Hosting.Internal.WebHost[1]
      Request starting HTTP/1.1 GET http://localhost:3000/login/vendor/daterangepicker/daterangepicker.css  
info: Microsoft.AspNetCore.Hosting.Internal.WebHost[2]
      Request finished in 201.0463ms 200 text/css
info: Microsoft.AspNetCore.Hosting.Internal.WebHost[1]
      Request starting HTTP/1.1 GET http://localhost:3000/login/css/main.css  
info: Microsoft.AspNetCore.Hosting.Internal.WebHost[1]
      Request starting HTTP/1.1 GET http://localhost:3000/login/vendor/animsition/js/animsition.min.js  
info: Microsoft.AspNetCore.StaticFiles.StaticFileMiddleware[2]
      Sending file. Request path: '/login/vendor/daterangepicker/daterangepicker.css'. Physical path: 'D:\Xamarin\BBCWebAPI\BBCWebAPI\wwwroot\login\vendor\daterangepicker\daterangepicker.css'
info: Microsoft.AspNetCore.StaticFiles.StaticFileMiddleware[2]
      Sending file. Request path: '/login/vendor/animate/animate.css'. Physical path: 'D:\Xamarin\BBCWebAPI\BBCWebAPI\wwwroot\login\vendor\animate\animate.css'
info: Microsoft.AspNetCore.StaticFiles.StaticFileMiddleware[2]
      Sending file. Request path: '/login/css/main.css'. Physical path: 'D:\Xamarin\BBCWebAPI\BBCWebAPI\wwwroot\login\css\main.css'
info: Microsoft.AspNetCore.Hosting.Internal.WebHost[2]
      Request finished in 112.9913ms 200 text/css
info: Microsoft.AspNetCore.Hosting.Internal.WebHost[2]
      Request finished in 424.8741ms 200 text/css
info: Microsoft.AspNetCore.Hosting.Internal.WebHost[2]
      Request finished in 151.0723ms 200 text/css
info: Microsoft.AspNetCore.StaticFiles.StaticFileMiddleware[2]
      Sending file. Request path: '/login/vendor/animsition/js/animsition.min.js'. Physical path: 'D:\Xamarin\BBCWebAPI\BBCWebAPI\wwwroot\login\vendor\animsition\js\animsition.min.js'
info: Microsoft.AspNetCore.Hosting.Internal.WebHost[1]
      Request starting HTTP/1.1 GET http://localhost:3000/login/vendor/bootstrap/js/bootstrap.min.js  
info: Microsoft.AspNetCore.Hosting.Internal.WebHost[1]
      Request starting HTTP/1.1 GET http://localhost:3000/login/vendor/jquery/jquery-3.2.1.min.js  
info: Microsoft.AspNetCore.Hosting.Internal.WebHost[2]
      Request finished in 368.0377ms 200 application/javascript
info: Microsoft.AspNetCore.Hosting.Internal.WebHost[1]
      Request starting HTTP/1.1 GET http://localhost:3000/login/vendor/daterangepicker/moment.min.js  
info: Microsoft.AspNetCore.Hosting.Internal.WebHost[1]
      Request starting HTTP/1.1 GET http://localhost:3000/login/vendor/bootstrap/js/popper.js  
info: Microsoft.AspNetCore.Hosting.Internal.WebHost[1]
      Request starting HTTP/1.1 GET http://localhost:3000/login/vendor/select2/select2.min.js  
info: Microsoft.AspNetCore.StaticFiles.StaticFileMiddleware[2]
      Sending file. Request path: '/login/vendor/daterangepicker/moment.min.js'. Physical path: 'D:\Xamarin\BBCWebAPI\BBCWebAPI\wwwroot\login\vendor\daterangepicker\moment.min.js'
info: Microsoft.AspNetCore.Hosting.Internal.WebHost[1]
      Request starting HTTP/1.1 GET http://localhost:3000/login/css/util.css  
info: Microsoft.AspNetCore.Hosting.Internal.WebHost[2]
      Request finished in 79.2693ms 200 application/javascript
info: Microsoft.AspNetCore.StaticFiles.StaticFileMiddleware[2]
      Sending file. Request path: '/login/vendor/jquery/jquery-3.2.1.min.js'. Physical path: 'D:\Xamarin\BBCWebAPI\BBCWebAPI\wwwroot\login\vendor\jquery\jquery-3.2.1.min.js'
info: Microsoft.AspNetCore.StaticFiles.StaticFileMiddleware[2]
      Sending file. Request path: '/login/vendor/bootstrap/js/popper.js'. Physical path: 'D:\Xamarin\BBCWebAPI\BBCWebAPI\wwwroot\login\vendor\bootstrap\js\popper.js'
info: Microsoft.AspNetCore.StaticFiles.StaticFileMiddleware[2]
      Sending file. Request path: '/login/css/util.css'. Physical path: 'D:\Xamarin\BBCWebAPI\BBCWebAPI\wwwroot\login\css\util.css'
info: Microsoft.AspNetCore.Hosting.Internal.WebHost[2]
      Request finished in 253.9802ms 200 application/javascript
info: Microsoft.AspNetCore.Hosting.Internal.WebHost[1]
      Request starting HTTP/1.1 GET http://localhost:3000/login/vendor/daterangepicker/daterangepicker.js  
info: Microsoft.AspNetCore.Hosting.Internal.WebHost[2]
      Request finished in 252.3648ms 200 application/javascript
info: Microsoft.AspNetCore.Hosting.Internal.WebHost[1]
      Request starting HTTP/1.1 GET http://localhost:3000/login/vendor/countdowntime/countdowntime.js  
info: Microsoft.AspNetCore.Hosting.Internal.WebHost[1]
      Request starting HTTP/1.1 GET http://localhost:3000/login/js/main.js  
info: Microsoft.AspNetCore.Hosting.Internal.WebHost[2]
      Request finished in 274.9985ms 200 text/css
info: Microsoft.AspNetCore.Hosting.Internal.WebHost[1]
      Request starting HTTP/1.1 GET http://localhost:3000/login/images/logo.png  
info: Microsoft.AspNetCore.StaticFiles.StaticFileMiddleware[2]
      Sending file. Request path: '/login/js/main.js'. Physical path: 'D:\Xamarin\BBCWebAPI\BBCWebAPI\wwwroot\login\js\main.js'
info: Microsoft.AspNetCore.StaticFiles.StaticFileMiddleware[2]
      Sending file. Request path: '/login/vendor/countdowntime/countdowntime.js'. Physical path: 'D:\Xamarin\BBCWebAPI\BBCWebAPI\wwwroot\login\vendor\countdowntime\countdowntime.js'
info: Microsoft.AspNetCore.Hosting.Internal.WebHost[2]
      Request finished in 109.6783ms 200 application/javascript
info: Microsoft.AspNetCore.Hosting.Internal.WebHost[2]
      Request finished in 109.4061ms 200 application/javascript
info: Microsoft.AspNetCore.StaticFiles.StaticFileMiddleware[2]
      Sending file. Request path: '/login/vendor/select2/select2.min.js'. Physical path: 'D:\Xamarin\BBCWebAPI\BBCWebAPI\wwwroot\login\vendor\select2\select2.min.js'
info: Microsoft.AspNetCore.StaticFiles.StaticFileMiddleware[2]
      Sending file. Request path: '/login/vendor/bootstrap/js/bootstrap.min.js'. Physical path: 'D:\Xamarin\BBCWebAPI\BBCWebAPI\wwwroot\login\vendor\bootstrap\js\bootstrap.min.js'
info: Microsoft.AspNetCore.Hosting.Internal.WebHost[2]
      Request finished in 429.9544ms 200 application/javascript
info: Microsoft.AspNetCore.StaticFiles.StaticFileMiddleware[2]
      Sending file. Request path: '/login/images/logo.png'. Physical path: 'D:\Xamarin\BBCWebAPI\BBCWebAPI\wwwroot\login\images\logo.png'
info: Microsoft.AspNetCore.Hosting.Internal.WebHost[2]
      Request finished in 779.722ms 200 application/javascript
info: Microsoft.AspNetCore.Hosting.Internal.WebHost[1]
      Request starting HTTP/1.1 GET http://localhost:3000/login/fonts/poppins/Poppins-Medium.ttf  
info: Microsoft.AspNetCore.Hosting.Internal.WebHost[1]
      Request starting HTTP/1.1 GET http://localhost:3000/login/fonts/poppins/Poppins-Bold.ttf  
info: Microsoft.AspNetCore.StaticFiles.StaticFileMiddleware[2]
      Sending file. Request path: '/login/vendor/daterangepicker/daterangepicker.js'. Physical path: 'D:\Xamarin\BBCWebAPI\BBCWebAPI\wwwroot\login\vendor\daterangepicker\daterangepicker.js'
info: Microsoft.AspNetCore.Hosting.Internal.WebHost[2]
      Request finished in 428.2753ms 200 application/javascript
info: Microsoft.AspNetCore.Hosting.Internal.WebHost[1]
      Request starting HTTP/1.1 GET http://localhost:3000/login/fonts/poppins/Poppins-Regular.ttf  
info: Microsoft.AspNetCore.Hosting.Internal.WebHost[2]
      Request finished in 286.4542ms 200 image/png
info: Microsoft.AspNetCore.Hosting.Internal.WebHost[1]
      Request starting HTTP/1.1 GET http://localhost:3000/login/fonts/poppins/Poppins-SemiBold.ttf  
info: Microsoft.AspNetCore.StaticFiles.StaticFileMiddleware[2]
      Sending file. Request path: '/login/fonts/poppins/Poppins-Bold.ttf'. Physical path: 'D:\Xamarin\BBCWebAPI\BBCWebAPI\wwwroot\login\fonts\poppins\Poppins-Bold.ttf'
info: Microsoft.AspNetCore.StaticFiles.StaticFileMiddleware[2]
      Sending file. Request path: '/login/fonts/poppins/Poppins-Medium.ttf'. Physical path: 'D:\Xamarin\BBCWebAPI\BBCWebAPI\wwwroot\login\fonts\poppins\Poppins-Medium.ttf'
info: Microsoft.AspNetCore.Hosting.Internal.WebHost[2]
      Request finished in 199.6932ms 200 application/x-font-ttf
info: Microsoft.AspNetCore.Hosting.Internal.WebHost[2]
      Request finished in 177.016ms 200 application/x-font-ttf
info: Microsoft.AspNetCore.StaticFiles.StaticFileMiddleware[2]
      Sending file. Request path: '/login/fonts/poppins/Poppins-Regular.ttf'. Physical path: 'D:\Xamarin\BBCWebAPI\BBCWebAPI\wwwroot\login\fonts\poppins\Poppins-Regular.ttf'
info: Microsoft.AspNetCore.Hosting.Internal.WebHost[2]
      Request finished in 169.6237ms 200 application/x-font-ttf
info: Microsoft.AspNetCore.StaticFiles.StaticFileMiddleware[2]
      Sending file. Request path: '/login/fonts/poppins/Poppins-SemiBold.ttf'. Physical path: 'D:\Xamarin\BBCWebAPI\BBCWebAPI\wwwroot\login\fonts\poppins\Poppins-SemiBold.ttf'
info: Microsoft.AspNetCore.Hosting.Internal.WebHost[2]
      Request finished in 199.6238ms 200 application/x-font-ttf
info: Microsoft.AspNetCore.Hosting.Internal.WebHost[1]
      Request starting HTTP/1.1 GET http://localhost:3000/login/images/icons/favicon.ico  
info: Microsoft.AspNetCore.StaticFiles.StaticFileMiddleware[2]
      Sending file. Request path: '/login/images/icons/favicon.ico'. Physical path: 'D:\Xamarin\BBCWebAPI\BBCWebAPI\wwwroot\login\images\icons\favicon.ico'
info: Microsoft.AspNetCore.Hosting.Internal.WebHost[2]
      Request finished in 43.0931ms 200 image/x-icon
info: Microsoft.AspNetCore.Hosting.Internal.WebHost[1]
      Request starting HTTP/1.1 GET http://localhost:3000/  
info: Microsoft.AspNetCore.Mvc.Internal.ControllerActionInvoker[1]
      Route matched with {action = "HomePage", controller = "Login"}. Executing action BBCWebAPI.Controllers.UI.LoginController.HomePage (BBCWebAPI)
info: Microsoft.AspNetCore.Mvc.Internal.ControllerActionInvoker[1]
      Executing action method BBCWebAPI.Controllers.UI.LoginController.HomePage (BBCWebAPI) - Validation state: Valid
info: Microsoft.AspNetCore.Mvc.Internal.ControllerActionInvoker[2]
      Executed action method BBCWebAPI.Controllers.UI.LoginController.HomePage (BBCWebAPI), returned result Microsoft.AspNetCore.Mvc.ViewResult in 0.4043ms.
info: Microsoft.AspNetCore.Mvc.ViewFeatures.ViewResultExecutor[1]
      Executing ViewResult, running view Views/Login.cshtml.
info: Microsoft.AspNetCore.Mvc.ViewFeatures.ViewResultExecutor[4]
      Executed ViewResult - view Views/Login.cshtml executed in 6.3266ms.
info: Microsoft.AspNetCore.Mvc.Internal.ControllerActionInvoker[2]
      Executed action BBCWebAPI.Controllers.UI.LoginController.HomePage (BBCWebAPI) in 21.6225ms
info: Microsoft.AspNetCore.Hosting.Internal.WebHost[2]
      Request finished in 54.3584ms 200 text/html; charset=utf-8
info: Microsoft.AspNetCore.Hosting.Internal.WebHost[1]
      Request starting HTTP/1.1 GET http://localhost:3000/login/images/icons/favicon.ico  
info: Microsoft.AspNetCore.StaticFiles.StaticFileMiddleware[2]
      Sending file. Request path: '/login/images/icons/favicon.ico'. Physical path: 'D:\Xamarin\BBCWebAPI\BBCWebAPI\wwwroot\login\images\icons\favicon.ico'
info: Microsoft.AspNetCore.Hosting.Internal.WebHost[2]
      Request finished in 15.1932ms 200 image/x-icon
info: Microsoft.AspNetCore.Hosting.Internal.WebHost[1]
      Request starting HTTP/1.1 GET http://localhost:3000/  
info: Microsoft.AspNetCore.Mvc.Internal.ControllerActionInvoker[1]
      Route matched with {action = "HomePage", controller = "Login"}. Executing action BBCWebAPI.Controllers.UI.LoginController.HomePage (BBCWebAPI)
info: Microsoft.AspNetCore.Mvc.Internal.ControllerActionInvoker[1]
      Executing action method BBCWebAPI.Controllers.UI.LoginController.HomePage (BBCWebAPI) - Validation state: Valid
info: Microsoft.AspNetCore.Mvc.Internal.ControllerActionInvoker[2]
      Executed action method BBCWebAPI.Controllers.UI.LoginController.HomePage (BBCWebAPI), returned result Microsoft.AspNetCore.Mvc.ViewResult in 0.0213ms.
info: Microsoft.AspNetCore.Mvc.ViewFeatures.ViewResultExecutor[1]
      Executing ViewResult, running view Views/Login.cshtml.
info: Microsoft.AspNetCore.Mvc.ViewFeatures.ViewResultExecutor[4]
      Executed ViewResult - view Views/Login.cshtml executed in 6.4091ms.
info: Microsoft.AspNetCore.Mvc.Internal.ControllerActionInvoker[2]
      Executed action BBCWebAPI.Controllers.UI.LoginController.HomePage (BBCWebAPI) in 18.3616ms
info: Microsoft.AspNetCore.Hosting.Internal.WebHost[2]
      Request finished in 31.5183ms 200 text/html; charset=utf-8
info: Microsoft.AspNetCore.Hosting.Internal.WebHost[1]
      Request starting HTTP/1.1 GET http://localhost:3000/login/images/icons/favicon.ico  
info: Microsoft.AspNetCore.StaticFiles.StaticFileMiddleware[2]
      Sending file. Request path: '/login/images/icons/favicon.ico'. Physical path: 'D:\Xamarin\BBCWebAPI\BBCWebAPI\wwwroot\login\images\icons\favicon.ico'
info: Microsoft.AspNetCore.Hosting.Internal.WebHost[2]
      Request finished in 50.9186ms 200 image/x-icon


































































