info: Microsoft.AspNetCore.DataProtection.KeyManagement.XmlKeyManager[0]
      User profile is available. Using 'C:\Users\HP\AppData\Local\ASP.NET\DataProtection-Keys' as key repository and Windows DPAPI to encrypt keys at rest.
Hosting environment: Development
Content root path: D:\Xamarin\BBCWebAPI\BBCWebAPI
Now listening on: http://127.0.0.1:6530
Application started. Press Ctrl+C to shut down.
info: Microsoft.AspNetCore.Hosting.Internal.WebHost[1]
      Request starting HTTP/1.1 DEBUG http://localhost:4000/  0
info: Microsoft.AspNetCore.Hosting.Internal.WebHost[1]
      Request starting HTTP/1.1 GET http://localhost:4000/HomePage  
info: Microsoft.AspNetCore.Hosting.Internal.WebHost[2]
      Request finished in 93.1398ms 200 
warn: Microsoft.AspNetCore.HttpsPolicy.HttpsRedirectionMiddleware[3]
      Failed to determine the https port for redirect.
info: Microsoft.AspNetCore.Mvc.Internal.ControllerActionInvoker[1]
      Route matched with {action = "HomePage", controller = "Home"}. Executing action BBCWebAPI.Controllers.UI.HomeController.HomePage (BBCWebAPI)
info: Microsoft.AspNetCore.Mvc.Internal.ControllerActionInvoker[1]
      Executing action method BBCWebAPI.Controllers.UI.HomeController.HomePage (BBCWebAPI) with arguments (, ) - Validation state: Valid
info: Microsoft.EntityFrameworkCore.Infrastructure[10403]
      Entity Framework Core 2.1.4-rtm-31024 initialized 'DataContext' using provider 'Microsoft.EntityFrameworkCore.SqlServer' with options: None
info: Microsoft.EntityFrameworkCore.Database.Command[20101]
      Executed DbCommand (253ms) [Parameters=[], CommandType='Text', CommandTimeout='30']
      SELECT [t].[ID], [t].[Name]
      FROM [Topic] AS [t]
info: Microsoft.EntityFrameworkCore.Database.Command[20101]
      Executed DbCommand (233ms) [Parameters=[], CommandType='Text', CommandTimeout='30']
      SELECT [lesson].[ID], [lesson].[Actor], [lesson].[CreatedDate], [lesson].[FileURLDowload], [lesson].[FileURLOnline], [lesson].[IDTP], [lesson].[ImageURL], [lesson].[Name], [lesson].[Sumary], [lesson].[Transcript], [lesson].[UpdatedDate], [lesson].[Vocabulary], [lesson].[Year]
      FROM [Lesson] AS [lesson]
      WHERE [lesson].[IDTP] = N'6M'
info: Microsoft.AspNetCore.Mvc.Internal.ControllerActionInvoker[2]
      Executed action method BBCWebAPI.Controllers.UI.HomeController.HomePage (BBCWebAPI), returned result Microsoft.AspNetCore.Mvc.ViewResult in 3070.3099ms.
info: Microsoft.AspNetCore.Mvc.ViewFeatures.ViewResultExecutor[1]
      Executing ViewResult, running view Views/Pages/HomePage.cshtml.
info: Microsoft.AspNetCore.Mvc.ViewFeatures.ViewResultExecutor[4]
      Executed ViewResult - view Views/Pages/HomePage.cshtml executed in 272.4675ms.
info: Microsoft.AspNetCore.Mvc.Internal.ControllerActionInvoker[2]
      Executed action BBCWebAPI.Controllers.UI.HomeController.HomePage (BBCWebAPI) in 3617.7062ms
info: Microsoft.AspNetCore.Hosting.Internal.WebHost[2]
      Request finished in 4164.8784ms 200 text/html; charset=utf-8
info: Microsoft.AspNetCore.Hosting.Internal.WebHost[1]
      Request starting HTTP/1.1 GET http://localhost:4000/homepage/bower_components/bootstrap/dist/css/bootstrap.min.css  
info: Microsoft.AspNetCore.Hosting.Internal.WebHost[1]
      Request starting HTTP/1.1 GET http://localhost:4000/homepage/bower_components/font-awesome/css/font-awesome.min.css  
info: Microsoft.AspNetCore.Hosting.Internal.WebHost[1]
      Request starting HTTP/1.1 GET http://localhost:4000/homepage/css/AdminLTE.min.css  
info: Microsoft.AspNetCore.Hosting.Internal.WebHost[1]
      Request starting HTTP/1.1 GET http://localhost:4000/components/css/List.css  
info: Microsoft.AspNetCore.Hosting.Internal.WebHost[1]
      Request starting HTTP/1.1 GET http://localhost:4000/homepage/css/skins/skin-blue.min.css  
info: Microsoft.AspNetCore.StaticFiles.StaticFileMiddleware[2]
      Sending file. Request path: '/homepage/bower_components/font-awesome/css/font-awesome.min.css'. Physical path: 'D:\Xamarin\BBCWebAPI\BBCWebAPI\wwwroot\homepage\bower_components\font-awesome\css\font-awesome.min.css'
info: Microsoft.AspNetCore.StaticFiles.StaticFileMiddleware[2]
      Sending file. Request path: '/homepage/css/skins/skin-blue.min.css'. Physical path: 'D:\Xamarin\BBCWebAPI\BBCWebAPI\wwwroot\homepage\css\skins\skin-blue.min.css'
info: Microsoft.AspNetCore.Hosting.Internal.WebHost[2]
      Request finished in 115.3325ms 200 text/css
info: Microsoft.AspNetCore.Hosting.Internal.WebHost[2]
      Request finished in 68.1283ms 200 text/css
info: Microsoft.AspNetCore.Hosting.Internal.WebHost[1]
      Request starting HTTP/1.1 GET http://localhost:4000/homepage/bower_components/Ionicons/css/ionicons.min.css  
info: Microsoft.AspNetCore.StaticFiles.StaticFileMiddleware[2]
      Sending file. Request path: '/homepage/bower_components/Ionicons/css/ionicons.min.css'. Physical path: 'D:\Xamarin\BBCWebAPI\BBCWebAPI\wwwroot\homepage\bower_components\Ionicons\css\ionicons.min.css'
info: Microsoft.AspNetCore.Hosting.Internal.WebHost[1]
      Request starting HTTP/1.1 GET http://localhost:4000/homepage/bower_components/jquery/dist/jquery.min.js  
info: Microsoft.AspNetCore.Hosting.Internal.WebHost[1]
      Request starting HTTP/1.1 GET http://localhost:4000/homepage/image/avatarAdmin.jpg  
info: Microsoft.AspNetCore.StaticFiles.StaticFileMiddleware[2]
      Sending file. Request path: '/homepage/css/AdminLTE.min.css'. Physical path: 'D:\Xamarin\BBCWebAPI\BBCWebAPI\wwwroot\homepage\css\AdminLTE.min.css'
info: Microsoft.AspNetCore.StaticFiles.StaticFileMiddleware[2]
      Sending file. Request path: '/homepage/bower_components/bootstrap/dist/css/bootstrap.min.css'. Physical path: 'D:\Xamarin\BBCWebAPI\BBCWebAPI\wwwroot\homepage\bower_components\bootstrap\dist\css\bootstrap.min.css'
info: Microsoft.AspNetCore.Hosting.Internal.WebHost[2]
      Request finished in 119.4341ms 200 text/css
info: Microsoft.AspNetCore.StaticFiles.StaticFileMiddleware[2]
      Sending file. Request path: '/components/css/List.css'. Physical path: 'D:\Xamarin\BBCWebAPI\BBCWebAPI\wwwroot\components\css\List.css'
info: Microsoft.AspNetCore.Hosting.Internal.WebHost[2]
      Request finished in 412.9388ms 200 text/css
info: Microsoft.AspNetCore.Hosting.Internal.WebHost[2]
      Request finished in 437.4088ms 200 text/css
info: Microsoft.AspNetCore.Hosting.Internal.WebHost[2]
      Request finished in 432.6302ms 200 text/css
info: Microsoft.AspNetCore.Hosting.Internal.WebHost[1]
      Request starting HTTP/1.1 GET http://localhost:4000/homepage/bower_components/bootstrap/dist/js/bootstrap.min.js  
info: Microsoft.AspNetCore.StaticFiles.StaticFileMiddleware[2]
      Sending file. Request path: '/homepage/image/avatarAdmin.jpg'. Physical path: 'D:\Xamarin\BBCWebAPI\BBCWebAPI\wwwroot\homepage\image\avatarAdmin.jpg'
info: Microsoft.AspNetCore.Hosting.Internal.WebHost[1]
      Request starting HTTP/1.1 GET http://localhost:4000/components/images/details.png  
info: Microsoft.AspNetCore.StaticFiles.StaticFileMiddleware[2]
      Sending file. Request path: '/homepage/bower_components/bootstrap/dist/js/bootstrap.min.js'. Physical path: 'D:\Xamarin\BBCWebAPI\BBCWebAPI\wwwroot\homepage\bower_components\bootstrap\dist\js\bootstrap.min.js'
info: Microsoft.AspNetCore.Hosting.Internal.WebHost[2]
      Request finished in 278.3849ms 200 image/jpeg
info: Microsoft.AspNetCore.Hosting.Internal.WebHost[2]
      Request finished in 95.7113ms 200 application/javascript
info: Microsoft.AspNetCore.StaticFiles.StaticFileMiddleware[2]
      Sending file. Request path: '/homepage/bower_components/jquery/dist/jquery.min.js'. Physical path: 'D:\Xamarin\BBCWebAPI\BBCWebAPI\wwwroot\homepage\bower_components\jquery\dist\jquery.min.js'
info: Microsoft.AspNetCore.Hosting.Internal.WebHost[2]
      Request finished in 410.7651ms 200 application/javascript
info: Microsoft.AspNetCore.Hosting.Internal.WebHost[1]
      Request starting HTTP/1.1 GET http://localhost:4000/components/images/edit.png  
info: Microsoft.AspNetCore.Hosting.Internal.WebHost[1]
      Request starting HTTP/1.1 GET http://localhost:4000/components/images/question.png  
info: Microsoft.AspNetCore.StaticFiles.StaticFileMiddleware[2]
      Sending file. Request path: '/components/images/details.png'. Physical path: 'D:\Xamarin\BBCWebAPI\BBCWebAPI\wwwroot\components\images\details.png'
info: Microsoft.AspNetCore.Hosting.Internal.WebHost[1]
      Request starting HTTP/1.1 GET http://localhost:4000/components/images/delete.png  
info: Microsoft.AspNetCore.StaticFiles.StaticFileMiddleware[2]
      Sending file. Request path: '/components/images/edit.png'. Physical path: 'D:\Xamarin\BBCWebAPI\BBCWebAPI\wwwroot\components\images\edit.png'
info: Microsoft.AspNetCore.Hosting.Internal.WebHost[2]
      Request finished in 242.2182ms 200 image/png
info: Microsoft.AspNetCore.Hosting.Internal.WebHost[2]
      Request finished in 96.472ms 200 image/png
info: Microsoft.AspNetCore.Hosting.Internal.WebHost[1]
      Request starting HTTP/1.1 GET http://localhost:4000/homepage/bower_components/font-awesome/fonts/fontawesome-webfont.woff2?v=4.7.0  
info: Microsoft.AspNetCore.StaticFiles.StaticFileMiddleware[2]
      Sending file. Request path: '/components/images/delete.png'. Physical path: 'D:\Xamarin\BBCWebAPI\BBCWebAPI\wwwroot\components\images\delete.png'
info: Microsoft.AspNetCore.Hosting.Internal.WebHost[2]
      Request finished in 115.8929ms 200 image/png
info: Microsoft.AspNetCore.StaticFiles.StaticFileMiddleware[2]
      Sending file. Request path: '/homepage/bower_components/font-awesome/fonts/fontawesome-webfont.woff2'. Physical path: 'D:\Xamarin\BBCWebAPI\BBCWebAPI\wwwroot\homepage\bower_components\font-awesome\fonts\fontawesome-webfont.woff2'
info: Microsoft.AspNetCore.StaticFiles.StaticFileMiddleware[2]
      Sending file. Request path: '/components/images/question.png'. Physical path: 'D:\Xamarin\BBCWebAPI\BBCWebAPI\wwwroot\components\images\question.png'
info: Microsoft.AspNetCore.Hosting.Internal.WebHost[1]
      Request starting HTTP/1.1 GET http://localhost:4000/homepage/js/adminlte.min.js  
info: Microsoft.AspNetCore.Hosting.Internal.WebHost[2]
      Request finished in 469.6787ms 200 font/woff2
info: Microsoft.AspNetCore.Hosting.Internal.WebHost[2]
      Request finished in 617.3068ms 200 image/png
info: Microsoft.AspNetCore.StaticFiles.StaticFileMiddleware[2]
      Sending file. Request path: '/homepage/js/adminlte.min.js'. Physical path: 'D:\Xamarin\BBCWebAPI\BBCWebAPI\wwwroot\homepage\js\adminlte.min.js'
info: Microsoft.AspNetCore.Hosting.Internal.WebHost[2]
      Request finished in 216.1381ms 200 application/javascript
info: Microsoft.AspNetCore.Hosting.Internal.WebHost[1]
      Request starting HTTP/1.1 GET http://localhost:4000/favicon.ico  
info: Microsoft.AspNetCore.Hosting.Internal.WebHost[2]
      Request finished in 10.491ms 404 
info: Microsoft.AspNetCore.Hosting.Internal.WebHost[1]
      Request starting HTTP/1.1 GET http://localhost:4000/HomePage/ListQuestionPage?lessonID=1b8218b4-6fa5-46f5-8096-4541cc1af039&lessonName=Should%20schoolchildren%20have%20jobs%3F%20%20%20%20%20%20%20%20%20%20%20%20%20%20%20%20%20%20%20%20%20%20%20%20%20%20%20%20%20%20%20%20%20%20%20%20%20%20%20%20%20%20%20%20%20%20%20%20%20%20%20%20%20%20%20%20%20%20%20%20%20%20%20%20%20%20%20%20  
info: Microsoft.AspNetCore.Mvc.Internal.ControllerActionInvoker[1]
      Route matched with {action = "ToListQuestionPage", controller = "Home"}. Executing action BBCWebAPI.Controllers.UI.HomeController.ToListQuestionPage (BBCWebAPI)
info: Microsoft.AspNetCore.Mvc.Internal.ControllerActionInvoker[1]
      Executing action method BBCWebAPI.Controllers.UI.HomeController.ToListQuestionPage (BBCWebAPI) with arguments (, , 1b8218b4-6fa5-46f5-8096-4541cc1af039, Should schoolchildren have jobs?                                                                    ) - Validation state: Valid
info: Microsoft.EntityFrameworkCore.Infrastructure[10403]
      Entity Framework Core 2.1.4-rtm-31024 initialized 'DataContext' using provider 'Microsoft.EntityFrameworkCore.SqlServer' with options: None
info: Microsoft.EntityFrameworkCore.Database.Command[20101]
      Executed DbCommand (231ms) [Parameters=[], CommandType='Text', CommandTimeout='30']
      SELECT [t].[ID], [t].[Name]
      FROM [Topic] AS [t]
info: Microsoft.EntityFrameworkCore.Database.Command[20101]
      Executed DbCommand (233ms) [Parameters=[@__lessonID_0='?' (Size = 4000)], CommandType='Text', CommandTimeout='30']
      SELECT [question].[QuestionID], [question].[Content], [question].[LessonID], [question].[TypeQuestion]
      FROM [Question] AS [question]
      WHERE [question].[LessonID] = @__lessonID_0
info: Microsoft.AspNetCore.Mvc.Internal.ControllerActionInvoker[2]
      Executed action method BBCWebAPI.Controllers.UI.HomeController.ToListQuestionPage (BBCWebAPI), returned result Microsoft.AspNetCore.Mvc.ViewResult in 537.1285ms.
info: Microsoft.AspNetCore.Mvc.ViewFeatures.ViewResultExecutor[1]
      Executing ViewResult, running view Views/Pages/List/ListQuestionPage.cshtml.
info: Microsoft.AspNetCore.Mvc.ViewFeatures.ViewResultExecutor[4]
      Executed ViewResult - view Views/Pages/List/ListQuestionPage.cshtml executed in 292.0945ms.
info: Microsoft.AspNetCore.Mvc.Internal.ControllerActionInvoker[2]
      Executed action BBCWebAPI.Controllers.UI.HomeController.ToListQuestionPage (BBCWebAPI) in 928.8152ms
info: Microsoft.AspNetCore.Hosting.Internal.WebHost[1]
      Request starting HTTP/1.1 GET http://localhost:4000/homepage/bower_components/Ionicons/css/ionicons.min.css  
info: Microsoft.AspNetCore.Hosting.Internal.WebHost[1]
      Request starting HTTP/1.1 GET http://localhost:4000/homepage/bower_components/font-awesome/css/font-awesome.min.css  
info: Microsoft.AspNetCore.Hosting.Internal.WebHost[1]
      Request starting HTTP/1.1 GET http://localhost:4000/homepage/css/skins/skin-blue.min.css  
info: Microsoft.AspNetCore.Hosting.Internal.WebHost[1]
      Request starting HTTP/1.1 GET http://localhost:4000/homepage/bower_components/bootstrap/dist/css/bootstrap.min.css  
info: Microsoft.AspNetCore.Hosting.Internal.WebHost[2]
      Request finished in 993.1987ms 200 text/html; charset=utf-8
info: Microsoft.AspNetCore.Hosting.Internal.WebHost[1]
      Request starting HTTP/1.1 GET http://localhost:4000/homepage/css/AdminLTE.min.css  
info: Microsoft.AspNetCore.StaticFiles.StaticFileMiddleware[2]
      Sending file. Request path: '/homepage/bower_components/Ionicons/css/ionicons.min.css'. Physical path: 'D:\Xamarin\BBCWebAPI\BBCWebAPI\wwwroot\homepage\bower_components\Ionicons\css\ionicons.min.css'
info: Microsoft.AspNetCore.StaticFiles.StaticFileMiddleware[2]
      Sending file. Request path: '/homepage/bower_components/font-awesome/css/font-awesome.min.css'. Physical path: 'D:\Xamarin\BBCWebAPI\BBCWebAPI\wwwroot\homepage\bower_components\font-awesome\css\font-awesome.min.css'
info: Microsoft.AspNetCore.Hosting.Internal.WebHost[2]
      Request finished in 256.7989ms 200 text/css
info: Microsoft.AspNetCore.Hosting.Internal.WebHost[1]
      Request starting HTTP/1.1 GET http://localhost:4000/components/css/List.css  
info: Microsoft.AspNetCore.StaticFiles.StaticFileMiddleware[2]
      Sending file. Request path: '/homepage/css/AdminLTE.min.css'. Physical path: 'D:\Xamarin\BBCWebAPI\BBCWebAPI\wwwroot\homepage\css\AdminLTE.min.css'
info: Microsoft.AspNetCore.Hosting.Internal.WebHost[2]
      Request finished in 337.8236ms 200 text/css
info: Microsoft.AspNetCore.Hosting.Internal.WebHost[1]
      Request starting HTTP/1.1 GET http://localhost:4000/homepage/image/avatarAdmin.jpg  
info: Microsoft.AspNetCore.Hosting.Internal.WebHost[2]
      Request finished in 306.0249ms 200 text/css
info: Microsoft.AspNetCore.StaticFiles.StaticFileMiddleware[2]
      Sending file. Request path: '/homepage/bower_components/bootstrap/dist/css/bootstrap.min.css'. Physical path: 'D:\Xamarin\BBCWebAPI\BBCWebAPI\wwwroot\homepage\bower_components\bootstrap\dist\css\bootstrap.min.css'
info: Microsoft.AspNetCore.Hosting.Internal.WebHost[2]
      Request finished in 464.3509ms 200 text/css
info: Microsoft.AspNetCore.StaticFiles.StaticFileMiddleware[2]
      Sending file. Request path: '/components/css/List.css'. Physical path: 'D:\Xamarin\BBCWebAPI\BBCWebAPI\wwwroot\components\css\List.css'
info: Microsoft.AspNetCore.Hosting.Internal.WebHost[1]
      Request starting HTTP/1.1 GET http://localhost:4000/homepage/bower_components/jquery/dist/jquery.min.js  
info: Microsoft.AspNetCore.StaticFiles.StaticFileMiddleware[2]
      Sending file. Request path: '/homepage/image/avatarAdmin.jpg'. Physical path: 'D:\Xamarin\BBCWebAPI\BBCWebAPI\wwwroot\homepage\image\avatarAdmin.jpg'
info: Microsoft.AspNetCore.Hosting.Internal.WebHost[2]
      Request finished in 220.9331ms 200 text/css
info: Microsoft.AspNetCore.Hosting.Internal.WebHost[2]
      Request finished in 191.614ms 200 image/jpeg
info: Microsoft.AspNetCore.Hosting.Internal.WebHost[1]
      Request starting HTTP/1.1 GET http://localhost:4000/homepage/bower_components/bootstrap/dist/js/bootstrap.min.js  
info: Microsoft.AspNetCore.Hosting.Internal.WebHost[1]
      Request starting HTTP/1.1 GET http://localhost:4000/homepage/js/adminlte.min.js  
info: Microsoft.AspNetCore.Hosting.Internal.WebHost[1]
      Request starting HTTP/1.1 GET http://localhost:4000/components/images/edit.png  
info: Microsoft.AspNetCore.Hosting.Internal.WebHost[1]
      Request starting HTTP/1.1 GET http://localhost:4000/components/images/answer.png  
info: Microsoft.AspNetCore.StaticFiles.StaticFileMiddleware[2]
      Sending file. Request path: '/components/images/edit.png'. Physical path: 'D:\Xamarin\BBCWebAPI\BBCWebAPI\wwwroot\components\images\edit.png'
info: Microsoft.AspNetCore.Hosting.Internal.WebHost[2]
      Request finished in 60.2515ms 200 image/png
info: Microsoft.AspNetCore.StaticFiles.StaticFileMiddleware[2]
      Sending file. Request path: '/homepage/css/skins/skin-blue.min.css'. Physical path: 'D:\Xamarin\BBCWebAPI\BBCWebAPI\wwwroot\homepage\css\skins\skin-blue.min.css'
info: Microsoft.AspNetCore.StaticFiles.StaticFileMiddleware[2]
      Sending file. Request path: '/homepage/bower_components/bootstrap/dist/js/bootstrap.min.js'. Physical path: 'D:\Xamarin\BBCWebAPI\BBCWebAPI\wwwroot\homepage\bower_components\bootstrap\dist\js\bootstrap.min.js'
info: Microsoft.AspNetCore.StaticFiles.StaticFileMiddleware[2]
      Sending file. Request path: '/components/images/answer.png'. Physical path: 'D:\Xamarin\BBCWebAPI\BBCWebAPI\wwwroot\components\images\answer.png'
info: Microsoft.AspNetCore.StaticFiles.StaticFileMiddleware[2]
      Sending file. Request path: '/homepage/bower_components/jquery/dist/jquery.min.js'. Physical path: 'D:\Xamarin\BBCWebAPI\BBCWebAPI\wwwroot\homepage\bower_components\jquery\dist\jquery.min.js'
info: Microsoft.AspNetCore.Hosting.Internal.WebHost[2]
      Request finished in 209.0664ms 200 application/javascript
info: Microsoft.AspNetCore.StaticFiles.StaticFileMiddleware[2]
      Sending file. Request path: '/homepage/js/adminlte.min.js'. Physical path: 'D:\Xamarin\BBCWebAPI\BBCWebAPI\wwwroot\homepage\js\adminlte.min.js'
info: Microsoft.AspNetCore.Hosting.Internal.WebHost[2]
      Request finished in 405.0148ms 200 application/javascript
info: Microsoft.AspNetCore.Hosting.Internal.WebHost[2]
      Request finished in 304.4341ms 200 image/png
info: Microsoft.AspNetCore.Hosting.Internal.WebHost[1]
      Request starting HTTP/1.1 GET http://localhost:4000/components/images/delete.png  
info: Microsoft.AspNetCore.Hosting.Internal.WebHost[2]
      Request finished in 478.315ms 200 application/javascript
info: Microsoft.AspNetCore.Hosting.Internal.WebHost[2]
      Request finished in 1097.0234ms 200 text/css
info: Microsoft.AspNetCore.StaticFiles.StaticFileMiddleware[2]
      Sending file. Request path: '/components/images/delete.png'. Physical path: 'D:\Xamarin\BBCWebAPI\BBCWebAPI\wwwroot\components\images\delete.png'
info: Microsoft.AspNetCore.Hosting.Internal.WebHost[1]
      Request starting HTTP/1.1 GET http://localhost:4000/homepage/bower_components/font-awesome/fonts/fontawesome-webfont.woff2?v=4.7.0  
info: Microsoft.AspNetCore.Hosting.Internal.WebHost[2]
      Request finished in 108.3696ms 200 image/png
info: Microsoft.AspNetCore.StaticFiles.StaticFileMiddleware[2]
      Sending file. Request path: '/homepage/bower_components/font-awesome/fonts/fontawesome-webfont.woff2'. Physical path: 'D:\Xamarin\BBCWebAPI\BBCWebAPI\wwwroot\homepage\bower_components\font-awesome\fonts\fontawesome-webfont.woff2'
info: Microsoft.AspNetCore.Hosting.Internal.WebHost[2]
      Request finished in 44.4996ms 200 font/woff2
info: Microsoft.AspNetCore.Hosting.Internal.WebHost[1]
      Request starting HTTP/1.1 GET http://localhost:4000/HomePage/ListQuestionPage?lessonID=1b8218b4-6fa5-46f5-8096-4541cc1af039&lessonName=Should%20schoolchildren%20have%20jobs%3F%20%20%20%20%20%20%20%20%20%20%20%20%20%20%20%20%20%20%20%20%20%20%20%20%20%20%20%20%20%20%20%20%20%20%20%20%20%20%20%20%20%20%20%20%20%20%20%20%20%20%20%20%20%20%20%20%20%20%20%20%20%20%20%20%20%20%20%20  
info: Microsoft.AspNetCore.Mvc.Internal.ControllerActionInvoker[1]
      Route matched with {action = "ToListQuestionPage", controller = "Home"}. Executing action BBCWebAPI.Controllers.UI.HomeController.ToListQuestionPage (BBCWebAPI)
info: Microsoft.AspNetCore.Mvc.Internal.ControllerActionInvoker[1]
      Executing action method BBCWebAPI.Controllers.UI.HomeController.ToListQuestionPage (BBCWebAPI) with arguments (, , 1b8218b4-6fa5-46f5-8096-4541cc1af039, Should schoolchildren have jobs?                                                                    ) - Validation state: Valid
info: Microsoft.EntityFrameworkCore.Infrastructure[10403]
      Entity Framework Core 2.1.4-rtm-31024 initialized 'DataContext' using provider 'Microsoft.EntityFrameworkCore.SqlServer' with options: None
info: Microsoft.EntityFrameworkCore.Database.Command[20101]
      Executed DbCommand (231ms) [Parameters=[], CommandType='Text', CommandTimeout='30']
      SELECT [t].[ID], [t].[Name]
      FROM [Topic] AS [t]
info: Microsoft.EntityFrameworkCore.Database.Command[20101]
      Executed DbCommand (231ms) [Parameters=[@__lessonID_0='?' (Size = 4000)], CommandType='Text', CommandTimeout='30']
      SELECT [question].[QuestionID], [question].[Content], [question].[LessonID], [question].[TypeQuestion]
      FROM [Question] AS [question]
      WHERE [question].[LessonID] = @__lessonID_0
info: Microsoft.AspNetCore.Mvc.Internal.ControllerActionInvoker[2]
      Executed action method BBCWebAPI.Controllers.UI.HomeController.ToListQuestionPage (BBCWebAPI), returned result Microsoft.AspNetCore.Mvc.ViewResult in 480.0737ms.
info: Microsoft.AspNetCore.Mvc.ViewFeatures.ViewResultExecutor[1]
      Executing ViewResult, running view Views/Pages/List/ListQuestionPage.cshtml.
info: Microsoft.AspNetCore.Mvc.ViewFeatures.ViewResultExecutor[4]
      Executed ViewResult - view Views/Pages/List/ListQuestionPage.cshtml executed in 5.969ms.
info: Microsoft.AspNetCore.Mvc.Internal.ControllerActionInvoker[2]
      Executed action BBCWebAPI.Controllers.UI.HomeController.ToListQuestionPage (BBCWebAPI) in 505.9489ms
info: Microsoft.AspNetCore.Hosting.Internal.WebHost[1]
      Request starting HTTP/1.1 GET http://localhost:4000/homepage/bower_components/Ionicons/css/ionicons.min.css  
info: Microsoft.AspNetCore.Hosting.Internal.WebHost[1]
      Request starting HTTP/1.1 GET http://localhost:4000/homepage/bower_components/bootstrap/dist/css/bootstrap.min.css  
info: Microsoft.AspNetCore.Hosting.Internal.WebHost[2]
      Request finished in 597.8937ms 200 text/html; charset=utf-8
info: Microsoft.AspNetCore.Hosting.Internal.WebHost[1]
      Request starting HTTP/1.1 GET http://localhost:4000/homepage/bower_components/font-awesome/css/font-awesome.min.css  
info: Microsoft.AspNetCore.StaticFiles.StaticFileMiddleware[2]
      Sending file. Request path: '/homepage/bower_components/font-awesome/css/font-awesome.min.css'. Physical path: 'D:\Xamarin\BBCWebAPI\BBCWebAPI\wwwroot\homepage\bower_components\font-awesome\css\font-awesome.min.css'
info: Microsoft.AspNetCore.Hosting.Internal.WebHost[1]
      Request starting HTTP/1.1 GET http://localhost:4000/homepage/css/skins/skin-blue.min.css  
info: Microsoft.AspNetCore.Hosting.Internal.WebHost[1]
      Request starting HTTP/1.1 GET http://localhost:4000/homepage/css/AdminLTE.min.css  
info: Microsoft.AspNetCore.Hosting.Internal.WebHost[2]
      Request finished in 121.8554ms 200 text/css
info: Microsoft.AspNetCore.Hosting.Internal.WebHost[1]
      Request starting HTTP/1.1 GET http://localhost:4000/components/css/List.css  
info: Microsoft.AspNetCore.StaticFiles.StaticFileMiddleware[2]
      Sending file. Request path: '/homepage/bower_components/bootstrap/dist/css/bootstrap.min.css'. Physical path: 'D:\Xamarin\BBCWebAPI\BBCWebAPI\wwwroot\homepage\bower_components\bootstrap\dist\css\bootstrap.min.css'
info: Microsoft.AspNetCore.StaticFiles.StaticFileMiddleware[2]
      Sending file. Request path: '/homepage/css/skins/skin-blue.min.css'. Physical path: 'D:\Xamarin\BBCWebAPI\BBCWebAPI\wwwroot\homepage\css\skins\skin-blue.min.css'
info: Microsoft.AspNetCore.Hosting.Internal.WebHost[2]
      Request finished in 195.1117ms 200 text/css
info: Microsoft.AspNetCore.Hosting.Internal.WebHost[2]
      Request finished in 149.3087ms 200 text/css
info: Microsoft.AspNetCore.StaticFiles.StaticFileMiddleware[2]
      Sending file. Request path: '/components/css/List.css'. Physical path: 'D:\Xamarin\BBCWebAPI\BBCWebAPI\wwwroot\components\css\List.css'
info: Microsoft.AspNetCore.Hosting.Internal.WebHost[1]
      Request starting HTTP/1.1 GET http://localhost:4000/homepage/image/avatarAdmin.jpg  
info: Microsoft.AspNetCore.Hosting.Internal.WebHost[2]
      Request finished in 63.0132ms 200 text/css
info: Microsoft.AspNetCore.StaticFiles.StaticFileMiddleware[2]
      Sending file. Request path: '/homepage/bower_components/Ionicons/css/ionicons.min.css'. Physical path: 'D:\Xamarin\BBCWebAPI\BBCWebAPI\wwwroot\homepage\bower_components\Ionicons\css\ionicons.min.css'
info: Microsoft.AspNetCore.StaticFiles.StaticFileMiddleware[2]
      Sending file. Request path: '/homepage/css/AdminLTE.min.css'. Physical path: 'D:\Xamarin\BBCWebAPI\BBCWebAPI\wwwroot\homepage\css\AdminLTE.min.css'
info: Microsoft.AspNetCore.Hosting.Internal.WebHost[1]
      Request starting HTTP/1.1 GET http://localhost:4000/homepage/bower_components/jquery/dist/jquery.min.js  
info: Microsoft.AspNetCore.Hosting.Internal.WebHost[2]
      Request finished in 317.5801ms 200 text/css
info: Microsoft.AspNetCore.Hosting.Internal.WebHost[1]
      Request starting HTTP/1.1 GET http://localhost:4000/homepage/bower_components/bootstrap/dist/js/bootstrap.min.js  
info: Microsoft.AspNetCore.Hosting.Internal.WebHost[2]
      Request finished in 357.0101ms 200 text/css
info: Microsoft.AspNetCore.Hosting.Internal.WebHost[1]
      Request starting HTTP/1.1 GET http://localhost:4000/homepage/js/adminlte.min.js  
info: Microsoft.AspNetCore.Hosting.Internal.WebHost[1]
      Request starting HTTP/1.1 GET http://localhost:4000/components/images/answer.png  
info: Microsoft.AspNetCore.Hosting.Internal.WebHost[1]
      Request starting HTTP/1.1 GET http://localhost:4000/components/images/edit.png  
info: Microsoft.AspNetCore.StaticFiles.StaticFileMiddleware[2]
      Sending file. Request path: '/homepage/js/adminlte.min.js'. Physical path: 'D:\Xamarin\BBCWebAPI\BBCWebAPI\wwwroot\homepage\js\adminlte.min.js'
info: Microsoft.AspNetCore.StaticFiles.StaticFileMiddleware[2]
      Sending file. Request path: '/homepage/bower_components/bootstrap/dist/js/bootstrap.min.js'. Physical path: 'D:\Xamarin\BBCWebAPI\BBCWebAPI\wwwroot\homepage\bower_components\bootstrap\dist\js\bootstrap.min.js'
info: Microsoft.AspNetCore.StaticFiles.StaticFileMiddleware[2]
      Sending file. Request path: '/homepage/bower_components/jquery/dist/jquery.min.js'. Physical path: 'D:\Xamarin\BBCWebAPI\BBCWebAPI\wwwroot\homepage\bower_components\jquery\dist\jquery.min.js'
info: Microsoft.AspNetCore.Hosting.Internal.WebHost[2]
      Request finished in 188.6377ms 200 application/javascript
info: Microsoft.AspNetCore.StaticFiles.StaticFileMiddleware[2]
      Sending file. Request path: '/components/images/answer.png'. Physical path: 'D:\Xamarin\BBCWebAPI\BBCWebAPI\wwwroot\components\images\answer.png'
info: Microsoft.AspNetCore.Hosting.Internal.WebHost[1]
      Request starting HTTP/1.1 GET http://localhost:4000/components/images/delete.png  
info: Microsoft.AspNetCore.Hosting.Internal.WebHost[2]
      Request finished in 349.1961ms 200 application/javascript
info: Microsoft.AspNetCore.StaticFiles.StaticFileMiddleware[2]
      Sending file. Request path: '/homepage/image/avatarAdmin.jpg'. Physical path: 'D:\Xamarin\BBCWebAPI\BBCWebAPI\wwwroot\homepage\image\avatarAdmin.jpg'
info: Microsoft.AspNetCore.StaticFiles.StaticFileMiddleware[2]
      Sending file. Request path: '/components/images/edit.png'. Physical path: 'D:\Xamarin\BBCWebAPI\BBCWebAPI\wwwroot\components\images\edit.png'
info: Microsoft.AspNetCore.StaticFiles.StaticFileMiddleware[2]
      Sending file. Request path: '/components/images/delete.png'. Physical path: 'D:\Xamarin\BBCWebAPI\BBCWebAPI\wwwroot\components\images\delete.png'
info: Microsoft.AspNetCore.Hosting.Internal.WebHost[1]
      Request starting HTTP/1.1 GET http://localhost:4000/homepage/bower_components/font-awesome/fonts/fontawesome-webfont.woff2?v=4.7.0  
info: Microsoft.AspNetCore.Hosting.Internal.WebHost[2]
      Request finished in 82.8035ms 200 image/png
info: Microsoft.AspNetCore.Hosting.Internal.WebHost[2]
      Request finished in 595.8924ms 200 application/javascript
info: Microsoft.AspNetCore.StaticFiles.StaticFileMiddleware[2]
      Sending file. Request path: '/homepage/bower_components/font-awesome/fonts/fontawesome-webfont.woff2'. Physical path: 'D:\Xamarin\BBCWebAPI\BBCWebAPI\wwwroot\homepage\bower_components\font-awesome\fonts\fontawesome-webfont.woff2'
info: Microsoft.AspNetCore.Hosting.Internal.WebHost[2]
      Request finished in 456.1178ms 200 image/png
info: Microsoft.AspNetCore.Hosting.Internal.WebHost[2]
      Request finished in 179.1089ms 200 font/woff2
info: Microsoft.AspNetCore.Hosting.Internal.WebHost[2]
      Request finished in 549.0109ms 200 image/png
info: Microsoft.AspNetCore.Hosting.Internal.WebHost[2]
      Request finished in 812.6468ms 200 image/jpeg
info: Microsoft.AspNetCore.Hosting.Internal.WebHost[1]
      Request starting HTTP/1.1 GET http://localhost:4000/HomePage/ListQuestionPage?lessonID=1b8218b4-6fa5-46f5-8096-4541cc1af039&lessonName=Should%20schoolchildren%20have%20jobs%3F%20%20%20%20%20%20%20%20%20%20%20%20%20%20%20%20%20%20%20%20%20%20%20%20%20%20%20%20%20%20%20%20%20%20%20%20%20%20%20%20%20%20%20%20%20%20%20%20%20%20%20%20%20%20%20%20%20%20%20%20%20%20%20%20%20%20%20%20  
info: Microsoft.AspNetCore.Mvc.Internal.ControllerActionInvoker[1]
      Route matched with {action = "ToListQuestionPage", controller = "Home"}. Executing action BBCWebAPI.Controllers.UI.HomeController.ToListQuestionPage (BBCWebAPI)
info: Microsoft.AspNetCore.Mvc.Internal.ControllerActionInvoker[1]
      Executing action method BBCWebAPI.Controllers.UI.HomeController.ToListQuestionPage (BBCWebAPI) with arguments (, , 1b8218b4-6fa5-46f5-8096-4541cc1af039, Should schoolchildren have jobs?                                                                    ) - Validation state: Valid
info: Microsoft.EntityFrameworkCore.Infrastructure[10403]
      Entity Framework Core 2.1.4-rtm-31024 initialized 'DataContext' using provider 'Microsoft.EntityFrameworkCore.SqlServer' with options: None
info: Microsoft.EntityFrameworkCore.Database.Command[20101]
      Executed DbCommand (237ms) [Parameters=[], CommandType='Text', CommandTimeout='30']
      SELECT [t].[ID], [t].[Name]
      FROM [Topic] AS [t]
info: Microsoft.EntityFrameworkCore.Database.Command[20101]
      Executed DbCommand (231ms) [Parameters=[@__lessonID_0='?' (Size = 4000)], CommandType='Text', CommandTimeout='30']
      SELECT [question].[QuestionID], [question].[Content], [question].[LessonID], [question].[TypeQuestion]
      FROM [Question] AS [question]
      WHERE [question].[LessonID] = @__lessonID_0
info: Microsoft.AspNetCore.Mvc.Internal.ControllerActionInvoker[2]
      Executed action method BBCWebAPI.Controllers.UI.HomeController.ToListQuestionPage (BBCWebAPI), returned result Microsoft.AspNetCore.Mvc.ViewResult in 486.2579ms.
info: Microsoft.AspNetCore.Mvc.ViewFeatures.ViewResultExecutor[1]
      Executing ViewResult, running view Views/Pages/List/ListQuestionPage.cshtml.
info: Microsoft.AspNetCore.Mvc.ViewFeatures.ViewResultExecutor[4]
      Executed ViewResult - view Views/Pages/List/ListQuestionPage.cshtml executed in 6.7072ms.
info: Microsoft.AspNetCore.Mvc.Internal.ControllerActionInvoker[2]
      Executed action BBCWebAPI.Controllers.UI.HomeController.ToListQuestionPage (BBCWebAPI) in 506.4054ms
info: Microsoft.AspNetCore.Hosting.Internal.WebHost[2]
      Request finished in 525.0184ms 200 text/html; charset=utf-8
info: Microsoft.AspNetCore.Hosting.Internal.WebHost[1]
      Request starting HTTP/1.1 GET http://localhost:4000/homepage/bower_components/Ionicons/css/ionicons.min.css  
info: Microsoft.AspNetCore.Hosting.Internal.WebHost[1]
      Request starting HTTP/1.1 GET http://localhost:4000/homepage/css/AdminLTE.min.css  
info: Microsoft.AspNetCore.Hosting.Internal.WebHost[1]
      Request starting HTTP/1.1 GET http://localhost:4000/homepage/css/skins/skin-blue.min.css  
info: Microsoft.AspNetCore.Hosting.Internal.WebHost[1]
      Request starting HTTP/1.1 GET http://localhost:4000/homepage/bower_components/font-awesome/css/font-awesome.min.css  
info: Microsoft.AspNetCore.Hosting.Internal.WebHost[1]
      Request starting HTTP/1.1 GET http://localhost:4000/homepage/image/avatarAdmin.jpg  
info: Microsoft.AspNetCore.Hosting.Internal.WebHost[1]
      Request starting HTTP/1.1 GET http://localhost:4000/homepage/bower_components/bootstrap/dist/css/bootstrap.min.css  
info: Microsoft.AspNetCore.StaticFiles.StaticFileMiddleware[2]
      Sending file. Request path: '/homepage/css/skins/skin-blue.min.css'. Physical path: 'D:\Xamarin\BBCWebAPI\BBCWebAPI\wwwroot\homepage\css\skins\skin-blue.min.css'
info: Microsoft.AspNetCore.StaticFiles.StaticFileMiddleware[2]
      Sending file. Request path: '/homepage/bower_components/Ionicons/css/ionicons.min.css'. Physical path: 'D:\Xamarin\BBCWebAPI\BBCWebAPI\wwwroot\homepage\bower_components\Ionicons\css\ionicons.min.css'
info: Microsoft.AspNetCore.StaticFiles.StaticFileMiddleware[2]
      Sending file. Request path: '/homepage/css/AdminLTE.min.css'. Physical path: 'D:\Xamarin\BBCWebAPI\BBCWebAPI\wwwroot\homepage\css\AdminLTE.min.css'
info: Microsoft.AspNetCore.Hosting.Internal.WebHost[2]
      Request finished in 62.9865ms 200 text/css
info: Microsoft.AspNetCore.StaticFiles.StaticFileMiddleware[2]
      Sending file. Request path: '/homepage/bower_components/bootstrap/dist/css/bootstrap.min.css'. Physical path: 'D:\Xamarin\BBCWebAPI\BBCWebAPI\wwwroot\homepage\bower_components\bootstrap\dist\css\bootstrap.min.css'
info: Microsoft.AspNetCore.StaticFiles.StaticFileMiddleware[2]
      Sending file. Request path: '/homepage/image/avatarAdmin.jpg'. Physical path: 'D:\Xamarin\BBCWebAPI\BBCWebAPI\wwwroot\homepage\image\avatarAdmin.jpg'
info: Microsoft.AspNetCore.Hosting.Internal.WebHost[2]
      Request finished in 128.9621ms 200 text/css
info: Microsoft.AspNetCore.Hosting.Internal.WebHost[2]
      Request finished in 150.7303ms 200 image/jpeg
info: Microsoft.AspNetCore.StaticFiles.StaticFileMiddleware[2]
      Sending file. Request path: '/homepage/bower_components/font-awesome/css/font-awesome.min.css'. Physical path: 'D:\Xamarin\BBCWebAPI\BBCWebAPI\wwwroot\homepage\bower_components\font-awesome\css\font-awesome.min.css'
info: Microsoft.AspNetCore.Hosting.Internal.WebHost[2]
      Request finished in 183.4757ms 200 text/css
info: Microsoft.AspNetCore.Hosting.Internal.WebHost[1]
      Request starting HTTP/1.1 GET http://localhost:4000/components/images/answer.png  
info: Microsoft.AspNetCore.Hosting.Internal.WebHost[1]
      Request starting HTTP/1.1 GET http://localhost:4000/homepage/js/adminlte.min.js  
info: Microsoft.AspNetCore.Hosting.Internal.WebHost[1]
      Request starting HTTP/1.1 GET http://localhost:4000/homepage/bower_components/jquery/dist/jquery.min.js  
info: Microsoft.AspNetCore.Hosting.Internal.WebHost[2]
      Request finished in 243.9391ms 200 text/css
info: Microsoft.AspNetCore.StaticFiles.StaticFileMiddleware[2]
      Sending file. Request path: '/components/images/answer.png'. Physical path: 'D:\Xamarin\BBCWebAPI\BBCWebAPI\wwwroot\components\images\answer.png'
info: Microsoft.AspNetCore.Hosting.Internal.WebHost[2]
      Request finished in 64.7259ms 200 image/png
info: Microsoft.AspNetCore.Hosting.Internal.WebHost[1]
      Request starting HTTP/1.1 GET http://localhost:4000/homepage/bower_components/bootstrap/dist/js/bootstrap.min.js  
info: Microsoft.AspNetCore.Hosting.Internal.WebHost[1]
      Request starting HTTP/1.1 GET http://localhost:4000/components/images/delete.png  
info: Microsoft.AspNetCore.StaticFiles.StaticFileMiddleware[2]
      Sending file. Request path: '/homepage/bower_components/jquery/dist/jquery.min.js'. Physical path: 'D:\Xamarin\BBCWebAPI\BBCWebAPI\wwwroot\homepage\bower_components\jquery\dist\jquery.min.js'
info: Microsoft.AspNetCore.Hosting.Internal.WebHost[2]
      Request finished in 123.5332ms 200 application/javascript
info: Microsoft.AspNetCore.StaticFiles.StaticFileMiddleware[2]
      Sending file. Request path: '/homepage/bower_components/bootstrap/dist/js/bootstrap.min.js'. Physical path: 'D:\Xamarin\BBCWebAPI\BBCWebAPI\wwwroot\homepage\bower_components\bootstrap\dist\js\bootstrap.min.js'
info: Microsoft.AspNetCore.Hosting.Internal.WebHost[2]
      Request finished in 138.7872ms 200 application/javascript
info: Microsoft.AspNetCore.StaticFiles.StaticFileMiddleware[2]
      Sending file. Request path: '/components/images/delete.png'. Physical path: 'D:\Xamarin\BBCWebAPI\BBCWebAPI\wwwroot\components\images\delete.png'
info: Microsoft.AspNetCore.Hosting.Internal.WebHost[1]
      Request starting HTTP/1.1 GET http://localhost:4000/components/css/List.css  
info: Microsoft.AspNetCore.Hosting.Internal.WebHost[2]
      Request finished in 133.762ms 200 image/png
info: Microsoft.AspNetCore.Hosting.Internal.WebHost[2]
      Request finished in 440.9689ms 200 text/css
info: Microsoft.AspNetCore.StaticFiles.StaticFileMiddleware[2]
      Sending file. Request path: '/components/css/List.css'. Physical path: 'D:\Xamarin\BBCWebAPI\BBCWebAPI\wwwroot\components\css\List.css'
info: Microsoft.AspNetCore.Hosting.Internal.WebHost[1]
      Request starting HTTP/1.1 GET http://localhost:4000/components/images/edit.png  
info: Microsoft.AspNetCore.StaticFiles.StaticFileMiddleware[2]
      Sending file. Request path: '/homepage/js/adminlte.min.js'. Physical path: 'D:\Xamarin\BBCWebAPI\BBCWebAPI\wwwroot\homepage\js\adminlte.min.js'
info: Microsoft.AspNetCore.Hosting.Internal.WebHost[2]
      Request finished in 60.1087ms 200 text/css
info: Microsoft.AspNetCore.Hosting.Internal.WebHost[2]
      Request finished in 284.9804ms 200 application/javascript
info: Microsoft.AspNetCore.StaticFiles.StaticFileMiddleware[2]
      Sending file. Request path: '/components/images/edit.png'. Physical path: 'D:\Xamarin\BBCWebAPI\BBCWebAPI\wwwroot\components\images\edit.png'
info: Microsoft.AspNetCore.Hosting.Internal.WebHost[2]
      Request finished in 55.7168ms 200 image/png
info: Microsoft.AspNetCore.Hosting.Internal.WebHost[1]
      Request starting HTTP/1.1 GET http://localhost:4000/homepage/bower_components/font-awesome/fonts/fontawesome-webfont.woff2?v=4.7.0  
info: Microsoft.AspNetCore.StaticFiles.StaticFileMiddleware[2]
      Sending file. Request path: '/homepage/bower_components/font-awesome/fonts/fontawesome-webfont.woff2'. Physical path: 'D:\Xamarin\BBCWebAPI\BBCWebAPI\wwwroot\homepage\bower_components\font-awesome\fonts\fontawesome-webfont.woff2'
info: Microsoft.AspNetCore.Hosting.Internal.WebHost[2]
      Request finished in 88.0184ms 200 font/woff2























































































