info: Microsoft.AspNetCore.DataProtection.KeyManagement.XmlKeyManager[0]
      User profile is available. Using 'C:\Users\HP\AppData\Local\ASP.NET\DataProtection-Keys' as key repository and Windows DPAPI to encrypt keys at rest.
Hosting environment: Development
Content root path: D:\Xamarin\BBCWebAPI\BBCWebAPI
Now listening on: http://127.0.0.1:7990
Application started. Press Ctrl+C to shut down.
info: Microsoft.AspNetCore.Hosting.Internal.WebHost[1]
      Request starting HTTP/1.1 GET http://localhost:4000/HomePage  
info: Microsoft.AspNetCore.Hosting.Internal.WebHost[1]
      Request starting HTTP/1.1 DEBUG http://localhost:4000/  0
info: Microsoft.AspNetCore.Hosting.Internal.WebHost[2]
      Request finished in 120.3457ms 200 
warn: Microsoft.AspNetCore.HttpsPolicy.HttpsRedirectionMiddleware[3]
      Failed to determine the https port for redirect.
info: Microsoft.AspNetCore.Mvc.Internal.ControllerActionInvoker[1]
      Route matched with {action = "HomePage", controller = "Home"}. Executing action BBCWebAPI.Controllers.UI.HomeController.HomePage (BBCWebAPI)
info: Microsoft.AspNetCore.Mvc.Internal.ControllerActionInvoker[1]
      Executing action method BBCWebAPI.Controllers.UI.HomeController.HomePage (BBCWebAPI) with arguments (, ) - Validation state: Valid
info: Microsoft.EntityFrameworkCore.Infrastructure[10403]
      Entity Framework Core 2.1.4-rtm-31024 initialized 'DataContext' using provider 'Microsoft.EntityFrameworkCore.SqlServer' with options: None
info: Microsoft.EntityFrameworkCore.Database.Command[20101]
      Executed DbCommand (255ms) [Parameters=[], CommandType='Text', CommandTimeout='30']
      SELECT [t].[ID], [t].[Name]
      FROM [Topic] AS [t]
info: Microsoft.EntityFrameworkCore.Database.Command[20101]
      Executed DbCommand (241ms) [Parameters=[], CommandType='Text', CommandTimeout='30']
      SELECT [lesson].[ID], [lesson].[Actor], [lesson].[CreatedDate], [lesson].[FileURLDowload], [lesson].[FileURLOnline], [lesson].[IDTP], [lesson].[ImageURL], [lesson].[Name], [lesson].[Sumary], [lesson].[Transcript], [lesson].[UpdatedDate], [lesson].[Vocabulary], [lesson].[Year]
      FROM [Lesson] AS [lesson]
      WHERE [lesson].[IDTP] = N'6M'
info: Microsoft.AspNetCore.Mvc.Internal.ControllerActionInvoker[2]
      Executed action method BBCWebAPI.Controllers.UI.HomeController.HomePage (BBCWebAPI), returned result Microsoft.AspNetCore.Mvc.ViewResult in 3934.9365ms.
info: Microsoft.AspNetCore.Mvc.ViewFeatures.ViewResultExecutor[1]
      Executing ViewResult, running view Views/Pages/HomePage.cshtml.
info: Microsoft.AspNetCore.Mvc.ViewFeatures.ViewResultExecutor[4]
      Executed ViewResult - view Views/Pages/HomePage.cshtml executed in 368.7834ms.
info: Microsoft.AspNetCore.Mvc.Internal.ControllerActionInvoker[2]
      Executed action BBCWebAPI.Controllers.UI.HomeController.HomePage (BBCWebAPI) in 4687.8551ms
info: Microsoft.AspNetCore.Hosting.Internal.WebHost[2]
      Request finished in 5351.384ms 200 text/html; charset=utf-8
info: Microsoft.AspNetCore.Hosting.Internal.WebHost[1]
      Request starting HTTP/1.1 GET http://localhost:4000/homepage/bower_components/bootstrap/dist/css/bootstrap.min.css  
info: Microsoft.AspNetCore.Hosting.Internal.WebHost[1]
      Request starting HTTP/1.1 GET http://localhost:4000/homepage/css/AdminLTE.min.css  
info: Microsoft.AspNetCore.Hosting.Internal.WebHost[1]
      Request starting HTTP/1.1 GET http://localhost:4000/homepage/bower_components/font-awesome/css/font-awesome.min.css  
info: Microsoft.AspNetCore.Hosting.Internal.WebHost[1]
      Request starting HTTP/1.1 GET http://localhost:4000/homepage/css/skins/skin-blue.min.css  
info: Microsoft.AspNetCore.Hosting.Internal.WebHost[1]
      Request starting HTTP/1.1 GET http://localhost:4000/homepage/bower_components/Ionicons/css/ionicons.min.css  
info: Microsoft.AspNetCore.Hosting.Internal.WebHost[1]
      Request starting HTTP/1.1 GET http://localhost:4000/components/css/Detail.css  
info: Microsoft.AspNetCore.StaticFiles.StaticFileMiddleware[2]
      Sending file. Request path: '/homepage/css/skins/skin-blue.min.css'. Physical path: 'D:\Xamarin\BBCWebAPI\BBCWebAPI\wwwroot\homepage\css\skins\skin-blue.min.css'
info: Microsoft.AspNetCore.StaticFiles.StaticFileMiddleware[2]
      Sending file. Request path: '/homepage/bower_components/Ionicons/css/ionicons.min.css'. Physical path: 'D:\Xamarin\BBCWebAPI\BBCWebAPI\wwwroot\homepage\bower_components\Ionicons\css\ionicons.min.css'
info: Microsoft.AspNetCore.StaticFiles.StaticFileMiddleware[2]
      Sending file. Request path: '/homepage/bower_components/font-awesome/css/font-awesome.min.css'. Physical path: 'D:\Xamarin\BBCWebAPI\BBCWebAPI\wwwroot\homepage\bower_components\font-awesome\css\font-awesome.min.css'
info: Microsoft.AspNetCore.StaticFiles.StaticFileMiddleware[2]
      Sending file. Request path: '/components/css/Detail.css'. Physical path: 'D:\Xamarin\BBCWebAPI\BBCWebAPI\wwwroot\components\css\Detail.css'
info: Microsoft.AspNetCore.Hosting.Internal.WebHost[2]
      Request finished in 170.7451ms 200 text/css
info: Microsoft.AspNetCore.Hosting.Internal.WebHost[2]
      Request finished in 168.0114ms 200 text/css
info: Microsoft.AspNetCore.StaticFiles.StaticFileMiddleware[2]
      Sending file. Request path: '/homepage/bower_components/bootstrap/dist/css/bootstrap.min.css'. Physical path: 'D:\Xamarin\BBCWebAPI\BBCWebAPI\wwwroot\homepage\bower_components\bootstrap\dist\css\bootstrap.min.css'
info: Microsoft.AspNetCore.Hosting.Internal.WebHost[2]
      Request finished in 347.773ms 200 text/css
info: Microsoft.AspNetCore.Hosting.Internal.WebHost[2]
      Request finished in 206.7661ms 200 text/css
info: Microsoft.AspNetCore.StaticFiles.StaticFileMiddleware[2]
      Sending file. Request path: '/homepage/css/AdminLTE.min.css'. Physical path: 'D:\Xamarin\BBCWebAPI\BBCWebAPI\wwwroot\homepage\css\AdminLTE.min.css'
info: Microsoft.AspNetCore.Hosting.Internal.WebHost[2]
      Request finished in 427.5818ms 200 text/css
info: Microsoft.AspNetCore.Hosting.Internal.WebHost[2]
      Request finished in 467.3682ms 200 text/css
info: Microsoft.AspNetCore.Hosting.Internal.WebHost[1]
      Request starting HTTP/1.1 GET http://localhost:4000/homepage/bower_components/bootstrap/dist/js/bootstrap.min.js  
info: Microsoft.AspNetCore.Hosting.Internal.WebHost[1]
      Request starting HTTP/1.1 GET http://localhost:4000/homepage/js/adminlte.min.js  
info: Microsoft.AspNetCore.Hosting.Internal.WebHost[1]
      Request starting HTTP/1.1 GET http://localhost:4000/homepage/bower_components/jquery/dist/jquery.min.js  
info: Microsoft.AspNetCore.Hosting.Internal.WebHost[1]
      Request starting HTTP/1.1 GET http://localhost:4000/homepage/image/avatarAdmin.jpg  
info: Microsoft.AspNetCore.Hosting.Internal.WebHost[1]
      Request starting HTTP/1.1 GET http://localhost:4000/components/images/edit.png  
info: Microsoft.AspNetCore.StaticFiles.StaticFileMiddleware[2]
      Sending file. Request path: '/homepage/bower_components/bootstrap/dist/js/bootstrap.min.js'. Physical path: 'D:\Xamarin\BBCWebAPI\BBCWebAPI\wwwroot\homepage\bower_components\bootstrap\dist\js\bootstrap.min.js'
info: Microsoft.AspNetCore.Hosting.Internal.WebHost[2]
      Request finished in 183.0495ms 200 application/javascript
info: Microsoft.AspNetCore.StaticFiles.StaticFileMiddleware[2]
      Sending file. Request path: '/homepage/js/adminlte.min.js'. Physical path: 'D:\Xamarin\BBCWebAPI\BBCWebAPI\wwwroot\homepage\js\adminlte.min.js'
info: Microsoft.AspNetCore.Hosting.Internal.WebHost[1]
      Request starting HTTP/1.1 GET http://localhost:4000/components/images/delete.png  
info: Microsoft.AspNetCore.StaticFiles.StaticFileMiddleware[2]
      Sending file. Request path: '/components/images/edit.png'. Physical path: 'D:\Xamarin\BBCWebAPI\BBCWebAPI\wwwroot\components\images\edit.png'
info: Microsoft.AspNetCore.StaticFiles.StaticFileMiddleware[2]
      Sending file. Request path: '/homepage/bower_components/jquery/dist/jquery.min.js'. Physical path: 'D:\Xamarin\BBCWebAPI\BBCWebAPI\wwwroot\homepage\bower_components\jquery\dist\jquery.min.js'
info: Microsoft.AspNetCore.Hosting.Internal.WebHost[2]
      Request finished in 230.6429ms 200 application/javascript
info: Microsoft.AspNetCore.Hosting.Internal.WebHost[2]
      Request finished in 117.8025ms 200 image/png
info: Microsoft.AspNetCore.Hosting.Internal.WebHost[2]
      Request finished in 169.119ms 200 application/javascript
info: Microsoft.AspNetCore.StaticFiles.StaticFileMiddleware[2]
      Sending file. Request path: '/homepage/image/avatarAdmin.jpg'. Physical path: 'D:\Xamarin\BBCWebAPI\BBCWebAPI\wwwroot\homepage\image\avatarAdmin.jpg'
info: Microsoft.AspNetCore.Hosting.Internal.WebHost[1]
      Request starting HTTP/1.1 GET http://localhost:4000/homepage/bower_components/font-awesome/fonts/fontawesome-webfont.woff2?v=4.7.0  
info: Microsoft.AspNetCore.Hosting.Internal.WebHost[2]
      Request finished in 197.3576ms 200 image/jpeg
info: Microsoft.AspNetCore.StaticFiles.StaticFileMiddleware[2]
      Sending file. Request path: '/homepage/bower_components/font-awesome/fonts/fontawesome-webfont.woff2'. Physical path: 'D:\Xamarin\BBCWebAPI\BBCWebAPI\wwwroot\homepage\bower_components\font-awesome\fonts\fontawesome-webfont.woff2'
info: Microsoft.AspNetCore.StaticFiles.StaticFileMiddleware[2]
      Sending file. Request path: '/components/images/delete.png'. Physical path: 'D:\Xamarin\BBCWebAPI\BBCWebAPI\wwwroot\components\images\delete.png'
info: Microsoft.AspNetCore.Hosting.Internal.WebHost[2]
      Request finished in 191.6422ms 200 font/woff2
info: Microsoft.AspNetCore.Hosting.Internal.WebHost[2]
      Request finished in 291.7809ms 200 image/png
info: Microsoft.AspNetCore.Hosting.Internal.WebHost[1]
      Request starting HTTP/1.1 GET http://localhost:4000/favicon.ico  
info: Microsoft.AspNetCore.Hosting.Internal.WebHost[2]
      Request finished in 14.9141ms 404 
info: Microsoft.AspNetCore.Hosting.Internal.WebHost[1]
      Request starting HTTP/1.1 GET http://localhost:4000/HomePage  
info: Microsoft.AspNetCore.Mvc.Internal.ControllerActionInvoker[1]
      Route matched with {action = "HomePage", controller = "Home"}. Executing action BBCWebAPI.Controllers.UI.HomeController.HomePage (BBCWebAPI)
info: Microsoft.AspNetCore.Mvc.Internal.ControllerActionInvoker[1]
      Executing action method BBCWebAPI.Controllers.UI.HomeController.HomePage (BBCWebAPI) with arguments (, ) - Validation state: Valid
info: Microsoft.EntityFrameworkCore.Infrastructure[10403]
      Entity Framework Core 2.1.4-rtm-31024 initialized 'DataContext' using provider 'Microsoft.EntityFrameworkCore.SqlServer' with options: None
info: Microsoft.EntityFrameworkCore.Database.Command[20101]
      Executed DbCommand (238ms) [Parameters=[], CommandType='Text', CommandTimeout='30']
      SELECT [t].[ID], [t].[Name]
      FROM [Topic] AS [t]
info: Microsoft.EntityFrameworkCore.Database.Command[20101]
      Executed DbCommand (239ms) [Parameters=[], CommandType='Text', CommandTimeout='30']
      SELECT [lesson].[ID], [lesson].[Actor], [lesson].[CreatedDate], [lesson].[FileURLDowload], [lesson].[FileURLOnline], [lesson].[IDTP], [lesson].[ImageURL], [lesson].[Name], [lesson].[Sumary], [lesson].[Transcript], [lesson].[UpdatedDate], [lesson].[Vocabulary], [lesson].[Year]
      FROM [Lesson] AS [lesson]
      WHERE [lesson].[IDTP] = N'6M'
info: Microsoft.AspNetCore.Mvc.Internal.ControllerActionInvoker[2]
      Executed action method BBCWebAPI.Controllers.UI.HomeController.HomePage (BBCWebAPI), returned result Microsoft.AspNetCore.Mvc.ViewResult in 545.7308ms.
info: Microsoft.AspNetCore.Mvc.ViewFeatures.ViewResultExecutor[1]
      Executing ViewResult, running view Views/Pages/HomePage.cshtml.
info: Microsoft.AspNetCore.Mvc.ViewFeatures.ViewResultExecutor[4]
      Executed ViewResult - view Views/Pages/HomePage.cshtml executed in 7.3886ms.
info: Microsoft.AspNetCore.Mvc.Internal.ControllerActionInvoker[2]
      Executed action BBCWebAPI.Controllers.UI.HomeController.HomePage (BBCWebAPI) in 592.5303ms
info: Microsoft.AspNetCore.Hosting.Internal.WebHost[2]
      Request finished in 653.2397ms 200 text/html; charset=utf-8
info: Microsoft.AspNetCore.Hosting.Internal.WebHost[1]
      Request starting HTTP/1.1 GET http://localhost:4000/homepage/bower_components/font-awesome/css/font-awesome.min.css  
info: Microsoft.AspNetCore.Hosting.Internal.WebHost[1]
      Request starting HTTP/1.1 GET http://localhost:4000/homepage/bower_components/Ionicons/css/ionicons.min.css  
info: Microsoft.AspNetCore.Hosting.Internal.WebHost[1]
      Request starting HTTP/1.1 GET http://localhost:4000/homepage/css/skins/skin-blue.min.css  
info: Microsoft.AspNetCore.Hosting.Internal.WebHost[1]
      Request starting HTTP/1.1 GET http://localhost:4000/homepage/css/AdminLTE.min.css  
info: Microsoft.AspNetCore.Hosting.Internal.WebHost[1]
      Request starting HTTP/1.1 GET http://localhost:4000/components/css/Detail.css  
info: Microsoft.AspNetCore.StaticFiles.StaticFileMiddleware[2]
      Sending file. Request path: '/homepage/bower_components/font-awesome/css/font-awesome.min.css'. Physical path: 'D:\Xamarin\BBCWebAPI\BBCWebAPI\wwwroot\homepage\bower_components\font-awesome\css\font-awesome.min.css'
info: Microsoft.AspNetCore.StaticFiles.StaticFileMiddleware[2]
      Sending file. Request path: '/homepage/bower_components/Ionicons/css/ionicons.min.css'. Physical path: 'D:\Xamarin\BBCWebAPI\BBCWebAPI\wwwroot\homepage\bower_components\Ionicons\css\ionicons.min.css'
info: Microsoft.AspNetCore.Hosting.Internal.WebHost[1]
      Request starting HTTP/1.1 GET http://localhost:4000/homepage/bower_components/bootstrap/dist/css/bootstrap.min.css  
info: Microsoft.AspNetCore.StaticFiles.StaticFileMiddleware[2]
      Sending file. Request path: '/components/css/Detail.css'. Physical path: 'D:\Xamarin\BBCWebAPI\BBCWebAPI\wwwroot\components\css\Detail.css'
info: Microsoft.AspNetCore.Hosting.Internal.WebHost[2]
      Request finished in 56.8217ms 200 text/css
info: Microsoft.AspNetCore.Hosting.Internal.WebHost[2]
      Request finished in 100.1448ms 200 text/css
info: Microsoft.AspNetCore.Hosting.Internal.WebHost[1]
      Request starting HTTP/1.1 GET http://localhost:4000/homepage/bower_components/bootstrap/dist/js/bootstrap.min.js  
info: Microsoft.AspNetCore.StaticFiles.StaticFileMiddleware[2]
      Sending file. Request path: '/homepage/css/AdminLTE.min.css'. Physical path: 'D:\Xamarin\BBCWebAPI\BBCWebAPI\wwwroot\homepage\css\AdminLTE.min.css'
info: Microsoft.AspNetCore.Hosting.Internal.WebHost[2]
      Request finished in 153.789ms 200 text/css
info: Microsoft.AspNetCore.Hosting.Internal.WebHost[1]
      Request starting HTTP/1.1 GET http://localhost:4000/homepage/bower_components/jquery/dist/jquery.min.js  
info: Microsoft.AspNetCore.StaticFiles.StaticFileMiddleware[2]
      Sending file. Request path: '/homepage/bower_components/bootstrap/dist/js/bootstrap.min.js'. Physical path: 'D:\Xamarin\BBCWebAPI\BBCWebAPI\wwwroot\homepage\bower_components\bootstrap\dist\js\bootstrap.min.js'
info: Microsoft.AspNetCore.StaticFiles.StaticFileMiddleware[2]
      Sending file. Request path: '/homepage/bower_components/bootstrap/dist/css/bootstrap.min.css'. Physical path: 'D:\Xamarin\BBCWebAPI\BBCWebAPI\wwwroot\homepage\bower_components\bootstrap\dist\css\bootstrap.min.css'
info: Microsoft.AspNetCore.Hosting.Internal.WebHost[2]
      Request finished in 179.7365ms 200 text/css
info: Microsoft.AspNetCore.Hosting.Internal.WebHost[1]
      Request starting HTTP/1.1 GET http://localhost:4000/homepage/js/adminlte.min.js  
info: Microsoft.AspNetCore.Hosting.Internal.WebHost[2]
      Request finished in 104.4705ms 200 application/javascript
info: Microsoft.AspNetCore.StaticFiles.StaticFileMiddleware[2]
      Sending file. Request path: '/homepage/bower_components/jquery/dist/jquery.min.js'. Physical path: 'D:\Xamarin\BBCWebAPI\BBCWebAPI\wwwroot\homepage\bower_components\jquery\dist\jquery.min.js'
info: Microsoft.AspNetCore.Hosting.Internal.WebHost[2]
      Request finished in 236.4609ms 200 text/css
info: Microsoft.AspNetCore.Hosting.Internal.WebHost[1]
      Request starting HTTP/1.1 GET http://localhost:4000/components/images/edit.png  
info: Microsoft.AspNetCore.Hosting.Internal.WebHost[1]
      Request starting HTTP/1.1 GET http://localhost:4000/components/images/delete.png  
info: Microsoft.AspNetCore.Hosting.Internal.WebHost[2]
      Request finished in 222.8166ms 200 application/javascript
info: Microsoft.AspNetCore.Hosting.Internal.WebHost[1]
      Request starting HTTP/1.1 GET http://localhost:4000/homepage/image/avatarAdmin.jpg  
info: Microsoft.AspNetCore.StaticFiles.StaticFileMiddleware[2]
      Sending file. Request path: '/homepage/css/skins/skin-blue.min.css'. Physical path: 'D:\Xamarin\BBCWebAPI\BBCWebAPI\wwwroot\homepage\css\skins\skin-blue.min.css'
info: Microsoft.AspNetCore.StaticFiles.StaticFileMiddleware[2]
      Sending file. Request path: '/homepage/js/adminlte.min.js'. Physical path: 'D:\Xamarin\BBCWebAPI\BBCWebAPI\wwwroot\homepage\js\adminlte.min.js'
info: Microsoft.AspNetCore.StaticFiles.StaticFileMiddleware[2]
      Sending file. Request path: '/components/images/edit.png'. Physical path: 'D:\Xamarin\BBCWebAPI\BBCWebAPI\wwwroot\components\images\edit.png'
info: Microsoft.AspNetCore.Hosting.Internal.WebHost[2]
      Request finished in 407.4708ms 200 text/css
info: Microsoft.AspNetCore.Hosting.Internal.WebHost[2]
      Request finished in 200.3331ms 200 application/javascript
info: Microsoft.AspNetCore.Hosting.Internal.WebHost[2]
      Request finished in 126.486ms 200 image/png
info: Microsoft.AspNetCore.StaticFiles.StaticFileMiddleware[2]
      Sending file. Request path: '/homepage/image/avatarAdmin.jpg'. Physical path: 'D:\Xamarin\BBCWebAPI\BBCWebAPI\wwwroot\homepage\image\avatarAdmin.jpg'
info: Microsoft.AspNetCore.Hosting.Internal.WebHost[2]
      Request finished in 106.3388ms 200 image/jpeg
info: Microsoft.AspNetCore.StaticFiles.StaticFileMiddleware[2]
      Sending file. Request path: '/components/images/delete.png'. Physical path: 'D:\Xamarin\BBCWebAPI\BBCWebAPI\wwwroot\components\images\delete.png'
info: Microsoft.AspNetCore.Hosting.Internal.WebHost[2]
      Request finished in 187.0566ms 200 image/png
info: Microsoft.AspNetCore.Hosting.Internal.WebHost[1]
      Request starting HTTP/1.1 GET http://localhost:4000/homepage/bower_components/font-awesome/fonts/fontawesome-webfont.woff2?v=4.7.0  
info: Microsoft.AspNetCore.StaticFiles.StaticFileMiddleware[2]
      Sending file. Request path: '/homepage/bower_components/font-awesome/fonts/fontawesome-webfont.woff2'. Physical path: 'D:\Xamarin\BBCWebAPI\BBCWebAPI\wwwroot\homepage\bower_components\font-awesome\fonts\fontawesome-webfont.woff2'
info: Microsoft.AspNetCore.Hosting.Internal.WebHost[2]
      Request finished in 44.998ms 200 font/woff2
info: Microsoft.AspNetCore.Hosting.Internal.WebHost[1]
      Request starting HTTP/1.1 GET http://localhost:4000/HomePage/EditLessonPage?lessonID=1b8218b4-6fa5-46f5-8096-4541cc1af039  
info: Microsoft.AspNetCore.Mvc.Internal.ControllerActionInvoker[1]
      Route matched with {action = "ToEditLessonPage", controller = "Home"}. Executing action BBCWebAPI.Controllers.UI.HomeController.ToEditLessonPage (BBCWebAPI)
info: Microsoft.AspNetCore.Mvc.Internal.ControllerActionInvoker[1]
      Executing action method BBCWebAPI.Controllers.UI.HomeController.ToEditLessonPage (BBCWebAPI) with arguments (, , 1b8218b4-6fa5-46f5-8096-4541cc1af039) - Validation state: Valid
info: Microsoft.EntityFrameworkCore.Infrastructure[10403]
      Entity Framework Core 2.1.4-rtm-31024 initialized 'DataContext' using provider 'Microsoft.EntityFrameworkCore.SqlServer' with options: None
info: Microsoft.EntityFrameworkCore.Database.Command[20101]
      Executed DbCommand (242ms) [Parameters=[], CommandType='Text', CommandTimeout='30']
      SELECT [t].[ID], [t].[Name]
      FROM [Topic] AS [t]
info: Microsoft.EntityFrameworkCore.Database.Command[20101]
      Executed DbCommand (240ms) [Parameters=[@__lessonID_0='?' (Size = 450)], CommandType='Text', CommandTimeout='30']
      SELECT TOP(2) [lesson].[ID], [lesson].[Actor], [lesson].[CreatedDate], [lesson].[FileURLDowload], [lesson].[FileURLOnline], [lesson].[IDTP], [lesson].[ImageURL], [lesson].[Name], [lesson].[Sumary], [lesson].[Transcript], [lesson].[UpdatedDate], [lesson].[Vocabulary], [lesson].[Year]
      FROM [Lesson] AS [lesson]
      WHERE [lesson].[ID] = @__lessonID_0
info: Microsoft.AspNetCore.Mvc.Internal.ControllerActionInvoker[2]
      Executed action method BBCWebAPI.Controllers.UI.HomeController.ToEditLessonPage (BBCWebAPI), returned result Microsoft.AspNetCore.Mvc.ViewResult in 550.7302ms.
info: Microsoft.AspNetCore.Mvc.ViewFeatures.ViewResultExecutor[1]
      Executing ViewResult, running view Views/Pages/EditLessonPage.cshtml.
info: Microsoft.AspNetCore.Mvc.ViewFeatures.ViewResultExecutor[4]
      Executed ViewResult - view Views/Pages/EditLessonPage.cshtml executed in 209.1168ms.
info: Microsoft.AspNetCore.Mvc.Internal.ControllerActionInvoker[2]
      Executed action BBCWebAPI.Controllers.UI.HomeController.ToEditLessonPage (BBCWebAPI) in 926.8494ms
info: Microsoft.AspNetCore.Hosting.Internal.WebHost[2]
      Request finished in 956.7396ms 200 text/html; charset=utf-8
info: Microsoft.AspNetCore.Hosting.Internal.WebHost[1]
      Request starting HTTP/1.1 GET http://localhost:4000/homepage/css/AdminLTE.min.css  
info: Microsoft.AspNetCore.Hosting.Internal.WebHost[1]
      Request starting HTTP/1.1 GET http://localhost:4000/homepage/bower_components/bootstrap/dist/css/bootstrap.min.css  
info: Microsoft.AspNetCore.Hosting.Internal.WebHost[1]
      Request starting HTTP/1.1 GET http://localhost:4000/homepage/bower_components/font-awesome/css/font-awesome.min.css  
info: Microsoft.AspNetCore.Hosting.Internal.WebHost[1]
      Request starting HTTP/1.1 GET http://localhost:4000/homepage/image/avatarAdmin.jpg  
info: Microsoft.AspNetCore.Hosting.Internal.WebHost[1]
      Request starting HTTP/1.1 GET http://localhost:4000/homepage/css/skins/skin-blue.min.css  
info: Microsoft.AspNetCore.Hosting.Internal.WebHost[1]
      Request starting HTTP/1.1 GET http://localhost:4000/homepage/bower_components/Ionicons/css/ionicons.min.css  
info: Microsoft.AspNetCore.StaticFiles.StaticFileMiddleware[2]
      Sending file. Request path: '/homepage/bower_components/font-awesome/css/font-awesome.min.css'. Physical path: 'D:\Xamarin\BBCWebAPI\BBCWebAPI\wwwroot\homepage\bower_components\font-awesome\css\font-awesome.min.css'
info: Microsoft.AspNetCore.StaticFiles.StaticFileMiddleware[2]
      Sending file. Request path: '/homepage/css/AdminLTE.min.css'. Physical path: 'D:\Xamarin\BBCWebAPI\BBCWebAPI\wwwroot\homepage\css\AdminLTE.min.css'
info: Microsoft.AspNetCore.StaticFiles.StaticFileMiddleware[2]
      Sending file. Request path: '/homepage/css/skins/skin-blue.min.css'. Physical path: 'D:\Xamarin\BBCWebAPI\BBCWebAPI\wwwroot\homepage\css\skins\skin-blue.min.css'
info: Microsoft.AspNetCore.StaticFiles.StaticFileMiddleware[2]
      Sending file. Request path: '/homepage/bower_components/bootstrap/dist/css/bootstrap.min.css'. Physical path: 'D:\Xamarin\BBCWebAPI\BBCWebAPI\wwwroot\homepage\bower_components\bootstrap\dist\css\bootstrap.min.css'
info: Microsoft.AspNetCore.Hosting.Internal.WebHost[2]
      Request finished in 59.1724ms 200 text/css
info: Microsoft.AspNetCore.Hosting.Internal.WebHost[2]
      Request finished in 65.3935ms 200 text/css
info: Microsoft.AspNetCore.Hosting.Internal.WebHost[2]
      Request finished in 79.7518ms 200 text/css
info: Microsoft.AspNetCore.StaticFiles.StaticFileMiddleware[2]
      Sending file. Request path: '/homepage/bower_components/Ionicons/css/ionicons.min.css'. Physical path: 'D:\Xamarin\BBCWebAPI\BBCWebAPI\wwwroot\homepage\bower_components\Ionicons\css\ionicons.min.css'
info: Microsoft.AspNetCore.Hosting.Internal.WebHost[1]
      Request starting HTTP/1.1 GET http://localhost:4000/homepage/js/adminlte.min.js  
info: Microsoft.AspNetCore.Hosting.Internal.WebHost[1]
      Request starting HTTP/1.1 GET http://localhost:4000/homepage/bower_components/bootstrap/dist/js/bootstrap.min.js  
info: Microsoft.AspNetCore.Hosting.Internal.WebHost[1]
      Request starting HTTP/1.1 GET http://localhost:4000/homepage/bower_components/jquery/dist/jquery.min.js  
info: Microsoft.AspNetCore.Hosting.Internal.WebHost[2]
      Request finished in 259.1586ms 200 text/css
info: Microsoft.AspNetCore.Hosting.Internal.WebHost[2]
      Request finished in 280.727ms 200 text/css
info: Microsoft.AspNetCore.StaticFiles.StaticFileMiddleware[2]
      Sending file. Request path: '/homepage/js/adminlte.min.js'. Physical path: 'D:\Xamarin\BBCWebAPI\BBCWebAPI\wwwroot\homepage\js\adminlte.min.js'
info: Microsoft.AspNetCore.Hosting.Internal.WebHost[1]
      Request starting HTTP/1.1 GET http://localhost:4000/components/css/Edit.css  
info: Microsoft.AspNetCore.StaticFiles.StaticFileMiddleware[2]
      Sending file. Request path: '/homepage/bower_components/bootstrap/dist/js/bootstrap.min.js'. Physical path: 'D:\Xamarin\BBCWebAPI\BBCWebAPI\wwwroot\homepage\bower_components\bootstrap\dist\js\bootstrap.min.js'
info: Microsoft.AspNetCore.StaticFiles.StaticFileMiddleware[2]
      Sending file. Request path: '/homepage/bower_components/jquery/dist/jquery.min.js'. Physical path: 'D:\Xamarin\BBCWebAPI\BBCWebAPI\wwwroot\homepage\bower_components\jquery\dist\jquery.min.js'
info: Microsoft.AspNetCore.Hosting.Internal.WebHost[2]
      Request finished in 231.3913ms 200 application/javascript
info: Microsoft.AspNetCore.StaticFiles.StaticFileMiddleware[2]
      Sending file. Request path: '/components/css/Edit.css'. Physical path: 'D:\Xamarin\BBCWebAPI\BBCWebAPI\wwwroot\components\css\Edit.css'
info: Microsoft.AspNetCore.Hosting.Internal.WebHost[2]
      Request finished in 240.6483ms 200 application/javascript
info: Microsoft.AspNetCore.Hosting.Internal.WebHost[1]
      Request starting HTTP/1.1 GET http://localhost:4000/homepage/bower_components/font-awesome/fonts/fontawesome-webfont.woff2?v=4.7.0  
info: Microsoft.AspNetCore.StaticFiles.StaticFileMiddleware[2]
      Sending file. Request path: '/homepage/image/avatarAdmin.jpg'. Physical path: 'D:\Xamarin\BBCWebAPI\BBCWebAPI\wwwroot\homepage\image\avatarAdmin.jpg'
info: Microsoft.AspNetCore.Hosting.Internal.WebHost[2]
      Request finished in 182.7173ms 200 text/css
info: Microsoft.AspNetCore.StaticFiles.StaticFileMiddleware[2]
      Sending file. Request path: '/homepage/bower_components/font-awesome/fonts/fontawesome-webfont.woff2'. Physical path: 'D:\Xamarin\BBCWebAPI\BBCWebAPI\wwwroot\homepage\bower_components\font-awesome\fonts\fontawesome-webfont.woff2'
info: Microsoft.AspNetCore.Hosting.Internal.WebHost[2]
      Request finished in 690.5547ms 200 image/jpeg
info: Microsoft.AspNetCore.Hosting.Internal.WebHost[2]
      Request finished in 166.9555ms 200 font/woff2
info: Microsoft.AspNetCore.Hosting.Internal.WebHost[2]
      Request finished in 628.1593ms 200 application/javascript
info: Microsoft.AspNetCore.Hosting.Internal.WebHost[1]
      Request starting HTTP/1.1 GET http://localhost:4000/HomePage  
info: Microsoft.AspNetCore.Mvc.Internal.ControllerActionInvoker[1]
      Route matched with {action = "HomePage", controller = "Home"}. Executing action BBCWebAPI.Controllers.UI.HomeController.HomePage (BBCWebAPI)
info: Microsoft.AspNetCore.Mvc.Internal.ControllerActionInvoker[1]
      Executing action method BBCWebAPI.Controllers.UI.HomeController.HomePage (BBCWebAPI) with arguments (, ) - Validation state: Valid
info: Microsoft.EntityFrameworkCore.Infrastructure[10403]
      Entity Framework Core 2.1.4-rtm-31024 initialized 'DataContext' using provider 'Microsoft.EntityFrameworkCore.SqlServer' with options: None
info: Microsoft.EntityFrameworkCore.Database.Command[20101]
      Executed DbCommand (238ms) [Parameters=[], CommandType='Text', CommandTimeout='30']
      SELECT [t].[ID], [t].[Name]
      FROM [Topic] AS [t]
info: Microsoft.EntityFrameworkCore.Database.Command[20101]
      Executed DbCommand (239ms) [Parameters=[], CommandType='Text', CommandTimeout='30']
      SELECT [lesson].[ID], [lesson].[Actor], [lesson].[CreatedDate], [lesson].[FileURLDowload], [lesson].[FileURLOnline], [lesson].[IDTP], [lesson].[ImageURL], [lesson].[Name], [lesson].[Sumary], [lesson].[Transcript], [lesson].[UpdatedDate], [lesson].[Vocabulary], [lesson].[Year]
      FROM [Lesson] AS [lesson]
      WHERE [lesson].[IDTP] = N'6M'
info: Microsoft.AspNetCore.Mvc.Internal.ControllerActionInvoker[2]
      Executed action method BBCWebAPI.Controllers.UI.HomeController.HomePage (BBCWebAPI), returned result Microsoft.AspNetCore.Mvc.ViewResult in 499.5948ms.
info: Microsoft.AspNetCore.Mvc.ViewFeatures.ViewResultExecutor[1]
      Executing ViewResult, running view Views/Pages/HomePage.cshtml.
info: Microsoft.AspNetCore.Mvc.ViewFeatures.ViewResultExecutor[4]
      Executed ViewResult - view Views/Pages/HomePage.cshtml executed in 5.6283ms.
info: Microsoft.AspNetCore.Mvc.Internal.ControllerActionInvoker[2]
      Executed action BBCWebAPI.Controllers.UI.HomeController.HomePage (BBCWebAPI) in 523.6846ms
info: Microsoft.AspNetCore.Hosting.Internal.WebHost[2]
      Request finished in 543.7053ms 200 text/html; charset=utf-8
info: Microsoft.AspNetCore.Hosting.Internal.WebHost[1]
      Request starting HTTP/1.1 GET http://localhost:4000/homepage/bower_components/bootstrap/dist/css/bootstrap.min.css  
info: Microsoft.AspNetCore.Hosting.Internal.WebHost[1]
      Request starting HTTP/1.1 GET http://localhost:4000/homepage/css/AdminLTE.min.css  
info: Microsoft.AspNetCore.Hosting.Internal.WebHost[1]
      Request starting HTTP/1.1 GET http://localhost:4000/homepage/bower_components/Ionicons/css/ionicons.min.css  
info: Microsoft.AspNetCore.Hosting.Internal.WebHost[1]
      Request starting HTTP/1.1 GET http://localhost:4000/components/css/Detail.css  
info: Microsoft.AspNetCore.Hosting.Internal.WebHost[1]
      Request starting HTTP/1.1 GET http://localhost:4000/homepage/css/skins/skin-blue.min.css  
info: Microsoft.AspNetCore.Hosting.Internal.WebHost[1]
      Request starting HTTP/1.1 GET http://localhost:4000/homepage/bower_components/font-awesome/css/font-awesome.min.css  
info: Microsoft.AspNetCore.StaticFiles.StaticFileMiddleware[2]
      Sending file. Request path: '/homepage/bower_components/bootstrap/dist/css/bootstrap.min.css'. Physical path: 'D:\Xamarin\BBCWebAPI\BBCWebAPI\wwwroot\homepage\bower_components\bootstrap\dist\css\bootstrap.min.css'
info: Microsoft.AspNetCore.StaticFiles.StaticFileMiddleware[2]
      Sending file. Request path: '/homepage/bower_components/font-awesome/css/font-awesome.min.css'. Physical path: 'D:\Xamarin\BBCWebAPI\BBCWebAPI\wwwroot\homepage\bower_components\font-awesome\css\font-awesome.min.css'
info: Microsoft.AspNetCore.StaticFiles.StaticFileMiddleware[2]
      Sending file. Request path: '/homepage/css/AdminLTE.min.css'. Physical path: 'D:\Xamarin\BBCWebAPI\BBCWebAPI\wwwroot\homepage\css\AdminLTE.min.css'
info: Microsoft.AspNetCore.StaticFiles.StaticFileMiddleware[2]
      Sending file. Request path: '/homepage/css/skins/skin-blue.min.css'. Physical path: 'D:\Xamarin\BBCWebAPI\BBCWebAPI\wwwroot\homepage\css\skins\skin-blue.min.css'
info: Microsoft.AspNetCore.Hosting.Internal.WebHost[2]
      Request finished in 120.0029ms 200 text/css
info: Microsoft.AspNetCore.Hosting.Internal.WebHost[2]
      Request finished in 120.6023ms 200 text/css
info: Microsoft.AspNetCore.StaticFiles.StaticFileMiddleware[2]
      Sending file. Request path: '/components/css/Detail.css'. Physical path: 'D:\Xamarin\BBCWebAPI\BBCWebAPI\wwwroot\components\css\Detail.css'
info: Microsoft.AspNetCore.Hosting.Internal.WebHost[1]
      Request starting HTTP/1.1 GET http://localhost:4000/homepage/image/avatarAdmin.jpg  
info: Microsoft.AspNetCore.Hosting.Internal.WebHost[1]
      Request starting HTTP/1.1 GET http://localhost:4000/homepage/bower_components/jquery/dist/jquery.min.js  
info: Microsoft.AspNetCore.Hosting.Internal.WebHost[2]
      Request finished in 172.8269ms 200 text/css
info: Microsoft.AspNetCore.Hosting.Internal.WebHost[1]
      Request starting HTTP/1.1 GET http://localhost:4000/components/images/edit.png  
info: Microsoft.AspNetCore.StaticFiles.StaticFileMiddleware[2]
      Sending file. Request path: '/homepage/bower_components/jquery/dist/jquery.min.js'. Physical path: 'D:\Xamarin\BBCWebAPI\BBCWebAPI\wwwroot\homepage\bower_components\jquery\dist\jquery.min.js'
info: Microsoft.AspNetCore.Hosting.Internal.WebHost[2]
      Request finished in 216.3639ms 200 text/css
info: Microsoft.AspNetCore.StaticFiles.StaticFileMiddleware[2]
      Sending file. Request path: '/homepage/image/avatarAdmin.jpg'. Physical path: 'D:\Xamarin\BBCWebAPI\BBCWebAPI\wwwroot\homepage\image\avatarAdmin.jpg'
info: Microsoft.AspNetCore.StaticFiles.StaticFileMiddleware[2]
      Sending file. Request path: '/homepage/bower_components/Ionicons/css/ionicons.min.css'. Physical path: 'D:\Xamarin\BBCWebAPI\BBCWebAPI\wwwroot\homepage\bower_components\Ionicons\css\ionicons.min.css'
info: Microsoft.AspNetCore.Hosting.Internal.WebHost[2]
      Request finished in 197.8802ms 200 application/javascript
info: Microsoft.AspNetCore.Hosting.Internal.WebHost[2]
      Request finished in 232.533ms 200 image/jpeg
info: Microsoft.AspNetCore.Hosting.Internal.WebHost[1]
      Request starting HTTP/1.1 GET http://localhost:4000/components/images/delete.png  
info: Microsoft.AspNetCore.Hosting.Internal.WebHost[1]
      Request starting HTTP/1.1 GET http://localhost:4000/homepage/bower_components/font-awesome/fonts/fontawesome-webfont.woff2?v=4.7.0  
info: Microsoft.AspNetCore.StaticFiles.StaticFileMiddleware[2]
      Sending file. Request path: '/components/images/delete.png'. Physical path: 'D:\Xamarin\BBCWebAPI\BBCWebAPI\wwwroot\components\images\delete.png'
info: Microsoft.AspNetCore.Hosting.Internal.WebHost[2]
      Request finished in 448.1136ms 200 text/css
info: Microsoft.AspNetCore.Hosting.Internal.WebHost[2]
      Request finished in 72.5014ms 200 image/png
info: Microsoft.AspNetCore.StaticFiles.StaticFileMiddleware[2]
      Sending file. Request path: '/homepage/bower_components/font-awesome/fonts/fontawesome-webfont.woff2'. Physical path: 'D:\Xamarin\BBCWebAPI\BBCWebAPI\wwwroot\homepage\bower_components\font-awesome\fonts\fontawesome-webfont.woff2'
info: Microsoft.AspNetCore.StaticFiles.StaticFileMiddleware[2]
      Sending file. Request path: '/components/images/edit.png'. Physical path: 'D:\Xamarin\BBCWebAPI\BBCWebAPI\wwwroot\components\images\edit.png'
info: Microsoft.AspNetCore.Hosting.Internal.WebHost[2]
      Request finished in 215.5527ms 200 font/woff2
info: Microsoft.AspNetCore.Hosting.Internal.WebHost[2]
      Request finished in 439.217ms 200 image/png
info: Microsoft.AspNetCore.Hosting.Internal.WebHost[1]
      Request starting HTTP/1.1 GET http://localhost:4000/homepage/js/adminlte.min.js  
info: Microsoft.AspNetCore.Hosting.Internal.WebHost[2]
      Request finished in 733.6767ms 200 text/css
info: Microsoft.AspNetCore.Hosting.Internal.WebHost[1]
      Request starting HTTP/1.1 GET http://localhost:4000/homepage/bower_components/bootstrap/dist/js/bootstrap.min.js  
info: Microsoft.AspNetCore.StaticFiles.StaticFileMiddleware[2]
      Sending file. Request path: '/homepage/js/adminlte.min.js'. Physical path: 'D:\Xamarin\BBCWebAPI\BBCWebAPI\wwwroot\homepage\js\adminlte.min.js'
info: Microsoft.AspNetCore.Hosting.Internal.WebHost[2]
      Request finished in 30.7605ms 200 application/javascript
info: Microsoft.AspNetCore.StaticFiles.StaticFileMiddleware[2]
      Sending file. Request path: '/homepage/bower_components/bootstrap/dist/js/bootstrap.min.js'. Physical path: 'D:\Xamarin\BBCWebAPI\BBCWebAPI\wwwroot\homepage\bower_components\bootstrap\dist\js\bootstrap.min.js'
info: Microsoft.AspNetCore.Hosting.Internal.WebHost[2]
      Request finished in 38.6172ms 200 application/javascript
info: Microsoft.AspNetCore.Hosting.Internal.WebHost[1]
      Request starting HTTP/1.1 GET http://localhost:4000/HomePage?topicID=LGH&topicName=LINGOHACK  
info: Microsoft.AspNetCore.Mvc.Internal.ControllerActionInvoker[1]
      Route matched with {action = "HomePage", controller = "Home"}. Executing action BBCWebAPI.Controllers.UI.HomeController.HomePage (BBCWebAPI)
info: Microsoft.AspNetCore.Mvc.Internal.ControllerActionInvoker[1]
      Executing action method BBCWebAPI.Controllers.UI.HomeController.HomePage (BBCWebAPI) with arguments (LGH, LINGOHACK) - Validation state: Valid
info: Microsoft.EntityFrameworkCore.Infrastructure[10403]
      Entity Framework Core 2.1.4-rtm-31024 initialized 'DataContext' using provider 'Microsoft.EntityFrameworkCore.SqlServer' with options: None
info: Microsoft.EntityFrameworkCore.Database.Command[20101]
      Executed DbCommand (238ms) [Parameters=[], CommandType='Text', CommandTimeout='30']
      SELECT [t].[ID], [t].[Name]
      FROM [Topic] AS [t]
info: Microsoft.EntityFrameworkCore.Database.Command[20101]
      Executed DbCommand (242ms) [Parameters=[@__topicID_0='?' (Size = 4000)], CommandType='Text', CommandTimeout='30']
      SELECT [lesson].[ID], [lesson].[Actor], [lesson].[CreatedDate], [lesson].[FileURLDowload], [lesson].[FileURLOnline], [lesson].[IDTP], [lesson].[ImageURL], [lesson].[Name], [lesson].[Sumary], [lesson].[Transcript], [lesson].[UpdatedDate], [lesson].[Vocabulary], [lesson].[Year]
      FROM [Lesson] AS [lesson]
      WHERE [lesson].[IDTP] = @__topicID_0
info: Microsoft.AspNetCore.Mvc.Internal.ControllerActionInvoker[2]
      Executed action method BBCWebAPI.Controllers.UI.HomeController.HomePage (BBCWebAPI), returned result Microsoft.AspNetCore.Mvc.ViewResult in 526.7636ms.
info: Microsoft.AspNetCore.Mvc.ViewFeatures.ViewResultExecutor[1]
      Executing ViewResult, running view Views/Pages/HomePage.cshtml.
info: Microsoft.AspNetCore.Mvc.ViewFeatures.ViewResultExecutor[4]
      Executed ViewResult - view Views/Pages/HomePage.cshtml executed in 19.4878ms.
info: Microsoft.AspNetCore.Mvc.Internal.ControllerActionInvoker[2]
      Executed action BBCWebAPI.Controllers.UI.HomeController.HomePage (BBCWebAPI) in 560.0538ms
info: Microsoft.AspNetCore.Hosting.Internal.WebHost[2]
      Request finished in 577.8095ms 200 text/html; charset=utf-8
info: Microsoft.AspNetCore.Hosting.Internal.WebHost[1]
      Request starting HTTP/1.1 GET http://localhost:4000/homepage/bower_components/bootstrap/dist/css/bootstrap.min.css  
info: Microsoft.AspNetCore.Hosting.Internal.WebHost[1]
      Request starting HTTP/1.1 GET http://localhost:4000/homepage/css/skins/skin-blue.min.css  
info: Microsoft.AspNetCore.Hosting.Internal.WebHost[1]
      Request starting HTTP/1.1 GET http://localhost:4000/homepage/css/AdminLTE.min.css  
info: Microsoft.AspNetCore.Hosting.Internal.WebHost[1]
      Request starting HTTP/1.1 GET http://localhost:4000/homepage/bower_components/font-awesome/css/font-awesome.min.css  
info: Microsoft.AspNetCore.Hosting.Internal.WebHost[1]
      Request starting HTTP/1.1 GET http://localhost:4000/components/css/Detail.css  
info: Microsoft.AspNetCore.Hosting.Internal.WebHost[1]
      Request starting HTTP/1.1 GET http://localhost:4000/homepage/bower_components/Ionicons/css/ionicons.min.css  
info: Microsoft.AspNetCore.StaticFiles.StaticFileMiddleware[2]
      Sending file. Request path: '/components/css/Detail.css'. Physical path: 'D:\Xamarin\BBCWebAPI\BBCWebAPI\wwwroot\components\css\Detail.css'
info: Microsoft.AspNetCore.StaticFiles.StaticFileMiddleware[2]
      Sending file. Request path: '/homepage/bower_components/Ionicons/css/ionicons.min.css'. Physical path: 'D:\Xamarin\BBCWebAPI\BBCWebAPI\wwwroot\homepage\bower_components\Ionicons\css\ionicons.min.css'
info: Microsoft.AspNetCore.Hosting.Internal.WebHost[2]
      Request finished in 50.3214ms 200 text/css
info: Microsoft.AspNetCore.Hosting.Internal.WebHost[2]
      Request finished in 56.7745ms 200 text/css
info: Microsoft.AspNetCore.Hosting.Internal.WebHost[1]
      Request starting HTTP/1.1 GET http://localhost:4000/homepage/bower_components/jquery/dist/jquery.min.js  
info: Microsoft.AspNetCore.Hosting.Internal.WebHost[1]
      Request starting HTTP/1.1 GET http://localhost:4000/homepage/image/avatarAdmin.jpg  
info: Microsoft.AspNetCore.StaticFiles.StaticFileMiddleware[2]
      Sending file. Request path: '/homepage/css/skins/skin-blue.min.css'. Physical path: 'D:\Xamarin\BBCWebAPI\BBCWebAPI\wwwroot\homepage\css\skins\skin-blue.min.css'
info: Microsoft.AspNetCore.Hosting.Internal.WebHost[2]
      Request finished in 90.9502ms 200 text/css
info: Microsoft.AspNetCore.StaticFiles.StaticFileMiddleware[2]
      Sending file. Request path: '/homepage/bower_components/bootstrap/dist/css/bootstrap.min.css'. Physical path: 'D:\Xamarin\BBCWebAPI\BBCWebAPI\wwwroot\homepage\bower_components\bootstrap\dist\css\bootstrap.min.css'
info: Microsoft.AspNetCore.StaticFiles.StaticFileMiddleware[2]
      Sending file. Request path: '/homepage/image/avatarAdmin.jpg'. Physical path: 'D:\Xamarin\BBCWebAPI\BBCWebAPI\wwwroot\homepage\image\avatarAdmin.jpg'
info: Microsoft.AspNetCore.StaticFiles.StaticFileMiddleware[2]
      Sending file. Request path: '/homepage/css/AdminLTE.min.css'. Physical path: 'D:\Xamarin\BBCWebAPI\BBCWebAPI\wwwroot\homepage\css\AdminLTE.min.css'
info: Microsoft.AspNetCore.Hosting.Internal.WebHost[1]
      Request starting HTTP/1.1 GET http://localhost:4000/homepage/js/adminlte.min.js  
info: Microsoft.AspNetCore.Hosting.Internal.WebHost[2]
      Request finished in 152.3062ms 200 text/css
info: Microsoft.AspNetCore.Hosting.Internal.WebHost[2]
      Request finished in 156.6857ms 200 text/css
info: Microsoft.AspNetCore.Hosting.Internal.WebHost[2]
      Request finished in 96.4521ms 200 image/jpeg
info: Microsoft.AspNetCore.StaticFiles.StaticFileMiddleware[2]
      Sending file. Request path: '/homepage/bower_components/jquery/dist/jquery.min.js'. Physical path: 'D:\Xamarin\BBCWebAPI\BBCWebAPI\wwwroot\homepage\bower_components\jquery\dist\jquery.min.js'
info: Microsoft.AspNetCore.Hosting.Internal.WebHost[1]
      Request starting HTTP/1.1 GET http://localhost:4000/components/images/edit.png  
info: Microsoft.AspNetCore.Hosting.Internal.WebHost[1]
      Request starting HTTP/1.1 GET http://localhost:4000/components/images/delete.png  
info: Microsoft.AspNetCore.Hosting.Internal.WebHost[2]
      Request finished in 153.8596ms 200 application/javascript
info: Microsoft.AspNetCore.StaticFiles.StaticFileMiddleware[2]
      Sending file. Request path: '/homepage/bower_components/font-awesome/css/font-awesome.min.css'. Physical path: 'D:\Xamarin\BBCWebAPI\BBCWebAPI\wwwroot\homepage\bower_components\font-awesome\css\font-awesome.min.css'
info: Microsoft.AspNetCore.StaticFiles.StaticFileMiddleware[2]
      Sending file. Request path: '/components/images/delete.png'. Physical path: 'D:\Xamarin\BBCWebAPI\BBCWebAPI\wwwroot\components\images\delete.png'
info: Microsoft.AspNetCore.Hosting.Internal.WebHost[2]
      Request finished in 283.4919ms 200 text/css
info: Microsoft.AspNetCore.Hosting.Internal.WebHost[1]
      Request starting HTTP/1.1 GET http://localhost:4000/homepage/bower_components/bootstrap/dist/js/bootstrap.min.js  
info: Microsoft.AspNetCore.Hosting.Internal.WebHost[2]
      Request finished in 152.6744ms 200 image/png
info: Microsoft.AspNetCore.Hosting.Internal.WebHost[1]
      Request starting HTTP/1.1 GET http://localhost:4000/homepage/bower_components/font-awesome/fonts/fontawesome-webfont.woff2?v=4.7.0  
info: Microsoft.AspNetCore.StaticFiles.StaticFileMiddleware[2]
      Sending file. Request path: '/homepage/js/adminlte.min.js'. Physical path: 'D:\Xamarin\BBCWebAPI\BBCWebAPI\wwwroot\homepage\js\adminlte.min.js'
info: Microsoft.AspNetCore.StaticFiles.StaticFileMiddleware[2]
      Sending file. Request path: '/homepage/bower_components/bootstrap/dist/js/bootstrap.min.js'. Physical path: 'D:\Xamarin\BBCWebAPI\BBCWebAPI\wwwroot\homepage\bower_components\bootstrap\dist\js\bootstrap.min.js'
info: Microsoft.AspNetCore.StaticFiles.StaticFileMiddleware[2]
      Sending file. Request path: '/homepage/bower_components/font-awesome/fonts/fontawesome-webfont.woff2'. Physical path: 'D:\Xamarin\BBCWebAPI\BBCWebAPI\wwwroot\homepage\bower_components\font-awesome\fonts\fontawesome-webfont.woff2'
info: Microsoft.AspNetCore.Hosting.Internal.WebHost[2]
      Request finished in 182.035ms 200 application/javascript
info: Microsoft.AspNetCore.Hosting.Internal.WebHost[2]
      Request finished in 393.9993ms 200 application/javascript
info: Microsoft.AspNetCore.Hosting.Internal.WebHost[2]
      Request finished in 199.7888ms 200 font/woff2
info: Microsoft.AspNetCore.StaticFiles.StaticFileMiddleware[2]
      Sending file. Request path: '/components/images/edit.png'. Physical path: 'D:\Xamarin\BBCWebAPI\BBCWebAPI\wwwroot\components\images\edit.png'
info: Microsoft.AspNetCore.Hosting.Internal.WebHost[2]
      Request finished in 511.9299ms 200 image/png
info: Microsoft.AspNetCore.Hosting.Internal.WebHost[1]
      Request starting HTTP/1.1 GET http://localhost:4000/HomePage?topicID=TEWS&topicName=THE%20ENGLISH%20WE%20SPEAK  
info: Microsoft.AspNetCore.Mvc.Internal.ControllerActionInvoker[1]
      Route matched with {action = "HomePage", controller = "Home"}. Executing action BBCWebAPI.Controllers.UI.HomeController.HomePage (BBCWebAPI)
info: Microsoft.AspNetCore.Mvc.Internal.ControllerActionInvoker[1]
      Executing action method BBCWebAPI.Controllers.UI.HomeController.HomePage (BBCWebAPI) with arguments (TEWS, THE ENGLISH WE SPEAK) - Validation state: Valid
info: Microsoft.EntityFrameworkCore.Infrastructure[10403]
      Entity Framework Core 2.1.4-rtm-31024 initialized 'DataContext' using provider 'Microsoft.EntityFrameworkCore.SqlServer' with options: None
info: Microsoft.EntityFrameworkCore.Database.Command[20101]
      Executed DbCommand (238ms) [Parameters=[], CommandType='Text', CommandTimeout='30']
      SELECT [t].[ID], [t].[Name]
      FROM [Topic] AS [t]
info: Microsoft.EntityFrameworkCore.Database.Command[20101]
      Executed DbCommand (238ms) [Parameters=[@__topicID_0='?' (Size = 4000)], CommandType='Text', CommandTimeout='30']
      SELECT [lesson].[ID], [lesson].[Actor], [lesson].[CreatedDate], [lesson].[FileURLDowload], [lesson].[FileURLOnline], [lesson].[IDTP], [lesson].[ImageURL], [lesson].[Name], [lesson].[Sumary], [lesson].[Transcript], [lesson].[UpdatedDate], [lesson].[Vocabulary], [lesson].[Year]
      FROM [Lesson] AS [lesson]
      WHERE [lesson].[IDTP] = @__topicID_0
info: Microsoft.AspNetCore.Mvc.Internal.ControllerActionInvoker[2]
      Executed action method BBCWebAPI.Controllers.UI.HomeController.HomePage (BBCWebAPI), returned result Microsoft.AspNetCore.Mvc.ViewResult in 551.406ms.
info: Microsoft.AspNetCore.Mvc.ViewFeatures.ViewResultExecutor[1]
      Executing ViewResult, running view Views/Pages/HomePage.cshtml.
info: Microsoft.AspNetCore.Mvc.ViewFeatures.ViewResultExecutor[4]
      Executed ViewResult - view Views/Pages/HomePage.cshtml executed in 5.5355ms.
info: Microsoft.AspNetCore.Mvc.Internal.ControllerActionInvoker[2]
      Executed action BBCWebAPI.Controllers.UI.HomeController.HomePage (BBCWebAPI) in 574.0466ms
info: Microsoft.AspNetCore.Hosting.Internal.WebHost[2]
      Request finished in 589.8914ms 200 text/html; charset=utf-8
info: Microsoft.AspNetCore.Hosting.Internal.WebHost[1]
      Request starting HTTP/1.1 GET http://localhost:4000/homepage/bower_components/font-awesome/css/font-awesome.min.css  
info: Microsoft.AspNetCore.Hosting.Internal.WebHost[1]
      Request starting HTTP/1.1 GET http://localhost:4000/homepage/bower_components/Ionicons/css/ionicons.min.css  
info: Microsoft.AspNetCore.Hosting.Internal.WebHost[1]
      Request starting HTTP/1.1 GET http://localhost:4000/homepage/css/skins/skin-blue.min.css  
info: Microsoft.AspNetCore.Hosting.Internal.WebHost[1]
      Request starting HTTP/1.1 GET http://localhost:4000/components/css/Detail.css  
info: Microsoft.AspNetCore.StaticFiles.StaticFileMiddleware[2]
      Sending file. Request path: '/homepage/bower_components/font-awesome/css/font-awesome.min.css'. Physical path: 'D:\Xamarin\BBCWebAPI\BBCWebAPI\wwwroot\homepage\bower_components\font-awesome\css\font-awesome.min.css'
info: Microsoft.AspNetCore.StaticFiles.StaticFileMiddleware[2]
      Sending file. Request path: '/components/css/Detail.css'. Physical path: 'D:\Xamarin\BBCWebAPI\BBCWebAPI\wwwroot\components\css\Detail.css'
info: Microsoft.AspNetCore.StaticFiles.StaticFileMiddleware[2]
      Sending file. Request path: '/homepage/bower_components/Ionicons/css/ionicons.min.css'. Physical path: 'D:\Xamarin\BBCWebAPI\BBCWebAPI\wwwroot\homepage\bower_components\Ionicons\css\ionicons.min.css'
info: Microsoft.AspNetCore.Hosting.Internal.WebHost[2]
      Request finished in 37.6512ms 200 text/css
info: Microsoft.AspNetCore.Hosting.Internal.WebHost[2]
      Request finished in 46.4094ms 200 text/css
info: Microsoft.AspNetCore.StaticFiles.StaticFileMiddleware[2]
      Sending file. Request path: '/homepage/css/skins/skin-blue.min.css'. Physical path: 'D:\Xamarin\BBCWebAPI\BBCWebAPI\wwwroot\homepage\css\skins\skin-blue.min.css'
info: Microsoft.AspNetCore.Hosting.Internal.WebHost[1]
      Request starting HTTP/1.1 GET http://localhost:4000/homepage/bower_components/bootstrap/dist/css/bootstrap.min.css  
info: Microsoft.AspNetCore.Hosting.Internal.WebHost[1]
      Request starting HTTP/1.1 GET http://localhost:4000/homepage/css/AdminLTE.min.css  
info: Microsoft.AspNetCore.Hosting.Internal.WebHost[2]
      Request finished in 121.4734ms 200 text/css
info: Microsoft.AspNetCore.Hosting.Internal.WebHost[1]
      Request starting HTTP/1.1 GET http://localhost:4000/homepage/bower_components/bootstrap/dist/js/bootstrap.min.js  
info: Microsoft.AspNetCore.Hosting.Internal.WebHost[1]
      Request starting HTTP/1.1 GET http://localhost:4000/homepage/image/avatarAdmin.jpg  
info: Microsoft.AspNetCore.Hosting.Internal.WebHost[1]
      Request starting HTTP/1.1 GET http://localhost:4000/homepage/bower_components/jquery/dist/jquery.min.js  
info: Microsoft.AspNetCore.Hosting.Internal.WebHost[2]
      Request finished in 135.1017ms 200 text/css
info: Microsoft.AspNetCore.StaticFiles.StaticFileMiddleware[2]
      Sending file. Request path: '/homepage/bower_components/bootstrap/dist/js/bootstrap.min.js'. Physical path: 'D:\Xamarin\BBCWebAPI\BBCWebAPI\wwwroot\homepage\bower_components\bootstrap\dist\js\bootstrap.min.js'
info: Microsoft.AspNetCore.StaticFiles.StaticFileMiddleware[2]
      Sending file. Request path: '/homepage/bower_components/bootstrap/dist/css/bootstrap.min.css'. Physical path: 'D:\Xamarin\BBCWebAPI\BBCWebAPI\wwwroot\homepage\bower_components\bootstrap\dist\css\bootstrap.min.css'
info: Microsoft.AspNetCore.StaticFiles.StaticFileMiddleware[2]
      Sending file. Request path: '/homepage/css/AdminLTE.min.css'. Physical path: 'D:\Xamarin\BBCWebAPI\BBCWebAPI\wwwroot\homepage\css\AdminLTE.min.css'
info: Microsoft.AspNetCore.StaticFiles.StaticFileMiddleware[2]
      Sending file. Request path: '/homepage/image/avatarAdmin.jpg'. Physical path: 'D:\Xamarin\BBCWebAPI\BBCWebAPI\wwwroot\homepage\image\avatarAdmin.jpg'
info: Microsoft.AspNetCore.StaticFiles.StaticFileMiddleware[2]
      Sending file. Request path: '/homepage/bower_components/jquery/dist/jquery.min.js'. Physical path: 'D:\Xamarin\BBCWebAPI\BBCWebAPI\wwwroot\homepage\bower_components\jquery\dist\jquery.min.js'
info: Microsoft.AspNetCore.Hosting.Internal.WebHost[2]
      Request finished in 224.6816ms 200 application/javascript
info: Microsoft.AspNetCore.Hosting.Internal.WebHost[2]
      Request finished in 275.6122ms 200 text/css
info: Microsoft.AspNetCore.Hosting.Internal.WebHost[1]
      Request starting HTTP/1.1 GET http://localhost:4000/components/images/delete.png  
info: Microsoft.AspNetCore.Hosting.Internal.WebHost[2]
      Request finished in 289.771ms 200 application/javascript
info: Microsoft.AspNetCore.Hosting.Internal.WebHost[2]
      Request finished in 321.9109ms 200 image/jpeg
info: Microsoft.AspNetCore.StaticFiles.StaticFileMiddleware[2]
      Sending file. Request path: '/components/images/delete.png'. Physical path: 'D:\Xamarin\BBCWebAPI\BBCWebAPI\wwwroot\components\images\delete.png'
info: Microsoft.AspNetCore.Hosting.Internal.WebHost[1]
      Request starting HTTP/1.1 GET http://localhost:4000/homepage/bower_components/font-awesome/fonts/fontawesome-webfont.woff2?v=4.7.0  
info: Microsoft.AspNetCore.Hosting.Internal.WebHost[2]
      Request finished in 129.975ms 200 image/png
info: Microsoft.AspNetCore.Hosting.Internal.WebHost[2]
      Request finished in 469.5596ms 200 text/css
info: Microsoft.AspNetCore.StaticFiles.StaticFileMiddleware[2]
      Sending file. Request path: '/homepage/bower_components/font-awesome/fonts/fontawesome-webfont.woff2'. Physical path: 'D:\Xamarin\BBCWebAPI\BBCWebAPI\wwwroot\homepage\bower_components\font-awesome\fonts\fontawesome-webfont.woff2'
info: Microsoft.AspNetCore.Hosting.Internal.WebHost[1]
      Request starting HTTP/1.1 GET http://localhost:4000/homepage/js/adminlte.min.js  
info: Microsoft.AspNetCore.Hosting.Internal.WebHost[2]
      Request finished in 164.98ms 200 font/woff2
info: Microsoft.AspNetCore.Hosting.Internal.WebHost[1]
      Request starting HTTP/1.1 GET http://localhost:4000/components/images/edit.png  
info: Microsoft.AspNetCore.StaticFiles.StaticFileMiddleware[2]
      Sending file. Request path: '/components/images/edit.png'. Physical path: 'D:\Xamarin\BBCWebAPI\BBCWebAPI\wwwroot\components\images\edit.png'
info: Microsoft.AspNetCore.Hosting.Internal.WebHost[2]
      Request finished in 31.4383ms 200 image/png
info: Microsoft.AspNetCore.StaticFiles.StaticFileMiddleware[2]
      Sending file. Request path: '/homepage/js/adminlte.min.js'. Physical path: 'D:\Xamarin\BBCWebAPI\BBCWebAPI\wwwroot\homepage\js\adminlte.min.js'
info: Microsoft.AspNetCore.Hosting.Internal.WebHost[2]
      Request finished in 127.8436ms 200 application/javascript
info: Microsoft.AspNetCore.Hosting.Internal.WebHost[1]
      Request starting HTTP/1.1 POST http://localhost:4000/Home/DeleteLesson?lessonID=1770559986549030  0
info: Microsoft.AspNetCore.Mvc.Internal.ControllerActionInvoker[1]
      Route matched with {action = "DeleteLesson", controller = "Home"}. Executing action BBCWebAPI.Controllers.UI.HomeController.DeleteLesson (BBCWebAPI)
info: Microsoft.AspNetCore.Mvc.Internal.ControllerActionInvoker[1]
      Executing action method BBCWebAPI.Controllers.UI.HomeController.DeleteLesson (BBCWebAPI) with arguments (1770559986549030) - Validation state: Valid
info: Microsoft.EntityFrameworkCore.Infrastructure[10403]
      Entity Framework Core 2.1.4-rtm-31024 initialized 'DataContext' using provider 'Microsoft.EntityFrameworkCore.SqlServer' with options: None
info: Microsoft.EntityFrameworkCore.Database.Command[20101]
      Executed DbCommand (239ms) [Parameters=[@__lessonID_0='?' (Size = 450)], CommandType='Text', CommandTimeout='30']
      SELECT TOP(2) [lesson].[ID], [lesson].[Actor], [lesson].[CreatedDate], [lesson].[FileURLDowload], [lesson].[FileURLOnline], [lesson].[IDTP], [lesson].[ImageURL], [lesson].[Name], [lesson].[Sumary], [lesson].[Transcript], [lesson].[UpdatedDate], [lesson].[Vocabulary], [lesson].[Year]
      FROM [Lesson] AS [lesson]
      WHERE [lesson].[ID] = @__lessonID_0
info: Microsoft.EntityFrameworkCore.Database.Command[20101]
      Executed DbCommand (238ms) [Parameters=[@p0='?' (Size = 450)], CommandType='Text', CommandTimeout='30']
      SET NOCOUNT ON;
      DELETE FROM [Lesson]
      WHERE [ID] = @p0;
      SELECT @@ROWCOUNT;
info: Microsoft.AspNetCore.Mvc.Internal.ControllerActionInvoker[2]
      Executed action method BBCWebAPI.Controllers.UI.HomeController.DeleteLesson (BBCWebAPI), returned result Microsoft.AspNetCore.Mvc.RedirectToActionResult in 1050.3448ms.
info: Microsoft.AspNetCore.Mvc.RedirectToActionResult[1]
      Executing RedirectResult, redirecting to /HomePage.
info: Microsoft.AspNetCore.Mvc.Internal.ControllerActionInvoker[2]
      Executed action BBCWebAPI.Controllers.UI.HomeController.DeleteLesson (BBCWebAPI) in 1064.7465ms
info: Microsoft.AspNetCore.Hosting.Internal.WebHost[2]
      Request finished in 1085.5665ms 302 
info: Microsoft.AspNetCore.Hosting.Internal.WebHost[1]
      Request starting HTTP/1.1 GET http://localhost:4000/HomePage  
info: Microsoft.AspNetCore.Mvc.Internal.ControllerActionInvoker[1]
      Route matched with {action = "HomePage", controller = "Home"}. Executing action BBCWebAPI.Controllers.UI.HomeController.HomePage (BBCWebAPI)
info: Microsoft.AspNetCore.Mvc.Internal.ControllerActionInvoker[1]
      Executing action method BBCWebAPI.Controllers.UI.HomeController.HomePage (BBCWebAPI) with arguments (, ) - Validation state: Valid
info: Microsoft.EntityFrameworkCore.Infrastructure[10403]
      Entity Framework Core 2.1.4-rtm-31024 initialized 'DataContext' using provider 'Microsoft.EntityFrameworkCore.SqlServer' with options: None
info: Microsoft.EntityFrameworkCore.Database.Command[20101]
      Executed DbCommand (241ms) [Parameters=[], CommandType='Text', CommandTimeout='30']
      SELECT [t].[ID], [t].[Name]
      FROM [Topic] AS [t]
info: Microsoft.EntityFrameworkCore.Database.Command[20101]
      Executed DbCommand (239ms) [Parameters=[], CommandType='Text', CommandTimeout='30']
      SELECT [lesson].[ID], [lesson].[Actor], [lesson].[CreatedDate], [lesson].[FileURLDowload], [lesson].[FileURLOnline], [lesson].[IDTP], [lesson].[ImageURL], [lesson].[Name], [lesson].[Sumary], [lesson].[Transcript], [lesson].[UpdatedDate], [lesson].[Vocabulary], [lesson].[Year]
      FROM [Lesson] AS [lesson]
      WHERE [lesson].[IDTP] = N'6M'
info: Microsoft.AspNetCore.Mvc.Internal.ControllerActionInvoker[2]
      Executed action method BBCWebAPI.Controllers.UI.HomeController.HomePage (BBCWebAPI), returned result Microsoft.AspNetCore.Mvc.ViewResult in 499.8247ms.
info: Microsoft.AspNetCore.Mvc.ViewFeatures.ViewResultExecutor[1]
      Executing ViewResult, running view Views/Pages/HomePage.cshtml.
info: Microsoft.AspNetCore.Mvc.ViewFeatures.ViewResultExecutor[4]
      Executed ViewResult - view Views/Pages/HomePage.cshtml executed in 6.8632ms.
info: Microsoft.AspNetCore.Mvc.Internal.ControllerActionInvoker[2]
      Executed action BBCWebAPI.Controllers.UI.HomeController.HomePage (BBCWebAPI) in 525.8333ms
info: Microsoft.AspNetCore.Hosting.Internal.WebHost[2]
      Request finished in 541.1937ms 200 text/html; charset=utf-8
info: Microsoft.AspNetCore.Hosting.Internal.WebHost[1]
      Request starting HTTP/1.1 POST http://localhost:4000/Home/DeleteLesson?lessonID=1770559986549030  0
info: Microsoft.AspNetCore.Mvc.Internal.ControllerActionInvoker[1]
      Route matched with {action = "DeleteLesson", controller = "Home"}. Executing action BBCWebAPI.Controllers.UI.HomeController.DeleteLesson (BBCWebAPI)
info: Microsoft.AspNetCore.Mvc.Internal.ControllerActionInvoker[1]
      Executing action method BBCWebAPI.Controllers.UI.HomeController.DeleteLesson (BBCWebAPI) with arguments (1770559986549030) - Validation state: Valid
info: Microsoft.EntityFrameworkCore.Infrastructure[10403]
      Entity Framework Core 2.1.4-rtm-31024 initialized 'DataContext' using provider 'Microsoft.EntityFrameworkCore.SqlServer' with options: None
info: Microsoft.EntityFrameworkCore.Database.Command[20101]
      Executed DbCommand (238ms) [Parameters=[@__lessonID_0='?' (Size = 450)], CommandType='Text', CommandTimeout='30']
      SELECT TOP(2) [lesson].[ID], [lesson].[Actor], [lesson].[CreatedDate], [lesson].[FileURLDowload], [lesson].[FileURLOnline], [lesson].[IDTP], [lesson].[ImageURL], [lesson].[Name], [lesson].[Sumary], [lesson].[Transcript], [lesson].[UpdatedDate], [lesson].[Vocabulary], [lesson].[Year]
      FROM [Lesson] AS [lesson]
      WHERE [lesson].[ID] = @__lessonID_0
info: Microsoft.AspNetCore.Mvc.Internal.ControllerActionInvoker[2]
      Executed action method BBCWebAPI.Controllers.UI.HomeController.DeleteLesson (BBCWebAPI), returned result Microsoft.AspNetCore.Mvc.RedirectToActionResult in 244.7721ms.
info: Microsoft.AspNetCore.Mvc.RedirectToActionResult[1]
      Executing RedirectResult, redirecting to /HomePage.
info: Microsoft.AspNetCore.Mvc.Internal.ControllerActionInvoker[2]
      Executed action BBCWebAPI.Controllers.UI.HomeController.DeleteLesson (BBCWebAPI) in 254.8854ms
info: Microsoft.AspNetCore.Hosting.Internal.WebHost[2]
      Request finished in 266.7506ms 302 
info: Microsoft.AspNetCore.Hosting.Internal.WebHost[1]
      Request starting HTTP/1.1 GET http://localhost:4000/HomePage  
info: Microsoft.AspNetCore.Mvc.Internal.ControllerActionInvoker[1]
      Route matched with {action = "HomePage", controller = "Home"}. Executing action BBCWebAPI.Controllers.UI.HomeController.HomePage (BBCWebAPI)
info: Microsoft.AspNetCore.Mvc.Internal.ControllerActionInvoker[1]
      Executing action method BBCWebAPI.Controllers.UI.HomeController.HomePage (BBCWebAPI) with arguments (, ) - Validation state: Valid
info: Microsoft.EntityFrameworkCore.Infrastructure[10403]
      Entity Framework Core 2.1.4-rtm-31024 initialized 'DataContext' using provider 'Microsoft.EntityFrameworkCore.SqlServer' with options: None
info: Microsoft.EntityFrameworkCore.Database.Command[20101]
      Executed DbCommand (239ms) [Parameters=[], CommandType='Text', CommandTimeout='30']
      SELECT [t].[ID], [t].[Name]
      FROM [Topic] AS [t]
info: Microsoft.EntityFrameworkCore.Database.Command[20101]
      Executed DbCommand (239ms) [Parameters=[], CommandType='Text', CommandTimeout='30']
      SELECT [lesson].[ID], [lesson].[Actor], [lesson].[CreatedDate], [lesson].[FileURLDowload], [lesson].[FileURLOnline], [lesson].[IDTP], [lesson].[ImageURL], [lesson].[Name], [lesson].[Sumary], [lesson].[Transcript], [lesson].[UpdatedDate], [lesson].[Vocabulary], [lesson].[Year]
      FROM [Lesson] AS [lesson]
      WHERE [lesson].[IDTP] = N'6M'
info: Microsoft.AspNetCore.Mvc.Internal.ControllerActionInvoker[2]
      Executed action method BBCWebAPI.Controllers.UI.HomeController.HomePage (BBCWebAPI), returned result Microsoft.AspNetCore.Mvc.ViewResult in 498.4568ms.
info: Microsoft.AspNetCore.Mvc.ViewFeatures.ViewResultExecutor[1]
      Executing ViewResult, running view Views/Pages/HomePage.cshtml.
info: Microsoft.AspNetCore.Mvc.ViewFeatures.ViewResultExecutor[4]
      Executed ViewResult - view Views/Pages/HomePage.cshtml executed in 15.6304ms.
info: Microsoft.AspNetCore.Mvc.Internal.ControllerActionInvoker[2]
      Executed action BBCWebAPI.Controllers.UI.HomeController.HomePage (BBCWebAPI) in 549.5606ms
info: Microsoft.AspNetCore.Hosting.Internal.WebHost[2]
      Request finished in 564.4148ms 200 text/html; charset=utf-8
info: Microsoft.AspNetCore.Hosting.Internal.WebHost[1]
      Request starting HTTP/1.1 GET http://localhost:4000/HomePage?topicID=TEWS&topicName=THE%20ENGLISH%20WE%20SPEAK  
info: Microsoft.AspNetCore.Mvc.Internal.ControllerActionInvoker[1]
      Route matched with {action = "HomePage", controller = "Home"}. Executing action BBCWebAPI.Controllers.UI.HomeController.HomePage (BBCWebAPI)
info: Microsoft.AspNetCore.Mvc.Internal.ControllerActionInvoker[1]
      Executing action method BBCWebAPI.Controllers.UI.HomeController.HomePage (BBCWebAPI) with arguments (TEWS, THE ENGLISH WE SPEAK) - Validation state: Valid
info: Microsoft.EntityFrameworkCore.Infrastructure[10403]
      Entity Framework Core 2.1.4-rtm-31024 initialized 'DataContext' using provider 'Microsoft.EntityFrameworkCore.SqlServer' with options: None
info: Microsoft.EntityFrameworkCore.Database.Command[20101]
      Executed DbCommand (238ms) [Parameters=[], CommandType='Text', CommandTimeout='30']
      SELECT [t].[ID], [t].[Name]
      FROM [Topic] AS [t]
info: Microsoft.EntityFrameworkCore.Database.Command[20101]
      Executed DbCommand (239ms) [Parameters=[@__topicID_0='?' (Size = 4000)], CommandType='Text', CommandTimeout='30']
      SELECT [lesson].[ID], [lesson].[Actor], [lesson].[CreatedDate], [lesson].[FileURLDowload], [lesson].[FileURLOnline], [lesson].[IDTP], [lesson].[ImageURL], [lesson].[Name], [lesson].[Sumary], [lesson].[Transcript], [lesson].[UpdatedDate], [lesson].[Vocabulary], [lesson].[Year]
      FROM [Lesson] AS [lesson]
      WHERE [lesson].[IDTP] = @__topicID_0
info: Microsoft.AspNetCore.Mvc.Internal.ControllerActionInvoker[2]
      Executed action method BBCWebAPI.Controllers.UI.HomeController.HomePage (BBCWebAPI), returned result Microsoft.AspNetCore.Mvc.ViewResult in 489.1423ms.
info: Microsoft.AspNetCore.Mvc.ViewFeatures.ViewResultExecutor[1]
      Executing ViewResult, running view Views/Pages/HomePage.cshtml.
info: Microsoft.AspNetCore.Mvc.ViewFeatures.ViewResultExecutor[4]
      Executed ViewResult - view Views/Pages/HomePage.cshtml executed in 4.1463ms.
info: Microsoft.AspNetCore.Mvc.Internal.ControllerActionInvoker[2]
      Executed action BBCWebAPI.Controllers.UI.HomeController.HomePage (BBCWebAPI) in 507.9273ms
info: Microsoft.AspNetCore.Hosting.Internal.WebHost[2]
      Request finished in 532.178ms 200 text/html; charset=utf-8
info: Microsoft.AspNetCore.Hosting.Internal.WebHost[1]
      Request starting HTTP/1.1 GET http://localhost:4000/homepage/bower_components/font-awesome/css/font-awesome.min.css  
info: Microsoft.AspNetCore.Hosting.Internal.WebHost[1]
      Request starting HTTP/1.1 GET http://localhost:4000/homepage/bower_components/Ionicons/css/ionicons.min.css  
info: Microsoft.AspNetCore.Hosting.Internal.WebHost[1]
      Request starting HTTP/1.1 GET http://localhost:4000/homepage/image/avatarAdmin.jpg  
info: Microsoft.AspNetCore.Hosting.Internal.WebHost[1]
      Request starting HTTP/1.1 GET http://localhost:4000/homepage/bower_components/bootstrap/dist/css/bootstrap.min.css  
info: Microsoft.AspNetCore.StaticFiles.StaticFileMiddleware[2]
      Sending file. Request path: '/homepage/bower_components/font-awesome/css/font-awesome.min.css'. Physical path: 'D:\Xamarin\BBCWebAPI\BBCWebAPI\wwwroot\homepage\bower_components\font-awesome\css\font-awesome.min.css'
info: Microsoft.AspNetCore.Hosting.Internal.WebHost[1]
      Request starting HTTP/1.1 GET http://localhost:4000/homepage/css/AdminLTE.min.css  
info: Microsoft.AspNetCore.Hosting.Internal.WebHost[1]
      Request starting HTTP/1.1 GET http://localhost:4000/homepage/css/skins/skin-blue.min.css  
info: Microsoft.AspNetCore.Hosting.Internal.WebHost[2]
      Request finished in 51.7557ms 200 text/css
info: Microsoft.AspNetCore.StaticFiles.StaticFileMiddleware[2]
      Sending file. Request path: '/homepage/bower_components/Ionicons/css/ionicons.min.css'. Physical path: 'D:\Xamarin\BBCWebAPI\BBCWebAPI\wwwroot\homepage\bower_components\Ionicons\css\ionicons.min.css'
info: Microsoft.AspNetCore.StaticFiles.StaticFileMiddleware[2]
      Sending file. Request path: '/homepage/css/skins/skin-blue.min.css'. Physical path: 'D:\Xamarin\BBCWebAPI\BBCWebAPI\wwwroot\homepage\css\skins\skin-blue.min.css'
info: Microsoft.AspNetCore.StaticFiles.StaticFileMiddleware[2]
      Sending file. Request path: '/homepage/css/AdminLTE.min.css'. Physical path: 'D:\Xamarin\BBCWebAPI\BBCWebAPI\wwwroot\homepage\css\AdminLTE.min.css'
info: Microsoft.AspNetCore.StaticFiles.StaticFileMiddleware[2]
      Sending file. Request path: '/homepage/bower_components/bootstrap/dist/css/bootstrap.min.css'. Physical path: 'D:\Xamarin\BBCWebAPI\BBCWebAPI\wwwroot\homepage\bower_components\bootstrap\dist\css\bootstrap.min.css'
info: Microsoft.AspNetCore.Hosting.Internal.WebHost[2]
      Request finished in 101.1719ms 200 text/css
info: Microsoft.AspNetCore.Hosting.Internal.WebHost[2]
      Request finished in 78.193ms 200 text/css
info: Microsoft.AspNetCore.Hosting.Internal.WebHost[2]
      Request finished in 121.7181ms 200 text/css
info: Microsoft.AspNetCore.Hosting.Internal.WebHost[2]
      Request finished in 104.2924ms 200 text/css
info: Microsoft.AspNetCore.StaticFiles.StaticFileMiddleware[2]
      Sending file. Request path: '/homepage/image/avatarAdmin.jpg'. Physical path: 'D:\Xamarin\BBCWebAPI\BBCWebAPI\wwwroot\homepage\image\avatarAdmin.jpg'
info: Microsoft.AspNetCore.Hosting.Internal.WebHost[1]
      Request starting HTTP/1.1 GET http://localhost:4000/homepage/bower_components/jquery/dist/jquery.min.js  
info: Microsoft.AspNetCore.Hosting.Internal.WebHost[2]
      Request finished in 170.2627ms 200 image/jpeg
info: Microsoft.AspNetCore.Hosting.Internal.WebHost[1]
      Request starting HTTP/1.1 GET http://localhost:4000/components/css/Detail.css  
info: Microsoft.AspNetCore.Hosting.Internal.WebHost[1]
      Request starting HTTP/1.1 GET http://localhost:4000/homepage/js/adminlte.min.js  
info: Microsoft.AspNetCore.Hosting.Internal.WebHost[1]
      Request starting HTTP/1.1 GET http://localhost:4000/homepage/bower_components/bootstrap/dist/js/bootstrap.min.js  
info: Microsoft.AspNetCore.Hosting.Internal.WebHost[1]
      Request starting HTTP/1.1 GET http://localhost:4000/components/images/edit.png  
info: Microsoft.AspNetCore.StaticFiles.StaticFileMiddleware[2]
      Sending file. Request path: '/components/css/Detail.css'. Physical path: 'D:\Xamarin\BBCWebAPI\BBCWebAPI\wwwroot\components\css\Detail.css'
info: Microsoft.AspNetCore.StaticFiles.StaticFileMiddleware[2]
      Sending file. Request path: '/homepage/js/adminlte.min.js'. Physical path: 'D:\Xamarin\BBCWebAPI\BBCWebAPI\wwwroot\homepage\js\adminlte.min.js'
info: Microsoft.AspNetCore.StaticFiles.StaticFileMiddleware[2]
      Sending file. Request path: '/components/images/edit.png'. Physical path: 'D:\Xamarin\BBCWebAPI\BBCWebAPI\wwwroot\components\images\edit.png'
info: Microsoft.AspNetCore.Hosting.Internal.WebHost[2]
      Request finished in 128.1203ms 200 text/css
info: Microsoft.AspNetCore.Hosting.Internal.WebHost[2]
      Request finished in 66.7532ms 200 image/png
info: Microsoft.AspNetCore.StaticFiles.StaticFileMiddleware[2]
      Sending file. Request path: '/homepage/bower_components/bootstrap/dist/js/bootstrap.min.js'. Physical path: 'D:\Xamarin\BBCWebAPI\BBCWebAPI\wwwroot\homepage\bower_components\bootstrap\dist\js\bootstrap.min.js'
info: Microsoft.AspNetCore.StaticFiles.StaticFileMiddleware[2]
      Sending file. Request path: '/homepage/bower_components/jquery/dist/jquery.min.js'. Physical path: 'D:\Xamarin\BBCWebAPI\BBCWebAPI\wwwroot\homepage\bower_components\jquery\dist\jquery.min.js'
info: Microsoft.AspNetCore.Hosting.Internal.WebHost[2]
      Request finished in 164.8039ms 200 application/javascript
info: Microsoft.AspNetCore.Hosting.Internal.WebHost[1]
      Request starting HTTP/1.1 GET http://localhost:4000/components/images/delete.png  
info: Microsoft.AspNetCore.Hosting.Internal.WebHost[2]
      Request finished in 161.1104ms 200 application/javascript
info: Microsoft.AspNetCore.StaticFiles.StaticFileMiddleware[2]
      Sending file. Request path: '/components/images/delete.png'. Physical path: 'D:\Xamarin\BBCWebAPI\BBCWebAPI\wwwroot\components\images\delete.png'
info: Microsoft.AspNetCore.Hosting.Internal.WebHost[1]
      Request starting HTTP/1.1 GET http://localhost:4000/homepage/bower_components/font-awesome/fonts/fontawesome-webfont.woff2?v=4.7.0  
info: Microsoft.AspNetCore.Hosting.Internal.WebHost[2]
      Request finished in 295.9129ms 200 image/png
info: Microsoft.AspNetCore.Hosting.Internal.WebHost[2]
      Request finished in 405.7253ms 200 application/javascript
info: Microsoft.AspNetCore.StaticFiles.StaticFileMiddleware[2]
      Sending file. Request path: '/homepage/bower_components/font-awesome/fonts/fontawesome-webfont.woff2'. Physical path: 'D:\Xamarin\BBCWebAPI\BBCWebAPI\wwwroot\homepage\bower_components\font-awesome\fonts\fontawesome-webfont.woff2'
info: Microsoft.AspNetCore.Hosting.Internal.WebHost[2]
      Request finished in 158.0955ms 200 font/woff2




































































































