info: Microsoft.AspNetCore.DataProtection.KeyManagement.XmlKeyManager[0]
      User profile is available. Using 'C:\Users\HP\AppData\Local\ASP.NET\DataProtection-Keys' as key repository and Windows DPAPI to encrypt keys at rest.
Hosting environment: Development
Content root path: D:\Xamarin\BBCWebAPI\BBCWebAPI
Now listening on: http://127.0.0.1:21404
Application started. Press Ctrl+C to shut down.
info: Microsoft.AspNetCore.Hosting.Internal.WebHost[1]
      Request starting HTTP/1.1 GET http://localhost:4000/HomePage  
info: Microsoft.AspNetCore.Hosting.Internal.WebHost[1]
      Request starting HTTP/1.1 DEBUG http://localhost:4000/  0
info: Microsoft.AspNetCore.Hosting.Internal.WebHost[2]
      Request finished in 42.0665ms 200 
warn: Microsoft.AspNetCore.HttpsPolicy.HttpsRedirectionMiddleware[3]
      Failed to determine the https port for redirect.
info: Microsoft.AspNetCore.Mvc.Internal.ControllerActionInvoker[1]
      Route matched with {action = "HomePage", controller = "Home"}. Executing action BBCWebAPI.Controllers.UI.HomeController.HomePage (BBCWebAPI)
info: Microsoft.AspNetCore.Mvc.Internal.ControllerActionInvoker[1]
      Executing action method BBCWebAPI.Controllers.UI.HomeController.HomePage (BBCWebAPI) with arguments (, ) - Validation state: Valid
info: Microsoft.EntityFrameworkCore.Infrastructure[10403]
      Entity Framework Core 2.1.4-rtm-31024 initialized 'DataContext' using provider 'Microsoft.EntityFrameworkCore.SqlServer' with options: None
info: Microsoft.EntityFrameworkCore.Database.Command[20101]
      Executed DbCommand (260ms) [Parameters=[], CommandType='Text', CommandTimeout='30']
      SELECT [t].[ID], [t].[Name]
      FROM [Topic] AS [t]
info: Microsoft.EntityFrameworkCore.Database.Command[20101]
      Executed DbCommand (235ms) [Parameters=[], CommandType='Text', CommandTimeout='30']
      SELECT [lesson].[ID], [lesson].[Actor], [lesson].[CreatedDate], [lesson].[FileURLDowload], [lesson].[FileURLOnline], [lesson].[IDTP], [lesson].[ImageURL], [lesson].[Name], [lesson].[Sumary], [lesson].[Transcript], [lesson].[UpdatedDate], [lesson].[Vocabulary], [lesson].[Year]
      FROM [Lesson] AS [lesson]
      WHERE [lesson].[IDTP] = N'6M'
info: Microsoft.AspNetCore.Mvc.Internal.ControllerActionInvoker[2]
      Executed action method BBCWebAPI.Controllers.UI.HomeController.HomePage (BBCWebAPI), returned result Microsoft.AspNetCore.Mvc.ViewResult in 2861.8483ms.
info: Microsoft.AspNetCore.Mvc.ViewFeatures.ViewResultExecutor[1]
      Executing ViewResult, running view Views/Pages/HomePage.cshtml.
info: Microsoft.AspNetCore.Mvc.ViewFeatures.ViewResultExecutor[4]
      Executed ViewResult - view Views/Pages/HomePage.cshtml executed in 334.6103ms.
info: Microsoft.AspNetCore.Mvc.Internal.ControllerActionInvoker[2]
      Executed action BBCWebAPI.Controllers.UI.HomeController.HomePage (BBCWebAPI) in 3457.0305ms
info: Microsoft.AspNetCore.Hosting.Internal.WebHost[2]
      Request finished in 3819.9953ms 200 text/html; charset=utf-8
info: Microsoft.AspNetCore.Hosting.Internal.WebHost[1]
      Request starting HTTP/1.1 GET http://localhost:4000/HomePage  
info: Microsoft.AspNetCore.Mvc.Internal.ControllerActionInvoker[1]
      Route matched with {action = "HomePage", controller = "Home"}. Executing action BBCWebAPI.Controllers.UI.HomeController.HomePage (BBCWebAPI)
info: Microsoft.AspNetCore.Mvc.Internal.ControllerActionInvoker[1]
      Executing action method BBCWebAPI.Controllers.UI.HomeController.HomePage (BBCWebAPI) with arguments (, ) - Validation state: Valid
info: Microsoft.EntityFrameworkCore.Infrastructure[10403]
      Entity Framework Core 2.1.4-rtm-31024 initialized 'DataContext' using provider 'Microsoft.EntityFrameworkCore.SqlServer' with options: None
info: Microsoft.EntityFrameworkCore.Database.Command[20101]
      Executed DbCommand (233ms) [Parameters=[], CommandType='Text', CommandTimeout='30']
      SELECT [t].[ID], [t].[Name]
      FROM [Topic] AS [t]
info: Microsoft.EntityFrameworkCore.Database.Command[20101]
      Executed DbCommand (231ms) [Parameters=[], CommandType='Text', CommandTimeout='30']
      SELECT [lesson].[ID], [lesson].[Actor], [lesson].[CreatedDate], [lesson].[FileURLDowload], [lesson].[FileURLOnline], [lesson].[IDTP], [lesson].[ImageURL], [lesson].[Name], [lesson].[Sumary], [lesson].[Transcript], [lesson].[UpdatedDate], [lesson].[Vocabulary], [lesson].[Year]
      FROM [Lesson] AS [lesson]
      WHERE [lesson].[IDTP] = N'6M'
info: Microsoft.AspNetCore.Mvc.Internal.ControllerActionInvoker[2]
      Executed action method BBCWebAPI.Controllers.UI.HomeController.HomePage (BBCWebAPI), returned result Microsoft.AspNetCore.Mvc.ViewResult in 951.3325ms.
info: Microsoft.AspNetCore.Mvc.ViewFeatures.ViewResultExecutor[1]
      Executing ViewResult, running view Views/Pages/HomePage.cshtml.
info: Microsoft.AspNetCore.Mvc.ViewFeatures.ViewResultExecutor[4]
      Executed ViewResult - view Views/Pages/HomePage.cshtml executed in 7.0241ms.
info: Microsoft.AspNetCore.Mvc.Internal.ControllerActionInvoker[2]
      Executed action BBCWebAPI.Controllers.UI.HomeController.HomePage (BBCWebAPI) in 978.3302ms
info: Microsoft.AspNetCore.Hosting.Internal.WebHost[2]
      Request finished in 1000.1449ms 200 text/html; charset=utf-8
info: Microsoft.AspNetCore.Hosting.Internal.WebHost[1]
      Request starting HTTP/1.1 GET http://localhost:4000/HomePage  
info: Microsoft.AspNetCore.Mvc.Internal.ControllerActionInvoker[1]
      Route matched with {action = "HomePage", controller = "Home"}. Executing action BBCWebAPI.Controllers.UI.HomeController.HomePage (BBCWebAPI)
info: Microsoft.AspNetCore.Mvc.Internal.ControllerActionInvoker[1]
      Executing action method BBCWebAPI.Controllers.UI.HomeController.HomePage (BBCWebAPI) with arguments (, ) - Validation state: Valid
info: Microsoft.EntityFrameworkCore.Infrastructure[10403]
      Entity Framework Core 2.1.4-rtm-31024 initialized 'DataContext' using provider 'Microsoft.EntityFrameworkCore.SqlServer' with options: None
info: Microsoft.EntityFrameworkCore.Database.Command[20101]
      Executed DbCommand (231ms) [Parameters=[], CommandType='Text', CommandTimeout='30']
      SELECT [t].[ID], [t].[Name]
      FROM [Topic] AS [t]
info: Microsoft.EntityFrameworkCore.Database.Command[20101]
      Executed DbCommand (231ms) [Parameters=[], CommandType='Text', CommandTimeout='30']
      SELECT [lesson].[ID], [lesson].[Actor], [lesson].[CreatedDate], [lesson].[FileURLDowload], [lesson].[FileURLOnline], [lesson].[IDTP], [lesson].[ImageURL], [lesson].[Name], [lesson].[Sumary], [lesson].[Transcript], [lesson].[UpdatedDate], [lesson].[Vocabulary], [lesson].[Year]
      FROM [Lesson] AS [lesson]
      WHERE [lesson].[IDTP] = N'6M'
info: Microsoft.AspNetCore.Mvc.Internal.ControllerActionInvoker[2]
      Executed action method BBCWebAPI.Controllers.UI.HomeController.HomePage (BBCWebAPI), returned result Microsoft.AspNetCore.Mvc.ViewResult in 928.2411ms.
info: Microsoft.AspNetCore.Mvc.ViewFeatures.ViewResultExecutor[1]
      Executing ViewResult, running view Views/Pages/HomePage.cshtml.
info: Microsoft.AspNetCore.Mvc.ViewFeatures.ViewResultExecutor[4]
      Executed ViewResult - view Views/Pages/HomePage.cshtml executed in 5.6004ms.
info: Microsoft.AspNetCore.Mvc.Internal.ControllerActionInvoker[2]
      Executed action BBCWebAPI.Controllers.UI.HomeController.HomePage (BBCWebAPI) in 943.9287ms
info: Microsoft.AspNetCore.Hosting.Internal.WebHost[2]
      Request finished in 953.0843ms 200 text/html; charset=utf-8
