info: Microsoft.AspNetCore.DataProtection.KeyManagement.XmlKeyManager[0]
      User profile is available. Using 'C:\Users\HP\AppData\Local\ASP.NET\DataProtection-Keys' as key repository and Windows DPAPI to encrypt keys at rest.
Hosting environment: Development
Content root path: D:\Xamarin\BBCWebAPI\BBCWebAPI
Now listening on: http://127.0.0.1:16094
Application started. Press Ctrl+C to shut down.
info: Microsoft.AspNetCore.Hosting.Internal.WebHost[1]
      Request starting HTTP/1.1 DEBUG http://localhost:4000/  0
info: Microsoft.AspNetCore.Hosting.Internal.WebHost[1]
      Request starting HTTP/1.1 GET http://localhost:4000/HomePage  
info: Microsoft.AspNetCore.Hosting.Internal.WebHost[2]
      Request finished in 104.3851ms 200 
warn: Microsoft.AspNetCore.HttpsPolicy.HttpsRedirectionMiddleware[3]
      Failed to determine the https port for redirect.
info: Microsoft.AspNetCore.Mvc.Internal.ControllerActionInvoker[1]
      Route matched with {action = "HomePage", controller = "Home"}. Executing action BBCWebAPI.Controllers.UI.HomeController.HomePage (BBCWebAPI)
info: Microsoft.AspNetCore.Mvc.Internal.ControllerActionInvoker[1]
      Executing action method BBCWebAPI.Controllers.UI.HomeController.HomePage (BBCWebAPI) with arguments (, ) - Validation state: Valid
info: Microsoft.EntityFrameworkCore.Infrastructure[10403]
      Entity Framework Core 2.1.4-rtm-31024 initialized 'DataContext' using provider 'Microsoft.EntityFrameworkCore.SqlServer' with options: None
info: Microsoft.EntityFrameworkCore.Database.Command[20101]
      Executed DbCommand (293ms) [Parameters=[], CommandType='Text', CommandTimeout='30']
      SELECT [t].[ID], [t].[Name]
      FROM [Topic] AS [t]
info: Microsoft.EntityFrameworkCore.Database.Command[20101]
      Executed DbCommand (1,017ms) [Parameters=[], CommandType='Text', CommandTimeout='30']
      SELECT [lesson].[ID], [lesson].[Actor], [lesson].[CreatedDate], [lesson].[FileURLDowload], [lesson].[FileURLOnline], [lesson].[IDTP], [lesson].[ImageURL], [lesson].[Name], [lesson].[Sumary], [lesson].[Transcript], [lesson].[UpdatedDate], [lesson].[Vocabulary], [lesson].[Year]
      FROM [Lesson] AS [lesson]
      WHERE [lesson].[IDTP] = N'6M'
info: Microsoft.AspNetCore.Mvc.Internal.ControllerActionInvoker[2]
      Executed action method BBCWebAPI.Controllers.UI.HomeController.HomePage (BBCWebAPI), returned result Microsoft.AspNetCore.Mvc.ViewResult in 8000.9031ms.
info: Microsoft.AspNetCore.Mvc.ViewFeatures.ViewResultExecutor[1]
      Executing ViewResult, running view Views/Pages/HomePage.cshtml.
info: Microsoft.AspNetCore.Mvc.ViewFeatures.ViewResultExecutor[4]
      Executed ViewResult - view Views/Pages/HomePage.cshtml executed in 207.0005ms.
info: Microsoft.AspNetCore.Mvc.Internal.ControllerActionInvoker[2]
      Executed action BBCWebAPI.Controllers.UI.HomeController.HomePage (BBCWebAPI) in 8552.5794ms
info: Microsoft.AspNetCore.Hosting.Internal.WebHost[2]
      Request finished in 9301.0456ms 200 text/html; charset=utf-8
info: Microsoft.AspNetCore.Hosting.Internal.WebHost[1]
      Request starting HTTP/1.1 GET http://localhost:4000/HomePage/EditLessonPage?lessonID=d44b338e-48fd-4650-aca3-0828fb7cd01c  
info: Microsoft.AspNetCore.Mvc.Internal.ControllerActionInvoker[1]
      Route matched with {action = "EditLessonPage", controller = "Home"}. Executing action BBCWebAPI.Controllers.UI.HomeController.EditLessonPage (BBCWebAPI)
info: Microsoft.AspNetCore.Mvc.Internal.ControllerActionInvoker[1]
      Executing action method BBCWebAPI.Controllers.UI.HomeController.EditLessonPage (BBCWebAPI) with arguments (, , d44b338e-48fd-4650-aca3-0828fb7cd01c) - Validation state: Valid
info: Microsoft.EntityFrameworkCore.Infrastructure[10403]
      Entity Framework Core 2.1.4-rtm-31024 initialized 'DataContext' using provider 'Microsoft.EntityFrameworkCore.SqlServer' with options: None
info: Microsoft.EntityFrameworkCore.Database.Command[20101]
      Executed DbCommand (1,712ms) [Parameters=[], CommandType='Text', CommandTimeout='30']
      SELECT [t].[ID], [t].[Name]
      FROM [Topic] AS [t]
info: Microsoft.EntityFrameworkCore.Database.Command[20101]
      Executed DbCommand (1,515ms) [Parameters=[], CommandType='Text', CommandTimeout='30']
      SELECT [lesson].[ID], [lesson].[Actor], [lesson].[CreatedDate], [lesson].[FileURLDowload], [lesson].[FileURLOnline], [lesson].[IDTP], [lesson].[ImageURL], [lesson].[Name], [lesson].[Sumary], [lesson].[Transcript], [lesson].[UpdatedDate], [lesson].[Vocabulary], [lesson].[Year]
      FROM [Lesson] AS [lesson]
      WHERE [lesson].[IDTP] = N'6M'
info: Microsoft.EntityFrameworkCore.Database.Command[20101]
      Executed DbCommand (813ms) [Parameters=[@__lessonID_0='?' (Size = 450)], CommandType='Text', CommandTimeout='30']
      SELECT TOP(2) [lesson].[ID], [lesson].[Actor], [lesson].[CreatedDate], [lesson].[FileURLDowload], [lesson].[FileURLOnline], [lesson].[IDTP], [lesson].[ImageURL], [lesson].[Name], [lesson].[Sumary], [lesson].[Transcript], [lesson].[UpdatedDate], [lesson].[Vocabulary], [lesson].[Year]
      FROM [Lesson] AS [lesson]
      WHERE [lesson].[ID] = @__lessonID_0
info: Microsoft.AspNetCore.Mvc.Internal.ControllerActionInvoker[2]
      Executed action method BBCWebAPI.Controllers.UI.HomeController.EditLessonPage (BBCWebAPI), returned result Microsoft.AspNetCore.Mvc.ViewResult in 4196.8169ms.
info: Microsoft.AspNetCore.Mvc.ViewFeatures.ViewResultExecutor[1]
      Executing ViewResult, running view Views/Pages/EditLessonPage.cshtml.
info: Microsoft.AspNetCore.Mvc.ViewFeatures.ViewResultExecutor[4]
      Executed ViewResult - view Views/Pages/EditLessonPage.cshtml executed in 124.7272ms.
info: Microsoft.AspNetCore.Mvc.Internal.ControllerActionInvoker[2]
      Executed action BBCWebAPI.Controllers.UI.HomeController.EditLessonPage (BBCWebAPI) in 4352.2369ms
info: Microsoft.AspNetCore.Hosting.Internal.WebHost[2]
      Request finished in 4400.2491ms 200 text/html; charset=utf-8
info: Microsoft.AspNetCore.Hosting.Internal.WebHost[1]
      Request starting HTTP/1.1 POST http://localhost:4000/HomePage/EditLessonPage/UpdateLesson application/x-www-form-urlencoded 7315
info: Microsoft.AspNetCore.Mvc.Internal.ControllerActionInvoker[1]
      Route matched with {action = "UpdateLesson", controller = "Home"}. Executing action BBCWebAPI.Controllers.UI.HomeController.UpdateLesson (BBCWebAPI)
info: Microsoft.AspNetCore.Mvc.Internal.ControllerActionInvoker[1]
      Executing action method BBCWebAPI.Controllers.UI.HomeController.UpdateLesson (BBCWebAPI) with arguments (The perfect Santa                                                                                   , 2017, http://howtotrain.info/FileStorage/6M/2017/6m_2017_perfect_santa.mp3, https://www.dropbox.com/s/0dcpviciqg9nicc/6m_2017_man_flu.mp3?dl=1, http://howtotrain.info/FileStorage/6M/2017/6m_2017_perfect_santa.png, Note: This is not a word for word transcript
      Neil
      Hello and welcome to 6 Minute English. I'm Neil and joining me today is Dan who is looking very jolly. Dan
      Of course I'm looking jolly - meaning happy and smiley; it's my favourite time of the year.
      Neil
      Ah yes, all that food, all those presents, all that fun. 
      Dan
      Forget the food and fun - Christmas is all about the presents!
      Neil
      I'm not sure that's quite the spirit - the real meaning of something
      Dan
      Well, Neil, I was actually talking about giving presents, not getting them.
      Neil
      Ah sorry, Dan, I misjudged you. As you enjoy giving presents so much, I'm very pleased to have you with me in this 6 Minute English - Our topic. What makes the perfect Santa? We'll have 6 items of vocabulary for you and, of course, our quiz question. Ready?
      Dan
      Hit me.
      Neil
      How many Santas are there in the world? a) 1,500, b) 15,000 or c) 15 million
      Dan
      I know there are a lot but 15 million must be wrong; 1,500 seems too few, so I'll g o for 15,000.
      Neil
      We'll see if you're right at the end of the programmer. Dan, you seem like a strong candidate for a job as Santa. Ever considered it?
      Dan|I'd love to! A candidate is a person competing for a job.
      Neil
      And what do you think is a key part of being Santa - or Father Christmas as we also call him in the UK?
      Dan
      You've already mentioned being jolly.
      Neil
      I have. Let's listen to James Lovell, who runs a Santa school at his company Ministry of Fun in London. What does he say is the key?
      James Lovell
      A perfect 'ho ho ho!' is a key part of being a Father Christmas. It's a ho ho ho! And it needs to just reinforce the fact that you are the jolliest person on the planet. So I like to reach down into my tummy, tap it and with a big smile on my face g o ho ho hoooo! 
      Neil 
       The perfect ho ho ho! You need that to reinforce the fact you are the jolliest person in the world. 
      Dan
      To reinforce means to make something stronger. Ho ho ho! 
      Neil
      Wow, Dan! You're very convincing. Are you sure you've never done this before? 
      Dan
      I haven't but I want to. It feels good! Ho ho ho! 
      Neil
      I could be the ideal career move for you, Dan. But I bet it's not all fun. 
      Dan
      Hmm, maybe. I think there would be a lot of pressure to perform. Pressure is the feeling of worry you can get when you are expected to deal with a difficult situation. 
      Neil
      Yes, think of all the children you have to impress. Pressure indeed. Let's hear from James Lovell again, who runs a Santa school in London. 
      James Lovell
      Portraying Father Christmas is not an easy job because when you're dressed as Father Christmas, you have a huge responsibility to recreate the magic of the real Santa in every way. You need to look good, you need to have lots to say and you need to be incredibly jolly and you need to have magical eyes. 
      Dan
      So it seems I was right: portraying Father Christmas is not an easy job. Portraying meaning playing the part of - like an actor does. 
      Neil
      He says there's a huge responsibility to recreate the magic of the real Santa. To recreate means to make something exist again. 
      Dan
      All those kids expecting that magical moment - and it's all down to you as Santa! Hmm I'm beginning to have second thoughts about this career change.
      Neil
      Could you handle the pressure? 
      Dan
      I'm not sure I could! Portraying Father Christmas might be a challenge too far - despite my ho ho ho! 
      Neil
      Now it's time to find out the answer to our quiz question. I asked how many Santas there are in the world? a) 1,500, b) 15,000 or c) 15 million
      Dan
      I said b) 15,000
      Neil
      And you were. wrong! I'm afraid it was a trick question - there is, of course, only one Santa! 
      Dan
      Ahhh that's not fair! 
      Neil
      Sorry! Shall we have a recap of the vocabulary? 
      Dan
      Yes please - that would make me jolly again. 
      Neil
      Jolly, meaning happy and smiley. What makes you jolly, Dan? 
      Dan
      Christmas of course! Now Neil, I have to say, cheating me out of that quiz question was really not in the spirit of 6 Minute English. We are always nice to each other. 
      Neil
      Ah yes, you're probably right. Spirt here has the sense of something's real meaning. The spirit of 6 Minute English is friendly educational fun - not cheating your colleagues! 
      Dan
      Glad we've got that straight. Our next word is candidate. Until you made me think about how hard it is to be a good Santa, I thought I'd be a strong candidate for the job. 
      Neil
      A candidate is a person competing for a job. Next we had reinforce. 
      Dan
      Reinforce means to make something stronger. Repeating the vocabulary in 6 Minute English reinforces your ability to remember it! 
      Neil
      That's right - and it puts you under less pressure when you're speaking English if you have a good range of vocabulary. 
      Dan
      Pressure is the feeling of worry you can get when you are expected to deal with a difficult situation - like pretending to be Santa! Yes there's a lot of pressure involved in portraying someone else. 
      Neil
      Portraying, meaning playing the part of someone - like an actor does. It can be very difficult to get it right. 
      Dan
      Yep, it's a real skill to be able to recreate the look and character of another person. Recreate meaning to make something exist again. 
      Neil
      Well we'll try our best to recreate a positive learning experience for you all next time on 6 Minute English. Until then don't forget to check out our YouTube, Facebook, Twitter and Instagram pages. Goodbye! 
      Dan
      Goodbye!
      , Neil,Dan,James Lovell, What qualities to you need to be the man who brings joy to millions of children around the world during the festive season?
      Neil and Dan discuss what it takes to be the perfect Santa. You'll also learn six items of vocabulary.
      , jolly: happy, smiley
      spirit: something's real meaning
      candidate: a person competing for a job
      reinforce: make something stronger
      pressure: the feeling of worry when a person gets when expected to deal with a difficult situation
      portraying: playing the part of someone
      , ) - Validation state: Valid
info: Microsoft.EntityFrameworkCore.Infrastructure[10403]
      Entity Framework Core 2.1.4-rtm-31024 initialized 'DataContext' using provider 'Microsoft.EntityFrameworkCore.SqlServer' with options: None
warn: Microsoft.EntityFrameworkCore.Query[10103]
      Query: '(from Lesson <generated>_1 in DbSet<Lesson> select [<generated>_1]).First()' uses First/FirstOrDefault/Last/LastOrDefault operation without OrderBy and filter which may lead to unpredictable results.
info: Microsoft.EntityFrameworkCore.Database.Command[20101]
      Executed DbCommand (1,167ms) [Parameters=[], CommandType='Text', CommandTimeout='30']
      SELECT TOP(1) [l].[ID], [l].[Actor], [l].[CreatedDate], [l].[FileURLDowload], [l].[FileURLOnline], [l].[IDTP], [l].[ImageURL], [l].[Name], [l].[Sumary], [l].[Transcript], [l].[UpdatedDate], [l].[Vocabulary], [l].[Year]
      FROM [Lesson] AS [l]
info: Microsoft.AspNetCore.Mvc.Internal.ControllerActionInvoker[2]
      Executed action method BBCWebAPI.Controllers.UI.HomeController.UpdateLesson (BBCWebAPI), returned result Microsoft.AspNetCore.Mvc.RedirectToActionResult in 1609.3658ms.
info: Microsoft.AspNetCore.Mvc.RedirectToActionResult[1]
      Executing RedirectResult, redirecting to /HomePage.
info: Microsoft.AspNetCore.Mvc.Internal.ControllerActionInvoker[2]
      Executed action BBCWebAPI.Controllers.UI.HomeController.UpdateLesson (BBCWebAPI) in 1659.5858ms
info: Microsoft.AspNetCore.Hosting.Internal.WebHost[1]
      Request starting HTTP/1.1 GET http://localhost:4000/HomePage  
info: Microsoft.AspNetCore.Mvc.Internal.ControllerActionInvoker[1]
      Route matched with {action = "HomePage", controller = "Home"}. Executing action BBCWebAPI.Controllers.UI.HomeController.HomePage (BBCWebAPI)
info: Microsoft.AspNetCore.Mvc.Internal.ControllerActionInvoker[1]
      Executing action method BBCWebAPI.Controllers.UI.HomeController.HomePage (BBCWebAPI) with arguments (, ) - Validation state: Valid
info: Microsoft.EntityFrameworkCore.Infrastructure[10403]
      Entity Framework Core 2.1.4-rtm-31024 initialized 'DataContext' using provider 'Microsoft.EntityFrameworkCore.SqlServer' with options: None
fail: Microsoft.AspNetCore.Server.Kestrel[13]
      Connection id "0HLI5GVT63IA2", Request id "0HLI5GVT63IA2:00000002": An unhandled exception was thrown by the application.
System.InvalidOperationException: The connection does not support MultipleActiveResultSets.
   at System.Data.SqlClient.SqlInternalConnectionTds.ValidateConnectionForExecute(SqlCommand command)
   at System.Data.SqlClient.SqlInternalTransaction.Rollback()
   at System.Data.SqlClient.SqlTransaction.Dispose(Boolean disposing)
   at System.Data.Common.DbTransaction.Dispose()
   at Microsoft.EntityFrameworkCore.Storage.RelationalTransaction.Dispose()
   at Microsoft.EntityFrameworkCore.Storage.RelationalConnection.ClearTransactions()
   at Microsoft.EntityFrameworkCore.Storage.RelationalConnection.Dispose()
   at Microsoft.Extensions.DependencyInjection.ServiceLookup.ServiceProviderEngineScope.Dispose()
   at Microsoft.EntityFrameworkCore.DbContext.Dispose()
   at Microsoft.Extensions.DependencyInjection.ServiceLookup.ServiceProviderEngineScope.Dispose()
   at Microsoft.AspNetCore.Hosting.Internal.RequestServicesFeature.Dispose()
   at Microsoft.AspNetCore.Http.HttpResponse.<>c.<.cctor>b__30_1(Object disposable)
   at Microsoft.AspNetCore.Server.Kestrel.Core.Internal.Http.HttpProtocol.FireOnCompletedAwaited(Stack`1 onCompleted)
info: Microsoft.AspNetCore.Hosting.Internal.WebHost[2]
      Request finished in 1762.3481ms 302 
info: Microsoft.EntityFrameworkCore.Database.Command[20101]
      Executed DbCommand (279ms) [Parameters=[@p1='?' (Size = 450), @p0='?' (Size = 4000)], CommandType='Text', CommandTimeout='30']
      SET NOCOUNT ON;
      UPDATE [Lesson] SET [UpdatedDate] = @p0
      WHERE [ID] = @p1;
      SELECT @@ROWCOUNT;
fail: Microsoft.EntityFrameworkCore.Database.Connection[20004]
      An error occurred using the connection to database 'BBCLearningEnglish' on server 'tcp:bbcservername.database.windows.net,1433'.
System.Data.SqlClient.SqlException (0x80131904): Connection Timeout Expired.  The timeout period elapsed while attempting to consume the pre-login handshake acknowledgement.  This could be because the pre-login handshake failed or the server was unable to respond back in time.  The duration spent while attempting to connect to this server was - [Pre-Login] initialization=3412; handshake=26587;  ---> System.ComponentModel.Win32Exception (258): The wait operation timed out
   at System.Data.SqlClient.SqlInternalConnectionTds..ctor(DbConnectionPoolIdentity identity, SqlConnectionString connectionOptions, SqlCredential credential, Object providerInfo, String newPassword, SecureString newSecurePassword, Boolean redirectedUserInstance, SqlConnectionString userConnectionOptions, SessionData reconnectSessionData, Boolean applyTransientFaultHandling)
   at System.Data.SqlClient.SqlConnectionFactory.CreateConnection(DbConnectionOptions options, DbConnectionPoolKey poolKey, Object poolGroupProviderInfo, DbConnectionPool pool, DbConnection owningConnection, DbConnectionOptions userOptions)
   at System.Data.ProviderBase.DbConnectionFactory.CreatePooledConnection(DbConnectionPool pool, DbConnection owningObject, DbConnectionOptions options, DbConnectionPoolKey poolKey, DbConnectionOptions userOptions)
   at System.Data.ProviderBase.DbConnectionPool.CreateObject(DbConnection owningObject, DbConnectionOptions userOptions, DbConnectionInternal oldConnection)
   at System.Data.ProviderBase.DbConnectionPool.UserCreateRequest(DbConnection owningObject, DbConnectionOptions userOptions, DbConnectionInternal oldConnection)
   at System.Data.ProviderBase.DbConnectionPool.TryGetConnection(DbConnection owningObject, UInt32 waitForMultipleObjectsTimeout, Boolean allowCreate, Boolean onlyOneCheckConnection, DbConnectionOptions userOptions, DbConnectionInternal& connection)
   at System.Data.ProviderBase.DbConnectionPool.TryGetConnection(DbConnection owningObject, TaskCompletionSource`1 retry, DbConnectionOptions userOptions, DbConnectionInternal& connection)
   at System.Data.ProviderBase.DbConnectionFactory.TryGetConnection(DbConnection owningConnection, TaskCompletionSource`1 retry, DbConnectionOptions userOptions, DbConnectionInternal oldConnection, DbConnectionInternal& connection)
   at System.Data.ProviderBase.DbConnectionInternal.TryOpenConnectionInternal(DbConnection outerConnection, DbConnectionFactory connectionFactory, TaskCompletionSource`1 retry, DbConnectionOptions userOptions)
   at System.Data.ProviderBase.DbConnectionClosed.TryOpenConnection(DbConnection outerConnection, DbConnectionFactory connectionFactory, TaskCompletionSource`1 retry, DbConnectionOptions userOptions)
   at System.Data.SqlClient.SqlConnection.TryOpen(TaskCompletionSource`1 retry)
   at System.Data.SqlClient.SqlConnection.Open()
   at Microsoft.EntityFrameworkCore.Storage.RelationalConnection.OpenDbConnection(Boolean errorsExpected)
ClientConnectionId:1409b079-d703-49c3-a3cd-dcdb50a23aa1
Error Number:-2,State:0,Class:11
fail: Microsoft.EntityFrameworkCore.Query[10100]
      An exception occurred in the database while iterating the results of a query for context type 'BBCWebAPI.Data.DataContext'.
      System.Data.SqlClient.SqlException (0x80131904): Connection Timeout Expired.  The timeout period elapsed while attempting to consume the pre-login handshake acknowledgement.  This could be because the pre-login handshake failed or the server was unable to respond back in time.  The duration spent while attempting to connect to this server was - [Pre-Login] initialization=3412; handshake=26587;  ---> System.ComponentModel.Win32Exception (258): The wait operation timed out
         at System.Data.SqlClient.SqlInternalConnectionTds..ctor(DbConnectionPoolIdentity identity, SqlConnectionString connectionOptions, SqlCredential credential, Object providerInfo, String newPassword, SecureString newSecurePassword, Boolean redirectedUserInstance, SqlConnectionString userConnectionOptions, SessionData reconnectSessionData, Boolean applyTransientFaultHandling)
         at System.Data.SqlClient.SqlConnectionFactory.CreateConnection(DbConnectionOptions options, DbConnectionPoolKey poolKey, Object poolGroupProviderInfo, DbConnectionPool pool, DbConnection owningConnection, DbConnectionOptions userOptions)
         at System.Data.ProviderBase.DbConnectionFactory.CreatePooledConnection(DbConnectionPool pool, DbConnection owningObject, DbConnectionOptions options, DbConnectionPoolKey poolKey, DbConnectionOptions userOptions)
         at System.Data.ProviderBase.DbConnectionPool.CreateObject(DbConnection owningObject, DbConnectionOptions userOptions, DbConnectionInternal oldConnection)
         at System.Data.ProviderBase.DbConnectionPool.UserCreateRequest(DbConnection owningObject, DbConnectionOptions userOptions, DbConnectionInternal oldConnection)
         at System.Data.ProviderBase.DbConnectionPool.TryGetConnection(DbConnection owningObject, UInt32 waitForMultipleObjectsTimeout, Boolean allowCreate, Boolean onlyOneCheckConnection, DbConnectionOptions userOptions, DbConnectionInternal& connection)
         at System.Data.ProviderBase.DbConnectionPool.TryGetConnection(DbConnection owningObject, TaskCompletionSource`1 retry, DbConnectionOptions userOptions, DbConnectionInternal& connection)
         at System.Data.ProviderBase.DbConnectionFactory.TryGetConnection(DbConnection owningConnection, TaskCompletionSource`1 retry, DbConnectionOptions userOptions, DbConnectionInternal oldConnection, DbConnectionInternal& connection)
         at System.Data.ProviderBase.DbConnectionInternal.TryOpenConnectionInternal(DbConnection outerConnection, DbConnectionFactory connectionFactory, TaskCompletionSource`1 retry, DbConnectionOptions userOptions)
         at System.Data.ProviderBase.DbConnectionClosed.TryOpenConnection(DbConnection outerConnection, DbConnectionFactory connectionFactory, TaskCompletionSource`1 retry, DbConnectionOptions userOptions)
         at System.Data.SqlClient.SqlConnection.TryOpen(TaskCompletionSource`1 retry)
         at System.Data.SqlClient.SqlConnection.Open()
         at Microsoft.EntityFrameworkCore.Storage.RelationalConnection.OpenDbConnection(Boolean errorsExpected)
         at Microsoft.EntityFrameworkCore.Storage.RelationalConnection.Open(Boolean errorsExpected)
         at Microsoft.EntityFrameworkCore.Query.Internal.QueryingEnumerable`1.Enumerator.BufferlessMoveNext(DbContext _, Boolean buffer)
         at Microsoft.EntityFrameworkCore.SqlServer.Storage.Internal.SqlServerExecutionStrategy.Execute[TState,TResult](TState state, Func`3 operation, Func`3 verifySucceeded)
         at Microsoft.EntityFrameworkCore.Query.Internal.QueryingEnumerable`1.Enumerator.MoveNext()
         at Microsoft.EntityFrameworkCore.Query.Internal.LinqOperatorProvider._TrackEntities[TOut,TIn](IEnumerable`1 results, QueryContext queryContext, IList`1 entityTrackingInfos, IList`1 entityAccessors)+MoveNext()
         at Microsoft.EntityFrameworkCore.Query.Internal.LinqOperatorProvider.ExceptionInterceptor`1.EnumeratorExceptionInterceptor.MoveNext()
      ClientConnectionId:1409b079-d703-49c3-a3cd-dcdb50a23aa1
      Error Number:-2,State:0,Class:11
System.Data.SqlClient.SqlException (0x80131904): Connection Timeout Expired.  The timeout period elapsed while attempting to consume the pre-login handshake acknowledgement.  This could be because the pre-login handshake failed or the server was unable to respond back in time.  The duration spent while attempting to connect to this server was - [Pre-Login] initialization=3412; handshake=26587;  ---> System.ComponentModel.Win32Exception (258): The wait operation timed out
   at System.Data.SqlClient.SqlInternalConnectionTds..ctor(DbConnectionPoolIdentity identity, SqlConnectionString connectionOptions, SqlCredential credential, Object providerInfo, String newPassword, SecureString newSecurePassword, Boolean redirectedUserInstance, SqlConnectionString userConnectionOptions, SessionData reconnectSessionData, Boolean applyTransientFaultHandling)
   at System.Data.SqlClient.SqlConnectionFactory.CreateConnection(DbConnectionOptions options, DbConnectionPoolKey poolKey, Object poolGroupProviderInfo, DbConnectionPool pool, DbConnection owningConnection, DbConnectionOptions userOptions)
   at System.Data.ProviderBase.DbConnectionFactory.CreatePooledConnection(DbConnectionPool pool, DbConnection owningObject, DbConnectionOptions options, DbConnectionPoolKey poolKey, DbConnectionOptions userOptions)
   at System.Data.ProviderBase.DbConnectionPool.CreateObject(DbConnection owningObject, DbConnectionOptions userOptions, DbConnectionInternal oldConnection)
   at System.Data.ProviderBase.DbConnectionPool.UserCreateRequest(DbConnection owningObject, DbConnectionOptions userOptions, DbConnectionInternal oldConnection)
   at System.Data.ProviderBase.DbConnectionPool.TryGetConnection(DbConnection owningObject, UInt32 waitForMultipleObjectsTimeout, Boolean allowCreate, Boolean onlyOneCheckConnection, DbConnectionOptions userOptions, DbConnectionInternal& connection)
   at System.Data.ProviderBase.DbConnectionPool.TryGetConnection(DbConnection owningObject, TaskCompletionSource`1 retry, DbConnectionOptions userOptions, DbConnectionInternal& connection)
   at System.Data.ProviderBase.DbConnectionFactory.TryGetConnection(DbConnection owningConnection, TaskCompletionSource`1 retry, DbConnectionOptions userOptions, DbConnectionInternal oldConnection, DbConnectionInternal& connection)
   at System.Data.ProviderBase.DbConnectionInternal.TryOpenConnectionInternal(DbConnection outerConnection, DbConnectionFactory connectionFactory, TaskCompletionSource`1 retry, DbConnectionOptions userOptions)
   at System.Data.ProviderBase.DbConnectionClosed.TryOpenConnection(DbConnection outerConnection, DbConnectionFactory connectionFactory, TaskCompletionSource`1 retry, DbConnectionOptions userOptions)
   at System.Data.SqlClient.SqlConnection.TryOpen(TaskCompletionSource`1 retry)
   at System.Data.SqlClient.SqlConnection.Open()
   at Microsoft.EntityFrameworkCore.Storage.RelationalConnection.OpenDbConnection(Boolean errorsExpected)
   at Microsoft.EntityFrameworkCore.Storage.RelationalConnection.Open(Boolean errorsExpected)
   at Microsoft.EntityFrameworkCore.Query.Internal.QueryingEnumerable`1.Enumerator.BufferlessMoveNext(DbContext _, Boolean buffer)
   at Microsoft.EntityFrameworkCore.SqlServer.Storage.Internal.SqlServerExecutionStrategy.Execute[TState,TResult](TState state, Func`3 operation, Func`3 verifySucceeded)
   at Microsoft.EntityFrameworkCore.Query.Internal.QueryingEnumerable`1.Enumerator.MoveNext()
   at Microsoft.EntityFrameworkCore.Query.Internal.LinqOperatorProvider._TrackEntities[TOut,TIn](IEnumerable`1 results, QueryContext queryContext, IList`1 entityTrackingInfos, IList`1 entityAccessors)+MoveNext()
   at Microsoft.EntityFrameworkCore.Query.Internal.LinqOperatorProvider.ExceptionInterceptor`1.EnumeratorExceptionInterceptor.MoveNext()
ClientConnectionId:1409b079-d703-49c3-a3cd-dcdb50a23aa1
Error Number:-2,State:0,Class:11
info: Microsoft.AspNetCore.Mvc.Internal.ControllerActionInvoker[2]
      Executed action method BBCWebAPI.Controllers.UI.HomeController.HomePage (BBCWebAPI), returned result Microsoft.AspNetCore.Mvc.ViewResult in 30261.1726ms.
info: Microsoft.AspNetCore.Mvc.ViewFeatures.ViewResultExecutor[1]
      Executing ViewResult, running view Views/Pages/HomePage.cshtml.
info: Microsoft.AspNetCore.Mvc.Internal.ControllerActionInvoker[2]
      Executed action BBCWebAPI.Controllers.UI.HomeController.HomePage (BBCWebAPI) in 30519.1361ms
fail: Microsoft.AspNetCore.Diagnostics.DeveloperExceptionPageMiddleware[1]
      An unhandled exception has occurred while executing the request.
System.NullReferenceException: Object reference not set to an instance of an object.
   at AspNetCore.Views_Components_Detail.<ExecuteAsync>b__13_1() in D:\Xamarin\BBCWebAPI\BBCWebAPI\Views\Components\Detail.cshtml:line 30
   at Microsoft.AspNetCore.Razor.Runtime.TagHelpers.TagHelperExecutionContext.SetOutputContentAsync()
   at AspNetCore.Views_Components_Detail.ExecuteAsync()
   at Microsoft.AspNetCore.Mvc.Razor.RazorView.RenderPageCoreAsync(IRazorPage page, ViewContext context)
   at Microsoft.AspNetCore.Mvc.Razor.RazorView.RenderPageAsync(IRazorPage page, ViewContext context, Boolean invokeViewStarts)
   at Microsoft.AspNetCore.Mvc.Razor.RazorView.RenderAsync(ViewContext context)
   at Microsoft.AspNetCore.Mvc.ViewFeatures.HtmlHelper.RenderPartialCoreAsync(String partialViewName, Object model, ViewDataDictionary viewData, TextWriter writer)
   at Microsoft.AspNetCore.Mvc.ViewFeatures.HtmlHelper.PartialAsync(String partialViewName, Object model, ViewDataDictionary viewData)
   at AspNetCore.Views_Pages_HomePage.<ExecuteAsync>b__24_1() in D:\Xamarin\BBCWebAPI\BBCWebAPI\Views\Pages\HomePage.cshtml:line 140
   at Microsoft.AspNetCore.Razor.Runtime.TagHelpers.TagHelperExecutionContext.SetOutputContentAsync()
   at AspNetCore.Views_Pages_HomePage.ExecuteAsync()
   at Microsoft.AspNetCore.Mvc.Razor.RazorView.RenderPageCoreAsync(IRazorPage page, ViewContext context)
   at Microsoft.AspNetCore.Mvc.Razor.RazorView.RenderPageAsync(IRazorPage page, ViewContext context, Boolean invokeViewStarts)
   at Microsoft.AspNetCore.Mvc.Razor.RazorView.RenderAsync(ViewContext context)
   at Microsoft.AspNetCore.Mvc.ViewFeatures.ViewExecutor.ExecuteAsync(ViewContext viewContext, String contentType, Nullable`1 statusCode)
   at Microsoft.AspNetCore.Mvc.ViewFeatures.ViewExecutor.ExecuteAsync(ActionContext actionContext, IView view, ViewDataDictionary viewData, ITempDataDictionary tempData, String contentType, Nullable`1 statusCode)
   at Microsoft.AspNetCore.Mvc.ViewFeatures.ViewResultExecutor.ExecuteAsync(ActionContext context, ViewResult result)
   at Microsoft.AspNetCore.Mvc.ViewResult.ExecuteResultAsync(ActionContext context)
   at Microsoft.AspNetCore.Mvc.Internal.ResourceInvoker.InvokeResultAsync(IActionResult result)
   at Microsoft.AspNetCore.Mvc.Internal.ResourceInvoker.InvokeNextResultFilterAsync[TFilter,TFilterAsync]()
   at Microsoft.AspNetCore.Mvc.Internal.ResourceInvoker.Rethrow(ResultExecutedContext context)
   at Microsoft.AspNetCore.Mvc.Internal.ResourceInvoker.ResultNext[TFilter,TFilterAsync](State& next, Scope& scope, Object& state, Boolean& isCompleted)
   at Microsoft.AspNetCore.Mvc.Internal.ResourceInvoker.InvokeResultFilters()
   at Microsoft.AspNetCore.Mvc.Internal.ResourceInvoker.InvokeNextResourceFilter()
   at Microsoft.AspNetCore.Mvc.Internal.ResourceInvoker.Rethrow(ResourceExecutedContext context)
   at Microsoft.AspNetCore.Mvc.Internal.ResourceInvoker.Next(State& next, Scope& scope, Object& state, Boolean& isCompleted)
   at Microsoft.AspNetCore.Mvc.Internal.ResourceInvoker.InvokeFilterPipelineAsync()
   at Microsoft.AspNetCore.Mvc.Internal.ResourceInvoker.InvokeAsync()
   at Microsoft.AspNetCore.Builder.RouterMiddleware.Invoke(HttpContext httpContext)
   at Microsoft.AspNetCore.StaticFiles.StaticFileMiddleware.Invoke(HttpContext context)
   at Microsoft.AspNetCore.Diagnostics.DeveloperExceptionPageMiddleware.Invoke(HttpContext context)
info: Microsoft.AspNetCore.Hosting.Internal.WebHost[2]
      Request finished in 30651.7706ms 500 text/html; charset=utf-8






















































































































