info: Microsoft.AspNetCore.DataProtection.KeyManagement.XmlKeyManager[0]
      User profile is available. Using 'C:\Users\HP\AppData\Local\ASP.NET\DataProtection-Keys' as key repository and Windows DPAPI to encrypt keys at rest.
Hosting environment: Development
Content root path: D:\Xamarin\BBCWebAPI\BBCWebAPI
Now listening on: http://127.0.0.1:30002
Application started. Press Ctrl+C to shut down.
info: Microsoft.AspNetCore.Hosting.Internal.WebHost[1]
      Request starting HTTP/1.1 DEBUG http://localhost:3000/  0
info: Microsoft.AspNetCore.Hosting.Internal.WebHost[1]
      Request starting HTTP/1.1 GET http://localhost:3000/HomePage  
info: Microsoft.AspNetCore.Hosting.Internal.WebHost[2]
      Request finished in 130.9366ms 200 
warn: Microsoft.AspNetCore.HttpsPolicy.HttpsRedirectionMiddleware[3]
      Failed to determine the https port for redirect.
info: Microsoft.AspNetCore.Mvc.Internal.ControllerActionInvoker[1]
      Route matched with {action = "HomePage", controller = "Home"}. Executing action BBCWebAPI.Controllers.UI.HomeController.HomePage (BBCWebAPI)
info: Microsoft.AspNetCore.Mvc.Internal.ControllerActionInvoker[1]
      Executing action method BBCWebAPI.Controllers.UI.HomeController.HomePage (BBCWebAPI) with arguments (, , , HomePage) - Validation state: Valid
info: Microsoft.EntityFrameworkCore.Infrastructure[10403]
      Entity Framework Core 2.1.4-rtm-31024 initialized 'DataContext' using provider 'Microsoft.EntityFrameworkCore.SqlServer' with options: None
info: Microsoft.EntityFrameworkCore.Database.Command[20101]
      Executed DbCommand (260ms) [Parameters=[], CommandType='Text', CommandTimeout='30']
      SELECT [t].[ID], [t].[Name]
      FROM [Topic] AS [t]
info: Microsoft.EntityFrameworkCore.Database.Command[20101]
      Executed DbCommand (244ms) [Parameters=[], CommandType='Text', CommandTimeout='30']
      SELECT [lesson].[ID], [lesson].[Actor], [lesson].[CreatedDate], [lesson].[FileURLDowload], [lesson].[FileURLOnline], [lesson].[IDTP], [lesson].[ImageURL], [lesson].[Name], [lesson].[Sumary], [lesson].[Transcript], [lesson].[UpdatedDate], [lesson].[Vocabulary], [lesson].[Year]
      FROM [Lesson] AS [lesson]
      WHERE [lesson].[IDTP] = N'6M'
info: Microsoft.AspNetCore.Mvc.Internal.ControllerActionInvoker[2]
      Executed action method BBCWebAPI.Controllers.UI.HomeController.HomePage (BBCWebAPI), returned result Microsoft.AspNetCore.Mvc.ViewResult in 2768.3978ms.
info: Microsoft.AspNetCore.Mvc.ViewFeatures.ViewResultExecutor[1]
      Executing ViewResult, running view Views/Pages/HomePage.cshtml.
info: Microsoft.AspNetCore.Mvc.ViewFeatures.ViewResultExecutor[4]
      Executed ViewResult - view Views/Pages/HomePage.cshtml executed in 220.5417ms.
info: Microsoft.AspNetCore.Mvc.Internal.ControllerActionInvoker[2]
      Executed action BBCWebAPI.Controllers.UI.HomeController.HomePage (BBCWebAPI) in 3332.7488ms
info: Microsoft.AspNetCore.Hosting.Internal.WebHost[2]
      Request finished in 3894.5546ms 200 text/html; charset=utf-8
info: Microsoft.AspNetCore.Hosting.Internal.WebHost[1]
      Request starting HTTP/1.1 GET http://localhost:3000/components/css/Detail.css  
info: Microsoft.AspNetCore.Hosting.Internal.WebHost[1]
      Request starting HTTP/1.1 GET http://localhost:3000/components/images/delete.png  
info: Microsoft.AspNetCore.Hosting.Internal.WebHost[1]
      Request starting HTTP/1.1 GET http://localhost:3000/components/images/edit.png  
info: Microsoft.AspNetCore.StaticFiles.StaticFileMiddleware[6]
      The file /components/css/Detail.css was not modified
info: Microsoft.AspNetCore.StaticFiles.StaticFileMiddleware[6]
      The file /components/images/delete.png was not modified
info: Microsoft.AspNetCore.StaticFiles.StaticFileMiddleware[6]
      The file /components/images/edit.png was not modified
info: Microsoft.AspNetCore.Hosting.Internal.WebHost[2]
      Request finished in 34.1805ms 304 image/png
info: Microsoft.AspNetCore.Hosting.Internal.WebHost[2]
      Request finished in 52.7795ms 304 text/css
info: Microsoft.AspNetCore.Hosting.Internal.WebHost[2]
      Request finished in 40.547ms 304 image/png
info: Microsoft.AspNetCore.Hosting.Internal.WebHost[1]
      Request starting HTTP/1.1 GET http://localhost:3000/HomePage?topicID=6MGB&topicName=6%20MINUTE%20GRAMMAR%20BASIC  
info: Microsoft.AspNetCore.Mvc.Internal.ControllerActionInvoker[1]
      Route matched with {action = "HomePage", controller = "Home"}. Executing action BBCWebAPI.Controllers.UI.HomeController.HomePage (BBCWebAPI)
info: Microsoft.AspNetCore.Mvc.Internal.ControllerActionInvoker[1]
      Executing action method BBCWebAPI.Controllers.UI.HomeController.HomePage (BBCWebAPI) with arguments (6MGB, 6 MINUTE GRAMMAR BASIC, , HomePage) - Validation state: Valid
info: Microsoft.EntityFrameworkCore.Infrastructure[10403]
      Entity Framework Core 2.1.4-rtm-31024 initialized 'DataContext' using provider 'Microsoft.EntityFrameworkCore.SqlServer' with options: None
info: Microsoft.EntityFrameworkCore.Database.Command[20101]
      Executed DbCommand (241ms) [Parameters=[], CommandType='Text', CommandTimeout='30']
      SELECT [t].[ID], [t].[Name]
      FROM [Topic] AS [t]
info: Microsoft.EntityFrameworkCore.Database.Command[20101]
      Executed DbCommand (242ms) [Parameters=[], CommandType='Text', CommandTimeout='30']
      SELECT [lesson].[ID], [lesson].[Actor], [lesson].[CreatedDate], [lesson].[FileURLDowload], [lesson].[FileURLOnline], [lesson].[IDTP], [lesson].[ImageURL], [lesson].[Name], [lesson].[Sumary], [lesson].[Transcript], [lesson].[UpdatedDate], [lesson].[Vocabulary], [lesson].[Year]
      FROM [Lesson] AS [lesson]
      WHERE [lesson].[IDTP] = N'6M'
info: Microsoft.AspNetCore.Mvc.Internal.ControllerActionInvoker[2]
      Executed action method BBCWebAPI.Controllers.UI.HomeController.HomePage (BBCWebAPI), returned result Microsoft.AspNetCore.Mvc.ViewResult in 536.3608ms.
info: Microsoft.AspNetCore.Mvc.ViewFeatures.ViewResultExecutor[1]
      Executing ViewResult, running view Views/Pages/HomePage.cshtml.
info: Microsoft.AspNetCore.Mvc.ViewFeatures.ViewResultExecutor[4]
      Executed ViewResult - view Views/Pages/HomePage.cshtml executed in 18.3099ms.
info: Microsoft.AspNetCore.Mvc.Internal.ControllerActionInvoker[2]
      Executed action BBCWebAPI.Controllers.UI.HomeController.HomePage (BBCWebAPI) in 571.5053ms
info: Microsoft.AspNetCore.Hosting.Internal.WebHost[2]
      Request finished in 586.508ms 200 text/html; charset=utf-8
info: Microsoft.AspNetCore.Hosting.Internal.WebHost[1]
      Request starting HTTP/1.1 GET http://localhost:3000/HomePage?topicID=6M&topicName=6%20MINUTE%20ENGLISH  
info: Microsoft.AspNetCore.Mvc.Internal.ControllerActionInvoker[1]
      Route matched with {action = "HomePage", controller = "Home"}. Executing action BBCWebAPI.Controllers.UI.HomeController.HomePage (BBCWebAPI)
info: Microsoft.AspNetCore.Mvc.Internal.ControllerActionInvoker[1]
      Executing action method BBCWebAPI.Controllers.UI.HomeController.HomePage (BBCWebAPI) with arguments (6M, 6 MINUTE ENGLISH, , HomePage) - Validation state: Valid
info: Microsoft.EntityFrameworkCore.Infrastructure[10403]
      Entity Framework Core 2.1.4-rtm-31024 initialized 'DataContext' using provider 'Microsoft.EntityFrameworkCore.SqlServer' with options: None
info: Microsoft.EntityFrameworkCore.Database.Command[20101]
      Executed DbCommand (241ms) [Parameters=[], CommandType='Text', CommandTimeout='30']
      SELECT [t].[ID], [t].[Name]
      FROM [Topic] AS [t]
info: Microsoft.EntityFrameworkCore.Database.Command[20101]
      Executed DbCommand (242ms) [Parameters=[], CommandType='Text', CommandTimeout='30']
      SELECT [lesson].[ID], [lesson].[Actor], [lesson].[CreatedDate], [lesson].[FileURLDowload], [lesson].[FileURLOnline], [lesson].[IDTP], [lesson].[ImageURL], [lesson].[Name], [lesson].[Sumary], [lesson].[Transcript], [lesson].[UpdatedDate], [lesson].[Vocabulary], [lesson].[Year]
      FROM [Lesson] AS [lesson]
      WHERE [lesson].[IDTP] = N'6M'
info: Microsoft.AspNetCore.Mvc.Internal.ControllerActionInvoker[2]
      Executed action method BBCWebAPI.Controllers.UI.HomeController.HomePage (BBCWebAPI), returned result Microsoft.AspNetCore.Mvc.ViewResult in 500.4938ms.
info: Microsoft.AspNetCore.Mvc.ViewFeatures.ViewResultExecutor[1]
      Executing ViewResult, running view Views/Pages/HomePage.cshtml.
info: Microsoft.AspNetCore.Mvc.ViewFeatures.ViewResultExecutor[4]
      Executed ViewResult - view Views/Pages/HomePage.cshtml executed in 7.4753ms.
info: Microsoft.AspNetCore.Mvc.Internal.ControllerActionInvoker[2]
      Executed action BBCWebAPI.Controllers.UI.HomeController.HomePage (BBCWebAPI) in 524.8012ms
info: Microsoft.AspNetCore.Hosting.Internal.WebHost[2]
      Request finished in 549.7112ms 200 text/html; charset=utf-8
