info: Microsoft.AspNetCore.DataProtection.KeyManagement.XmlKeyManager[0]
      User profile is available. Using 'C:\Users\HP\AppData\Local\ASP.NET\DataProtection-Keys' as key repository and Windows DPAPI to encrypt keys at rest.
Hosting environment: Development
Content root path: D:\Xamarin\BBCWebAPI\BBCWebAPI
Now listening on: http://127.0.0.1:31345
Application started. Press Ctrl+C to shut down.
info: Microsoft.AspNetCore.Hosting.Internal.WebHost[1]
      Request starting HTTP/1.1 GET http://localhost:4000/HomePage  
info: Microsoft.AspNetCore.Hosting.Internal.WebHost[1]
      Request starting HTTP/1.1 DEBUG http://localhost:4000/  0
info: Microsoft.AspNetCore.Hosting.Internal.WebHost[2]
      Request finished in 69.1404ms 200 
warn: Microsoft.AspNetCore.HttpsPolicy.HttpsRedirectionMiddleware[3]
      Failed to determine the https port for redirect.
info: Microsoft.AspNetCore.Mvc.Internal.ControllerActionInvoker[1]
      Route matched with {action = "HomePage", controller = "Home"}. Executing action BBCWebAPI.Controllers.UI.HomeController.HomePage (BBCWebAPI)
info: Microsoft.AspNetCore.Mvc.Internal.ControllerActionInvoker[1]
      Executing action method BBCWebAPI.Controllers.UI.HomeController.HomePage (BBCWebAPI) with arguments (, ) - Validation state: Valid
info: Microsoft.EntityFrameworkCore.Infrastructure[10403]
      Entity Framework Core 2.1.4-rtm-31024 initialized 'DataContext' using provider 'Microsoft.EntityFrameworkCore.SqlServer' with options: None
info: Microsoft.EntityFrameworkCore.Database.Command[20101]
      Executed DbCommand (245ms) [Parameters=[], CommandType='Text', CommandTimeout='30']
      SELECT [t].[ID], [t].[Name]
      FROM [Topic] AS [t]
info: Microsoft.EntityFrameworkCore.Database.Command[20101]
      Executed DbCommand (908ms) [Parameters=[], CommandType='Text', CommandTimeout='30']
      SELECT [lesson].[ID], [lesson].[Actor], [lesson].[CreatedDate], [lesson].[FileURLDowload], [lesson].[FileURLOnline], [lesson].[IDTP], [lesson].[ImageURL], [lesson].[Name], [lesson].[Sumary], [lesson].[Transcript], [lesson].[UpdatedDate], [lesson].[Vocabulary], [lesson].[Year]
      FROM [Lesson] AS [lesson]
      WHERE [lesson].[IDTP] = N'6M'
info: Microsoft.AspNetCore.Mvc.Internal.ControllerActionInvoker[2]
      Executed action method BBCWebAPI.Controllers.UI.HomeController.HomePage (BBCWebAPI), returned result Microsoft.AspNetCore.Mvc.ViewResult in 4243.2175ms.
info: Microsoft.AspNetCore.Mvc.ViewFeatures.ViewResultExecutor[1]
      Executing ViewResult, running view Views/Pages/HomePage.cshtml.
info: Microsoft.AspNetCore.Mvc.ViewFeatures.ViewResultExecutor[4]
      Executed ViewResult - view Views/Pages/HomePage.cshtml executed in 245.0464ms.
info: Microsoft.AspNetCore.Mvc.Internal.ControllerActionInvoker[2]
      Executed action BBCWebAPI.Controllers.UI.HomeController.HomePage (BBCWebAPI) in 4953.3179ms
info: Microsoft.AspNetCore.Hosting.Internal.WebHost[2]
      Request finished in 5568.2962ms 200 text/html; charset=utf-8
info: Microsoft.AspNetCore.Hosting.Internal.WebHost[1]
      Request starting HTTP/1.1 GET http://localhost:4000/HomePage/CreateLesson  
info: Microsoft.AspNetCore.Mvc.Internal.ControllerActionInvoker[1]
      Route matched with {action = "CreateLesson", controller = "Home"}. Executing action BBCWebAPI.Controllers.UI.HomeController.CreateLesson (BBCWebAPI)
info: Microsoft.AspNetCore.Mvc.Internal.ControllerActionInvoker[1]
      Executing action method BBCWebAPI.Controllers.UI.HomeController.CreateLesson (BBCWebAPI) with arguments (, ) - Validation state: Valid
info: Microsoft.EntityFrameworkCore.Infrastructure[10403]
      Entity Framework Core 2.1.4-rtm-31024 initialized 'DataContext' using provider 'Microsoft.EntityFrameworkCore.SqlServer' with options: None
info: Microsoft.EntityFrameworkCore.Database.Command[20101]
      Executed DbCommand (228ms) [Parameters=[], CommandType='Text', CommandTimeout='30']
      SELECT [t].[ID], [t].[Name]
      FROM [Topic] AS [t]
info: Microsoft.AspNetCore.Mvc.Internal.ControllerActionInvoker[2]
      Executed action method BBCWebAPI.Controllers.UI.HomeController.CreateLesson (BBCWebAPI), returned result Microsoft.AspNetCore.Mvc.ViewResult in 250.2622ms.
info: Microsoft.AspNetCore.Mvc.ViewFeatures.ViewResultExecutor[1]
      Executing ViewResult, running view Views/Pages/CreateLessonPage.cshtml.
info: Microsoft.AspNetCore.Mvc.ViewFeatures.ViewResultExecutor[4]
      Executed ViewResult - view Views/Pages/CreateLessonPage.cshtml executed in 72.7137ms.
info: Microsoft.AspNetCore.Mvc.Internal.ControllerActionInvoker[2]
      Executed action BBCWebAPI.Controllers.UI.HomeController.CreateLesson (BBCWebAPI) in 335.8189ms
info: Microsoft.AspNetCore.Hosting.Internal.WebHost[2]
      Request finished in 356.6134ms 200 text/html; charset=utf-8
info: Microsoft.AspNetCore.Hosting.Internal.WebHost[1]
      Request starting HTTP/1.1 GET http://localhost:4000/components/css/Create.css  
info: Microsoft.AspNetCore.StaticFiles.StaticFileMiddleware[2]
      Sending file. Request path: '/components/css/Create.css'. Physical path: 'D:\Xamarin\BBCWebAPI\BBCWebAPI\wwwroot\components\css\Create.css'
info: Microsoft.AspNetCore.Hosting.Internal.WebHost[2]
      Request finished in 39.1657ms 200 text/css
