info: Microsoft.AspNetCore.DataProtection.KeyManagement.XmlKeyManager[0]
      User profile is available. Using 'C:\Users\HP\AppData\Local\ASP.NET\DataProtection-Keys' as key repository and Windows DPAPI to encrypt keys at rest.
Hosting environment: Development
Content root path: D:\Xamarin\BBCWebAPI\BBCWebAPI
Now listening on: http://127.0.0.1:8264
Application started. Press Ctrl+C to shut down.
info: Microsoft.AspNetCore.Hosting.Internal.WebHost[1]
      Request starting HTTP/1.1 GET http://localhost:4000/HomePage  
info: Microsoft.AspNetCore.Hosting.Internal.WebHost[1]
      Request starting HTTP/1.1 DEBUG http://localhost:4000/  0
info: Microsoft.AspNetCore.Hosting.Internal.WebHost[2]
      Request finished in 89.1274ms 200 
warn: Microsoft.AspNetCore.HttpsPolicy.HttpsRedirectionMiddleware[3]
      Failed to determine the https port for redirect.
info: Microsoft.AspNetCore.Mvc.Internal.ControllerActionInvoker[1]
      Route matched with {action = "HomePage", controller = "Home"}. Executing action BBCWebAPI.Controllers.UI.HomeController.HomePage (BBCWebAPI)
info: Microsoft.AspNetCore.Mvc.Internal.ControllerActionInvoker[1]
      Executing action method BBCWebAPI.Controllers.UI.HomeController.HomePage (BBCWebAPI) with arguments (, ) - Validation state: Valid
info: Microsoft.EntityFrameworkCore.Infrastructure[10403]
      Entity Framework Core 2.1.4-rtm-31024 initialized 'DataContext' using provider 'Microsoft.EntityFrameworkCore.SqlServer' with options: None
info: Microsoft.EntityFrameworkCore.Database.Command[20101]
      Executed DbCommand (527ms) [Parameters=[], CommandType='Text', CommandTimeout='30']
      SELECT [t].[ID], [t].[Name]
      FROM [Topic] AS [t]
info: Microsoft.EntityFrameworkCore.Database.Command[20101]
      Executed DbCommand (254ms) [Parameters=[], CommandType='Text', CommandTimeout='30']
      SELECT [lesson].[ID], [lesson].[Actor], [lesson].[CreatedDate], [lesson].[FileURLDowload], [lesson].[FileURLOnline], [lesson].[IDTP], [lesson].[ImageURL], [lesson].[Name], [lesson].[Sumary], [lesson].[Transcript], [lesson].[UpdatedDate], [lesson].[Vocabulary], [lesson].[Year]
      FROM [Lesson] AS [lesson]
      WHERE [lesson].[IDTP] = N'6M'
info: Microsoft.AspNetCore.Mvc.Internal.ControllerActionInvoker[2]
      Executed action method BBCWebAPI.Controllers.UI.HomeController.HomePage (BBCWebAPI), returned result Microsoft.AspNetCore.Mvc.ViewResult in 3434.4019ms.
info: Microsoft.AspNetCore.Mvc.ViewFeatures.ViewResultExecutor[1]
      Executing ViewResult, running view Views/Pages/HomePage.cshtml.
info: Microsoft.AspNetCore.Mvc.ViewFeatures.ViewResultExecutor[4]
      Executed ViewResult - view Views/Pages/HomePage.cshtml executed in 260.5651ms.
info: Microsoft.AspNetCore.Mvc.Internal.ControllerActionInvoker[2]
      Executed action BBCWebAPI.Controllers.UI.HomeController.HomePage (BBCWebAPI) in 4241.274ms
info: Microsoft.AspNetCore.Hosting.Internal.WebHost[2]
      Request finished in 5112.5075ms 200 text/html; charset=utf-8
info: Microsoft.AspNetCore.Hosting.Internal.WebHost[1]
      Request starting HTTP/1.1 GET http://localhost:4000/homepage/css/AdminLTE.min.css  
info: Microsoft.AspNetCore.Hosting.Internal.WebHost[1]
      Request starting HTTP/1.1 GET http://localhost:4000/homepage/bower_components/font-awesome/css/font-awesome.min.css  
info: Microsoft.AspNetCore.Hosting.Internal.WebHost[1]
      Request starting HTTP/1.1 GET http://localhost:4000/homepage/bower_components/bootstrap/dist/css/bootstrap.min.css  
info: Microsoft.AspNetCore.Hosting.Internal.WebHost[1]
      Request starting HTTP/1.1 GET http://localhost:4000/homepage/css/skins/skin-blue.min.css  
info: Microsoft.AspNetCore.Hosting.Internal.WebHost[1]
      Request starting HTTP/1.1 GET http://localhost:4000/components/css/Detail.css  
info: Microsoft.AspNetCore.StaticFiles.StaticFileMiddleware[2]
      Sending file. Request path: '/homepage/bower_components/font-awesome/css/font-awesome.min.css'. Physical path: 'D:\Xamarin\BBCWebAPI\BBCWebAPI\wwwroot\homepage\bower_components\font-awesome\css\font-awesome.min.css'
info: Microsoft.AspNetCore.Hosting.Internal.WebHost[2]
      Request finished in 108.6148ms 200 text/css
info: Microsoft.AspNetCore.StaticFiles.StaticFileMiddleware[2]
      Sending file. Request path: '/components/css/Detail.css'. Physical path: 'D:\Xamarin\BBCWebAPI\BBCWebAPI\wwwroot\components\css\Detail.css'
info: Microsoft.AspNetCore.StaticFiles.StaticFileMiddleware[2]
      Sending file. Request path: '/homepage/css/skins/skin-blue.min.css'. Physical path: 'D:\Xamarin\BBCWebAPI\BBCWebAPI\wwwroot\homepage\css\skins\skin-blue.min.css'
info: Microsoft.AspNetCore.Hosting.Internal.WebHost[1]
      Request starting HTTP/1.1 GET http://localhost:4000/homepage/bower_components/Ionicons/css/ionicons.min.css  
info: Microsoft.AspNetCore.Hosting.Internal.WebHost[2]
      Request finished in 115.2908ms 200 text/css
info: Microsoft.AspNetCore.Hosting.Internal.WebHost[2]
      Request finished in 139.7879ms 200 text/css
info: Microsoft.AspNetCore.StaticFiles.StaticFileMiddleware[2]
      Sending file. Request path: '/homepage/bower_components/Ionicons/css/ionicons.min.css'. Physical path: 'D:\Xamarin\BBCWebAPI\BBCWebAPI\wwwroot\homepage\bower_components\Ionicons\css\ionicons.min.css'
info: Microsoft.AspNetCore.StaticFiles.StaticFileMiddleware[2]
      Sending file. Request path: '/homepage/bower_components/bootstrap/dist/css/bootstrap.min.css'. Physical path: 'D:\Xamarin\BBCWebAPI\BBCWebAPI\wwwroot\homepage\bower_components\bootstrap\dist\css\bootstrap.min.css'
info: Microsoft.AspNetCore.StaticFiles.StaticFileMiddleware[2]
      Sending file. Request path: '/homepage/css/AdminLTE.min.css'. Physical path: 'D:\Xamarin\BBCWebAPI\BBCWebAPI\wwwroot\homepage\css\AdminLTE.min.css'
info: Microsoft.AspNetCore.Hosting.Internal.WebHost[1]
      Request starting HTTP/1.1 GET http://localhost:4000/homepage/image/avatarAdmin.jpg  
info: Microsoft.AspNetCore.Hosting.Internal.WebHost[1]
      Request starting HTTP/1.1 GET http://localhost:4000/homepage/bower_components/jquery/dist/jquery.min.js  
info: Microsoft.AspNetCore.Hosting.Internal.WebHost[2]
      Request finished in 330.8337ms 200 text/css
info: Microsoft.AspNetCore.Hosting.Internal.WebHost[2]
      Request finished in 501.7394ms 200 text/css
info: Microsoft.AspNetCore.Hosting.Internal.WebHost[1]
      Request starting HTTP/1.1 GET http://localhost:4000/homepage/bower_components/bootstrap/dist/js/bootstrap.min.js  
info: Microsoft.AspNetCore.StaticFiles.StaticFileMiddleware[2]
      Sending file. Request path: '/homepage/image/avatarAdmin.jpg'. Physical path: 'D:\Xamarin\BBCWebAPI\BBCWebAPI\wwwroot\homepage\image\avatarAdmin.jpg'
info: Microsoft.AspNetCore.Hosting.Internal.WebHost[2]
      Request finished in 557.7092ms 200 text/css
info: Microsoft.AspNetCore.Hosting.Internal.WebHost[1]
      Request starting HTTP/1.1 GET http://localhost:4000/components/images/delete.png  
info: Microsoft.AspNetCore.Hosting.Internal.WebHost[2]
      Request finished in 267.7473ms 200 image/jpeg
info: Microsoft.AspNetCore.Hosting.Internal.WebHost[1]
      Request starting HTTP/1.1 GET http://localhost:4000/homepage/js/adminlte.min.js  
info: Microsoft.AspNetCore.StaticFiles.StaticFileMiddleware[2]
      Sending file. Request path: '/homepage/bower_components/bootstrap/dist/js/bootstrap.min.js'. Physical path: 'D:\Xamarin\BBCWebAPI\BBCWebAPI\wwwroot\homepage\bower_components\bootstrap\dist\js\bootstrap.min.js'
info: Microsoft.AspNetCore.Hosting.Internal.WebHost[1]
      Request starting HTTP/1.1 GET http://localhost:4000/components/images/edit.png  
info: Microsoft.AspNetCore.Hosting.Internal.WebHost[2]
      Request finished in 386.0174ms 200 application/javascript
info: Microsoft.AspNetCore.Hosting.Internal.WebHost[1]
      Request starting HTTP/1.1 GET http://localhost:4000/homepage/bower_components/font-awesome/fonts/fontawesome-webfont.woff2?v=4.7.0  
info: Microsoft.AspNetCore.StaticFiles.StaticFileMiddleware[2]
      Sending file. Request path: '/components/images/edit.png'. Physical path: 'D:\Xamarin\BBCWebAPI\BBCWebAPI\wwwroot\components\images\edit.png'
info: Microsoft.AspNetCore.StaticFiles.StaticFileMiddleware[2]
      Sending file. Request path: '/components/images/delete.png'. Physical path: 'D:\Xamarin\BBCWebAPI\BBCWebAPI\wwwroot\components\images\delete.png'
info: Microsoft.AspNetCore.Hosting.Internal.WebHost[2]
      Request finished in 313.1613ms 200 image/png
info: Microsoft.AspNetCore.StaticFiles.StaticFileMiddleware[2]
      Sending file. Request path: '/homepage/bower_components/font-awesome/fonts/fontawesome-webfont.woff2'. Physical path: 'D:\Xamarin\BBCWebAPI\BBCWebAPI\wwwroot\homepage\bower_components\font-awesome\fonts\fontawesome-webfont.woff2'
info: Microsoft.AspNetCore.Hosting.Internal.WebHost[2]
      Request finished in 523.2568ms 200 image/png
info: Microsoft.AspNetCore.Hosting.Internal.WebHost[2]
      Request finished in 376.8228ms 200 font/woff2
info: Microsoft.AspNetCore.StaticFiles.StaticFileMiddleware[2]
      Sending file. Request path: '/homepage/js/adminlte.min.js'. Physical path: 'D:\Xamarin\BBCWebAPI\BBCWebAPI\wwwroot\homepage\js\adminlte.min.js'
info: Microsoft.AspNetCore.Hosting.Internal.WebHost[2]
      Request finished in 818.9891ms 200 application/javascript
info: Microsoft.AspNetCore.StaticFiles.StaticFileMiddleware[2]
      Sending file. Request path: '/homepage/bower_components/jquery/dist/jquery.min.js'. Physical path: 'D:\Xamarin\BBCWebAPI\BBCWebAPI\wwwroot\homepage\bower_components\jquery\dist\jquery.min.js'
info: Microsoft.AspNetCore.Hosting.Internal.WebHost[2]
      Request finished in 1105.7407ms 200 application/javascript
info: Microsoft.AspNetCore.Hosting.Internal.WebHost[1]
      Request starting HTTP/1.1 GET http://localhost:4000/favicon.ico  
info: Microsoft.AspNetCore.Hosting.Internal.WebHost[2]
      Request finished in 11.576ms 404 
info: Microsoft.AspNetCore.Hosting.Internal.WebHost[1]
      Request starting HTTP/1.1 GET http://localhost:4000/HomePage/EditLessonPage?lessonID=7QNJxtAHxf  
info: Microsoft.AspNetCore.Mvc.Internal.ControllerActionInvoker[1]
      Route matched with {action = "ToEditLessonPage", controller = "Home"}. Executing action BBCWebAPI.Controllers.UI.HomeController.ToEditLessonPage (BBCWebAPI)
info: Microsoft.AspNetCore.Mvc.Internal.ControllerActionInvoker[1]
      Executing action method BBCWebAPI.Controllers.UI.HomeController.ToEditLessonPage (BBCWebAPI) with arguments (, , 7QNJxtAHxf) - Validation state: Valid
info: Microsoft.EntityFrameworkCore.Infrastructure[10403]
      Entity Framework Core 2.1.4-rtm-31024 initialized 'DataContext' using provider 'Microsoft.EntityFrameworkCore.SqlServer' with options: None
info: Microsoft.EntityFrameworkCore.Database.Command[20101]
      Executed DbCommand (245ms) [Parameters=[], CommandType='Text', CommandTimeout='30']
      SELECT [t].[ID], [t].[Name]
      FROM [Topic] AS [t]
info: Microsoft.EntityFrameworkCore.Database.Command[20101]
      Executed DbCommand (254ms) [Parameters=[@__lessonID_0='?' (Size = 450)], CommandType='Text', CommandTimeout='30']
      SELECT TOP(2) [lesson].[ID], [lesson].[Actor], [lesson].[CreatedDate], [lesson].[FileURLDowload], [lesson].[FileURLOnline], [lesson].[IDTP], [lesson].[ImageURL], [lesson].[Name], [lesson].[Sumary], [lesson].[Transcript], [lesson].[UpdatedDate], [lesson].[Vocabulary], [lesson].[Year]
      FROM [Lesson] AS [lesson]
      WHERE [lesson].[ID] = @__lessonID_0
info: Microsoft.AspNetCore.Mvc.Internal.ControllerActionInvoker[2]
      Executed action method BBCWebAPI.Controllers.UI.HomeController.ToEditLessonPage (BBCWebAPI), returned result Microsoft.AspNetCore.Mvc.ViewResult in 580.8491ms.
info: Microsoft.AspNetCore.Mvc.ViewFeatures.ViewResultExecutor[1]
      Executing ViewResult, running view Views/Pages/EditLessonPage.cshtml.
info: Microsoft.AspNetCore.Mvc.ViewFeatures.ViewResultExecutor[4]
      Executed ViewResult - view Views/Pages/EditLessonPage.cshtml executed in 370.5228ms.
info: Microsoft.AspNetCore.Mvc.Internal.ControllerActionInvoker[2]
      Executed action BBCWebAPI.Controllers.UI.HomeController.ToEditLessonPage (BBCWebAPI) in 988.2568ms
info: Microsoft.AspNetCore.Hosting.Internal.WebHost[2]
      Request finished in 1016.2253ms 200 text/html; charset=utf-8
info: Microsoft.AspNetCore.Hosting.Internal.WebHost[1]
      Request starting HTTP/1.1 GET http://localhost:4000/homepage/bower_components/bootstrap/dist/css/bootstrap.min.css  
info: Microsoft.AspNetCore.Hosting.Internal.WebHost[1]
      Request starting HTTP/1.1 GET http://localhost:4000/homepage/css/AdminLTE.min.css  
info: Microsoft.AspNetCore.Hosting.Internal.WebHost[1]
      Request starting HTTP/1.1 GET http://localhost:4000/homepage/bower_components/font-awesome/css/font-awesome.min.css  
info: Microsoft.AspNetCore.Hosting.Internal.WebHost[1]
      Request starting HTTP/1.1 GET http://localhost:4000/homepage/css/skins/skin-blue.min.css  
info: Microsoft.AspNetCore.Hosting.Internal.WebHost[1]
      Request starting HTTP/1.1 GET http://localhost:4000/homepage/bower_components/Ionicons/css/ionicons.min.css  
info: Microsoft.AspNetCore.Hosting.Internal.WebHost[1]
      Request starting HTTP/1.1 GET http://localhost:4000/homepage/image/avatarAdmin.jpg  
info: Microsoft.AspNetCore.StaticFiles.StaticFileMiddleware[2]
      Sending file. Request path: '/homepage/css/skins/skin-blue.min.css'. Physical path: 'D:\Xamarin\BBCWebAPI\BBCWebAPI\wwwroot\homepage\css\skins\skin-blue.min.css'
info: Microsoft.AspNetCore.StaticFiles.StaticFileMiddleware[2]
      Sending file. Request path: '/homepage/css/AdminLTE.min.css'. Physical path: 'D:\Xamarin\BBCWebAPI\BBCWebAPI\wwwroot\homepage\css\AdminLTE.min.css'
info: Microsoft.AspNetCore.StaticFiles.StaticFileMiddleware[2]
      Sending file. Request path: '/homepage/bower_components/bootstrap/dist/css/bootstrap.min.css'. Physical path: 'D:\Xamarin\BBCWebAPI\BBCWebAPI\wwwroot\homepage\bower_components\bootstrap\dist\css\bootstrap.min.css'
info: Microsoft.AspNetCore.StaticFiles.StaticFileMiddleware[2]
      Sending file. Request path: '/homepage/bower_components/font-awesome/css/font-awesome.min.css'. Physical path: 'D:\Xamarin\BBCWebAPI\BBCWebAPI\wwwroot\homepage\bower_components\font-awesome\css\font-awesome.min.css'
info: Microsoft.AspNetCore.Hosting.Internal.WebHost[2]
      Request finished in 45.2246ms 200 text/css
info: Microsoft.AspNetCore.Hosting.Internal.WebHost[2]
      Request finished in 55.26ms 200 text/css
info: Microsoft.AspNetCore.Hosting.Internal.WebHost[2]
      Request finished in 55.3323ms 200 text/css
info: Microsoft.AspNetCore.StaticFiles.StaticFileMiddleware[2]
      Sending file. Request path: '/homepage/image/avatarAdmin.jpg'. Physical path: 'D:\Xamarin\BBCWebAPI\BBCWebAPI\wwwroot\homepage\image\avatarAdmin.jpg'
info: Microsoft.AspNetCore.Hosting.Internal.WebHost[1]
      Request starting HTTP/1.1 GET http://localhost:4000/homepage/bower_components/bootstrap/dist/js/bootstrap.min.js  
info: Microsoft.AspNetCore.Hosting.Internal.WebHost[2]
      Request finished in 110.5057ms 200 image/jpeg
info: Microsoft.AspNetCore.Hosting.Internal.WebHost[1]
      Request starting HTTP/1.1 GET http://localhost:4000/homepage/js/adminlte.min.js  
info: Microsoft.AspNetCore.Hosting.Internal.WebHost[1]
      Request starting HTTP/1.1 GET http://localhost:4000/components/css/Edit.css  
info: Microsoft.AspNetCore.Hosting.Internal.WebHost[1]
      Request starting HTTP/1.1 GET http://localhost:4000/homepage/bower_components/jquery/dist/jquery.min.js  
info: Microsoft.AspNetCore.StaticFiles.StaticFileMiddleware[2]
      Sending file. Request path: '/homepage/js/adminlte.min.js'. Physical path: 'D:\Xamarin\BBCWebAPI\BBCWebAPI\wwwroot\homepage\js\adminlte.min.js'
info: Microsoft.AspNetCore.Hosting.Internal.WebHost[2]
      Request finished in 168.5541ms 200 text/css
info: Microsoft.AspNetCore.Hosting.Internal.WebHost[2]
      Request finished in 32.9022ms 200 application/javascript
info: Microsoft.AspNetCore.StaticFiles.StaticFileMiddleware[2]
      Sending file. Request path: '/components/css/Edit.css'. Physical path: 'D:\Xamarin\BBCWebAPI\BBCWebAPI\wwwroot\components\css\Edit.css'
info: Microsoft.AspNetCore.Hosting.Internal.WebHost[2]
      Request finished in 65.2535ms 200 text/css
info: Microsoft.AspNetCore.StaticFiles.StaticFileMiddleware[2]
      Sending file. Request path: '/homepage/bower_components/Ionicons/css/ionicons.min.css'. Physical path: 'D:\Xamarin\BBCWebAPI\BBCWebAPI\wwwroot\homepage\bower_components\Ionicons\css\ionicons.min.css'
info: Microsoft.AspNetCore.StaticFiles.StaticFileMiddleware[2]
      Sending file. Request path: '/homepage/bower_components/jquery/dist/jquery.min.js'. Physical path: 'D:\Xamarin\BBCWebAPI\BBCWebAPI\wwwroot\homepage\bower_components\jquery\dist\jquery.min.js'
info: Microsoft.AspNetCore.Hosting.Internal.WebHost[2]
      Request finished in 90.99ms 200 application/javascript
info: Microsoft.AspNetCore.Hosting.Internal.WebHost[2]
      Request finished in 258.8647ms 200 text/css
info: Microsoft.AspNetCore.StaticFiles.StaticFileMiddleware[2]
      Sending file. Request path: '/homepage/bower_components/bootstrap/dist/js/bootstrap.min.js'. Physical path: 'D:\Xamarin\BBCWebAPI\BBCWebAPI\wwwroot\homepage\bower_components\bootstrap\dist\js\bootstrap.min.js'
info: Microsoft.AspNetCore.Hosting.Internal.WebHost[2]
      Request finished in 237.961ms 200 application/javascript
info: Microsoft.AspNetCore.Hosting.Internal.WebHost[1]
      Request starting HTTP/1.1 GET http://localhost:4000/homepage/bower_components/font-awesome/fonts/fontawesome-webfont.woff2?v=4.7.0  
info: Microsoft.AspNetCore.StaticFiles.StaticFileMiddleware[2]
      Sending file. Request path: '/homepage/bower_components/font-awesome/fonts/fontawesome-webfont.woff2'. Physical path: 'D:\Xamarin\BBCWebAPI\BBCWebAPI\wwwroot\homepage\bower_components\font-awesome\fonts\fontawesome-webfont.woff2'
info: Microsoft.AspNetCore.Hosting.Internal.WebHost[2]
      Request finished in 279.1091ms 200 font/woff2
info: Microsoft.AspNetCore.Hosting.Internal.WebHost[1]
      Request starting HTTP/1.1 GET http://localhost:4000/HomePage  
info: Microsoft.AspNetCore.Mvc.Internal.ControllerActionInvoker[1]
      Route matched with {action = "HomePage", controller = "Home"}. Executing action BBCWebAPI.Controllers.UI.HomeController.HomePage (BBCWebAPI)
info: Microsoft.AspNetCore.Mvc.Internal.ControllerActionInvoker[1]
      Executing action method BBCWebAPI.Controllers.UI.HomeController.HomePage (BBCWebAPI) with arguments (, ) - Validation state: Valid
info: Microsoft.EntityFrameworkCore.Infrastructure[10403]
      Entity Framework Core 2.1.4-rtm-31024 initialized 'DataContext' using provider 'Microsoft.EntityFrameworkCore.SqlServer' with options: None
info: Microsoft.EntityFrameworkCore.Database.Command[20101]
      Executed DbCommand (247ms) [Parameters=[], CommandType='Text', CommandTimeout='30']
      SELECT [t].[ID], [t].[Name]
      FROM [Topic] AS [t]
info: Microsoft.EntityFrameworkCore.Database.Command[20101]
      Executed DbCommand (247ms) [Parameters=[], CommandType='Text', CommandTimeout='30']
      SELECT [lesson].[ID], [lesson].[Actor], [lesson].[CreatedDate], [lesson].[FileURLDowload], [lesson].[FileURLOnline], [lesson].[IDTP], [lesson].[ImageURL], [lesson].[Name], [lesson].[Sumary], [lesson].[Transcript], [lesson].[UpdatedDate], [lesson].[Vocabulary], [lesson].[Year]
      FROM [Lesson] AS [lesson]
      WHERE [lesson].[IDTP] = N'6M'
info: Microsoft.AspNetCore.Mvc.Internal.ControllerActionInvoker[2]
      Executed action method BBCWebAPI.Controllers.UI.HomeController.HomePage (BBCWebAPI), returned result Microsoft.AspNetCore.Mvc.ViewResult in 510.312ms.
info: Microsoft.AspNetCore.Mvc.ViewFeatures.ViewResultExecutor[1]
      Executing ViewResult, running view Views/Pages/HomePage.cshtml.
info: Microsoft.AspNetCore.Mvc.ViewFeatures.ViewResultExecutor[4]
      Executed ViewResult - view Views/Pages/HomePage.cshtml executed in 9.0115ms.
info: Microsoft.AspNetCore.Mvc.Internal.ControllerActionInvoker[2]
      Executed action BBCWebAPI.Controllers.UI.HomeController.HomePage (BBCWebAPI) in 546.3959ms
info: Microsoft.AspNetCore.Hosting.Internal.WebHost[1]
      Request starting HTTP/1.1 GET http://localhost:4000/homepage/bower_components/bootstrap/dist/css/bootstrap.min.css  
info: Microsoft.AspNetCore.Hosting.Internal.WebHost[1]
      Request starting HTTP/1.1 GET http://localhost:4000/homepage/css/AdminLTE.min.css  
info: Microsoft.AspNetCore.Hosting.Internal.WebHost[1]
      Request starting HTTP/1.1 GET http://localhost:4000/homepage/bower_components/Ionicons/css/ionicons.min.css  
info: Microsoft.AspNetCore.Hosting.Internal.WebHost[1]
      Request starting HTTP/1.1 GET http://localhost:4000/homepage/bower_components/font-awesome/css/font-awesome.min.css  
info: Microsoft.AspNetCore.Hosting.Internal.WebHost[2]
      Request finished in 631.2846ms 200 text/html; charset=utf-8
info: Microsoft.AspNetCore.Hosting.Internal.WebHost[1]
      Request starting HTTP/1.1 GET http://localhost:4000/homepage/css/skins/skin-blue.min.css  
info: Microsoft.AspNetCore.StaticFiles.StaticFileMiddleware[2]
      Sending file. Request path: '/homepage/bower_components/font-awesome/css/font-awesome.min.css'. Physical path: 'D:\Xamarin\BBCWebAPI\BBCWebAPI\wwwroot\homepage\bower_components\font-awesome\css\font-awesome.min.css'
info: Microsoft.AspNetCore.StaticFiles.StaticFileMiddleware[2]
      Sending file. Request path: '/homepage/css/AdminLTE.min.css'. Physical path: 'D:\Xamarin\BBCWebAPI\BBCWebAPI\wwwroot\homepage\css\AdminLTE.min.css'
info: Microsoft.AspNetCore.StaticFiles.StaticFileMiddleware[2]
      Sending file. Request path: '/homepage/css/skins/skin-blue.min.css'. Physical path: 'D:\Xamarin\BBCWebAPI\BBCWebAPI\wwwroot\homepage\css\skins\skin-blue.min.css'
info: Microsoft.AspNetCore.StaticFiles.StaticFileMiddleware[2]
      Sending file. Request path: '/homepage/bower_components/Ionicons/css/ionicons.min.css'. Physical path: 'D:\Xamarin\BBCWebAPI\BBCWebAPI\wwwroot\homepage\bower_components\Ionicons\css\ionicons.min.css'
info: Microsoft.AspNetCore.Hosting.Internal.WebHost[2]
      Request finished in 42.3008ms 200 text/css
info: Microsoft.AspNetCore.Hosting.Internal.WebHost[2]
      Request finished in 74.5052ms 200 text/css
info: Microsoft.AspNetCore.Hosting.Internal.WebHost[2]
      Request finished in 53.2082ms 200 text/css
info: Microsoft.AspNetCore.Hosting.Internal.WebHost[1]
      Request starting HTTP/1.1 GET http://localhost:4000/components/css/Detail.css  
info: Microsoft.AspNetCore.Hosting.Internal.WebHost[1]
      Request starting HTTP/1.1 GET http://localhost:4000/homepage/image/avatarAdmin.jpg  
info: Microsoft.AspNetCore.Hosting.Internal.WebHost[2]
      Request finished in 153.7734ms 200 text/css
info: Microsoft.AspNetCore.Hosting.Internal.WebHost[1]
      Request starting HTTP/1.1 GET http://localhost:4000/homepage/bower_components/bootstrap/dist/js/bootstrap.min.js  
info: Microsoft.AspNetCore.StaticFiles.StaticFileMiddleware[2]
      Sending file. Request path: '/components/css/Detail.css'. Physical path: 'D:\Xamarin\BBCWebAPI\BBCWebAPI\wwwroot\components\css\Detail.css'
info: Microsoft.AspNetCore.Hosting.Internal.WebHost[1]
      Request starting HTTP/1.1 GET http://localhost:4000/homepage/bower_components/jquery/dist/jquery.min.js  
info: Microsoft.AspNetCore.Hosting.Internal.WebHost[2]
      Request finished in 43.493ms 200 text/css
info: Microsoft.AspNetCore.StaticFiles.StaticFileMiddleware[2]
      Sending file. Request path: '/homepage/bower_components/bootstrap/dist/css/bootstrap.min.css'. Physical path: 'D:\Xamarin\BBCWebAPI\BBCWebAPI\wwwroot\homepage\bower_components\bootstrap\dist\css\bootstrap.min.css'
info: Microsoft.AspNetCore.Hosting.Internal.WebHost[1]
      Request starting HTTP/1.1 GET http://localhost:4000/homepage/js/adminlte.min.js  
info: Microsoft.AspNetCore.Hosting.Internal.WebHost[2]
      Request finished in 229.2426ms 200 text/css
info: Microsoft.AspNetCore.StaticFiles.StaticFileMiddleware[2]
      Sending file. Request path: '/homepage/image/avatarAdmin.jpg'. Physical path: 'D:\Xamarin\BBCWebAPI\BBCWebAPI\wwwroot\homepage\image\avatarAdmin.jpg'
info: Microsoft.AspNetCore.StaticFiles.StaticFileMiddleware[2]
      Sending file. Request path: '/homepage/bower_components/bootstrap/dist/js/bootstrap.min.js'. Physical path: 'D:\Xamarin\BBCWebAPI\BBCWebAPI\wwwroot\homepage\bower_components\bootstrap\dist\js\bootstrap.min.js'
info: Microsoft.AspNetCore.StaticFiles.StaticFileMiddleware[2]
      Sending file. Request path: '/homepage/js/adminlte.min.js'. Physical path: 'D:\Xamarin\BBCWebAPI\BBCWebAPI\wwwroot\homepage\js\adminlte.min.js'
info: Microsoft.AspNetCore.Hosting.Internal.WebHost[2]
      Request finished in 203.7175ms 200 image/jpeg
info: Microsoft.AspNetCore.Hosting.Internal.WebHost[1]
      Request starting HTTP/1.1 GET http://localhost:4000/components/images/edit.png  
info: Microsoft.AspNetCore.Hosting.Internal.WebHost[2]
      Request finished in 164.5966ms 200 application/javascript
info: Microsoft.AspNetCore.Hosting.Internal.WebHost[1]
      Request starting HTTP/1.1 GET http://localhost:4000/components/images/delete.png  
info: Microsoft.AspNetCore.Hosting.Internal.WebHost[1]
      Request starting HTTP/1.1 GET http://localhost:4000/homepage/bower_components/font-awesome/fonts/fontawesome-webfont.woff2?v=4.7.0  
info: Microsoft.AspNetCore.Hosting.Internal.WebHost[2]
      Request finished in 284.0929ms 200 application/javascript
info: Microsoft.AspNetCore.StaticFiles.StaticFileMiddleware[2]
      Sending file. Request path: '/components/images/edit.png'. Physical path: 'D:\Xamarin\BBCWebAPI\BBCWebAPI\wwwroot\components\images\edit.png'
info: Microsoft.AspNetCore.StaticFiles.StaticFileMiddleware[2]
      Sending file. Request path: '/components/images/delete.png'. Physical path: 'D:\Xamarin\BBCWebAPI\BBCWebAPI\wwwroot\components\images\delete.png'
info: Microsoft.AspNetCore.Hosting.Internal.WebHost[2]
      Request finished in 175.4136ms 200 image/png
info: Microsoft.AspNetCore.Hosting.Internal.WebHost[2]
      Request finished in 123.0897ms 200 image/png
info: Microsoft.AspNetCore.StaticFiles.StaticFileMiddleware[2]
      Sending file. Request path: '/homepage/bower_components/font-awesome/fonts/fontawesome-webfont.woff2'. Physical path: 'D:\Xamarin\BBCWebAPI\BBCWebAPI\wwwroot\homepage\bower_components\font-awesome\fonts\fontawesome-webfont.woff2'
info: Microsoft.AspNetCore.Hosting.Internal.WebHost[2]
      Request finished in 143.9002ms 200 font/woff2
info: Microsoft.AspNetCore.StaticFiles.StaticFileMiddleware[2]
      Sending file. Request path: '/homepage/bower_components/jquery/dist/jquery.min.js'. Physical path: 'D:\Xamarin\BBCWebAPI\BBCWebAPI\wwwroot\homepage\bower_components\jquery\dist\jquery.min.js'
info: Microsoft.AspNetCore.Hosting.Internal.WebHost[2]
      Request finished in 470.7539ms 200 application/javascript






















































































